{"meta": {"format": 3, "version": "7.10.6", "timestamp": "2025-09-19T22:19:06.970095", "branch_coverage": true, "show_contexts": false}, "files": {"spiral_memory.py": {"executed_lines": [1, 7, 9, 10, 11, 12, 13, 14, 15, 17, 18, 20, 21, 23, 24, 25, 31, 34, 37, 38, 39, 50, 51, 52, 53, 54, 55, 58, 61, 62, 63, 65, 66, 67, 69, 70, 72, 73, 75, 81, 82, 83, 85, 86, 87, 88, 90, 91, 92, 95, 98, 100, 103, 105, 106, 107, 108, 109, 110, 111, 112, 113, 114, 117, 130, 131, 132, 133, 134, 135, 136, 137, 139, 140, 148, 149, 150, 154, 157, 159, 160, 162, 163, 164, 165, 166, 167, 168, 170, 171, 172, 173, 174, 175, 178, 181, 184, 187], "summary": {"covered_lines": 80, "num_statements": 81, "percent_covered": 97.0873786407767, "percent_covered_display": "97", "missing_lines": 1, "excluded_lines": 29, "num_branches": 22, "num_partial_branches": 2, "covered_branches": 20, "missing_branches": 2}, "missing_lines": [104], "excluded_lines": [23, 24, 25, 26, 27, 28, 29, 56, 57, 61, 62, 63, 64, 65, 66, 67, 68, 69, 70, 71, 72, 73, 74, 75, 76, 77, 78, 136, 137], "executed_branches": [[52, 53], [52, 54], [54, 55], [54, 58], [91, -90], [91, 92], [103, 105], [105, 106], [105, 109], [111, 112], [111, 114], [112, 111], [112, 113], [132, 133], [132, 139], [165, 166], [165, 171], [167, 168], [167, 170], [172, 173]], "missing_branches": [[103, 104], [172, 175]], "functions": {"_connect": {"executed_lines": [37, 38, 39, 50, 51, 52, 53, 54, 55, 58], "summary": {"covered_lines": 10, "num_statements": 10, "percent_covered": 100.0, "percent_covered_display": "100", "missing_lines": 0, "excluded_lines": 2, "num_branches": 4, "num_partial_branches": 0, "covered_branches": 4, "missing_branches": 0}, "missing_lines": [], "excluded_lines": [56, 57], "executed_branches": [[52, 53], [52, 54], [54, 55], [54, 58]], "missing_branches": []}, "RecursiveTransformer.__post_init__": {"executed_lines": [70, 72, 73], "summary": {"covered_lines": 0, "num_statements": 0, "percent_covered": 100.0, "percent_covered_display": "100", "missing_lines": 0, "excluded_lines": 4, "num_branches": 0, "num_partial_branches": 0, "covered_branches": 0, "missing_branches": 0}, "missing_lines": [], "excluded_lines": [70, 71, 72, 73], "executed_branches": [], "missing_branches": []}, "RecursiveTransformer.__call__": {"executed_lines": [], "summary": {"covered_lines": 0, "num_statements": 0, "percent_covered": 100.0, "percent_covered_display": "100", "missing_lines": 0, "excluded_lines": 3, "num_branches": 0, "num_partial_branches": 0, "covered_branches": 0, "missing_branches": 0}, "missing_lines": [], "excluded_lines": [76, 77, 78], "executed_branches": [], "missing_branches": []}, "SpiralMemory.__post_init__": {"executed_lines": [91, 92], "summary": {"covered_lines": 2, "num_statements": 2, "percent_covered": 100.0, "percent_covered_display": "100", "missing_lines": 0, "excluded_lines": 0, "num_branches": 2, "num_partial_branches": 0, "covered_branches": 2, "missing_branches": 0}, "missing_lines": [], "excluded_lines": [], "executed_branches": [[91, -90], [91, 92]], "missing_branches": []}, "SpiralMemory.add_layer": {"executed_lines": [98], "summary": {"covered_lines": 1, "num_statements": 1, "percent_covered": 100.0, "percent_covered_display": "100", "missing_lines": 0, "excluded_lines": 0, "num_branches": 0, "num_partial_branches": 0, "covered_branches": 0, "missing_branches": 0}, "missing_lines": [], "excluded_lines": [], "executed_branches": [], "missing_branches": []}, "SpiralMemory.aggregate": {"executed_lines": [103, 105, 106, 107, 108, 109, 110, 111, 112, 113, 114], "summary": {"covered_lines": 11, "num_statements": 12, "percent_covered": 90.0, "percent_covered_display": "90", "missing_lines": 1, "excluded_lines": 0, "num_branches": 8, "num_partial_branches": 1, "covered_branches": 7, "missing_branches": 1}, "missing_lines": [104], "excluded_lines": [], "executed_branches": [[103, 105], [105, 106], [105, 109], [111, 112], [111, 114], [112, 111], [112, 113]], "missing_branches": [[103, 104]]}, "SpiralMemory.register_event": {"executed_lines": [130, 131, 132, 133, 134, 135, 136, 137, 139, 140], "summary": {"covered_lines": 8, "num_statements": 8, "percent_covered": 100.0, "percent_covered_display": "100", "missing_lines": 0, "excluded_lines": 2, "num_branches": 2, "num_partial_branches": 0, "covered_branches": 2, "missing_branches": 0}, "missing_lines": [], "excluded_lines": [136, 137], "executed_branches": [[132, 133], [132, 139]], "missing_branches": []}, "SpiralMemory._load_events": {"executed_lines": [149, 150, 154], "summary": {"covered_lines": 3, "num_statements": 3, "percent_covered": 100.0, "percent_covered_display": "100", "missing_lines": 0, "excluded_lines": 0, "num_branches": 0, "num_partial_branches": 0, "covered_branches": 0, "missing_branches": 0}, "missing_lines": [], "excluded_lines": [], "executed_branches": [], "missing_branches": []}, "SpiralMemory.recall": {"executed_lines": [159, 160, 162, 163, 164, 165, 166, 167, 168, 170, 171, 172, 173, 174, 175], "summary": {"covered_lines": 15, "num_statements": 15, "percent_covered": 95.23809523809524, "percent_covered_display": "95", "missing_lines": 0, "excluded_lines": 0, "num_branches": 6, "num_partial_branches": 1, "covered_branches": 5, "missing_branches": 1}, "missing_lines": [], "excluded_lines": [], "executed_branches": [[165, 166], [165, 171], [167, 168], [167, 170], [172, 173]], "missing_branches": [[172, 175]]}, "spiral_recall": {"executed_lines": [184], "summary": {"covered_lines": 1, "num_statements": 1, "percent_covered": 100.0, "percent_covered_display": "100", "missing_lines": 0, "excluded_lines": 0, "num_branches": 0, "num_partial_branches": 0, "covered_branches": 0, "missing_branches": 0}, "missing_lines": [], "excluded_lines": [], "executed_branches": [], "missing_branches": []}, "": {"executed_lines": [1, 7, 9, 10, 11, 12, 13, 14, 15, 17, 18, 20, 21, 23, 24, 25, 31, 34, 61, 62, 63, 65, 66, 67, 69, 75, 81, 82, 83, 85, 86, 87, 88, 90, 95, 100, 117, 148, 157, 178, 181, 187], "summary": {"covered_lines": 29, "num_statements": 29, "percent_covered": 100.0, "percent_covered_display": "100", "missing_lines": 0, "excluded_lines": 18, "num_branches": 0, "num_partial_branches": 0, "covered_branches": 0, "missing_branches": 0}, "missing_lines": [], "excluded_lines": [23, 24, 25, 26, 27, 28, 29, 61, 62, 63, 64, 65, 66, 67, 68, 69, 74, 75], "executed_branches": [], "missing_branches": []}}, "classes": {"RecursiveTransformer": {"executed_lines": [70, 72, 73], "summary": {"covered_lines": 0, "num_statements": 0, "percent_covered": 100.0, "percent_covered_display": "100", "missing_lines": 0, "excluded_lines": 7, "num_branches": 0, "num_partial_branches": 0, "covered_branches": 0, "missing_branches": 0}, "missing_lines": [], "excluded_lines": [70, 71, 72, 73, 76, 77, 78], "executed_branches": [], "missing_branches": []}, "SpiralMemory": {"executed_lines": [91, 92, 98, 103, 105, 106, 107, 108, 109, 110, 111, 112, 113, 114, 130, 131, 132, 133, 134, 135, 136, 137, 139, 140, 149, 150, 154, 159, 160, 162, 163, 164, 165, 166, 167, 168, 170, 171, 172, 173, 174, 175], "summary": {"covered_lines": 40, "num_statements": 41, "percent_covered": 94.91525423728814, "percent_covered_display": "95", "missing_lines": 1, "excluded_lines": 2, "num_branches": 18, "num_partial_branches": 2, "covered_branches": 16, "missing_branches": 2}, "missing_lines": [104], "excluded_lines": [136, 137], "executed_branches": [[91, -90], [91, 92], [103, 105], [105, 106], [105, 109], [111, 112], [111, 114], [112, 111], [112, 113], [132, 133], [132, 139], [165, 166], [165, 171], [167, 168], [167, 170], [172, 173]], "missing_branches": [[103, 104], [172, 175]]}, "": {"executed_lines": [1, 7, 9, 10, 11, 12, 13, 14, 15, 17, 18, 20, 21, 23, 24, 25, 31, 34, 37, 38, 39, 50, 51, 52, 53, 54, 55, 58, 61, 62, 63, 65, 66, 67, 69, 75, 81, 82, 83, 85, 86, 87, 88, 90, 95, 100, 117, 148, 157, 178, 181, 184, 187], "summary": {"covered_lines": 40, "num_statements": 40, "percent_covered": 100.0, "percent_covered_display": "100", "missing_lines": 0, "excluded_lines": 20, "num_branches": 4, "num_partial_branches": 0, "covered_branches": 4, "missing_branches": 0}, "missing_lines": [], "excluded_lines": [23, 24, 25, 26, 27, 28, 29, 56, 57, 61, 62, 63, 64, 65, 66, 67, 68, 69, 74, 75], "executed_branches": [[52, 53], [52, 54], [54, 55], [54, 58]], "missing_branches": []}}}, "spiral_os": {"executed_lines": [2, 3, 5, 6, 7, 8, 9, 11, 13, 16, 23, 24, 25, 26, 27, 28, 29, 30, 31, 32, 33, 35, 36, 39, 40, 41, 42, 43, 44, 45, 46, 49, 52, 54, 55, 57, 58, 60, 61, 63, 65, 66, 67, 69, 70, 73], "summary": {"covered_lines": 45, "num_statements": 47, "percent_covered": 91.2280701754386, "percent_covered_display": "91", "missing_lines": 2, "excluded_lines": 0, "num_branches": 10, "num_partial_branches": 3, "covered_branches": 7, "missing_branches": 3}, "missing_lines": [37, 74], "excluded_lines": [], "executed_branches": [[36, 39], [39, -16], [39, 40], [41, 42], [65, 66], [65, 69], [73, -1]], "missing_branches": [[36, 37], [41, 39], [73, 74]], "functions": {"deploy_pipeline": {"executed_lines": [23, 24, 25, 26, 27, 28, 29, 30, 31, 32, 33, 35, 36, 39, 40, 41, 42, 43, 44, 45, 46, 49], "summary": {"covered_lines": 22, "num_statements": 23, "percent_covered": 89.65517241379311, "percent_covered_display": "90", "missing_lines": 1, "excluded_lines": 0, "num_branches": 6, "num_partial_branches": 2, "covered_branches": 4, "missing_branches": 2}, "missing_lines": [37], "excluded_lines": [], "executed_branches": [[36, 39], [39, -16], [39, 40], [41, 42]], "missing_branches": [[36, 37], [41, 39]]}, "main": {"executed_lines": [54, 55, 57, 58, 60, 61, 63, 65, 66, 67, 69, 70], "summary": {"covered_lines": 12, "num_statements": 12, "percent_covered": 100.0, "percent_covered_display": "100", "missing_lines": 0, "excluded_lines": 0, "num_branches": 2, "num_partial_branches": 0, "covered_branches": 2, "missing_branches": 0}, "missing_lines": [], "excluded_lines": [], "executed_branches": [[65, 66], [65, 69]], "missing_branches": []}, "": {"executed_lines": [2, 3, 5, 6, 7, 8, 9, 11, 13, 16, 52, 73], "summary": {"covered_lines": 11, "num_statements": 12, "percent_covered": 85.71428571428571, "percent_covered_display": "86", "missing_lines": 1, "excluded_lines": 0, "num_branches": 2, "num_partial_branches": 1, "covered_branches": 1, "missing_branches": 1}, "missing_lines": [74], "excluded_lines": [], "executed_branches": [[73, -1]], "missing_branches": [[73, 74]]}}, "classes": {"": {"executed_lines": [2, 3, 5, 6, 7, 8, 9, 11, 13, 16, 23, 24, 25, 26, 27, 28, 29, 30, 31, 32, 33, 35, 36, 39, 40, 41, 42, 43, 44, 45, 46, 49, 52, 54, 55, 57, 58, 60, 61, 63, 65, 66, 67, 69, 70, 73], "summary": {"covered_lines": 45, "num_statements": 47, "percent_covered": 91.2280701754386, "percent_covered_display": "91", "missing_lines": 2, "excluded_lines": 0, "num_branches": 10, "num_partial_branches": 3, "covered_branches": 7, "missing_branches": 3}, "missing_lines": [37, 74], "excluded_lines": [], "executed_branches": [[36, 39], [39, -16], [39, 40], [41, 42], [65, 66], [65, 69], [73, -1]], "missing_branches": [[36, 37], [41, 39], [73, 74]]}}}, "spiral_vector_db/__init__.py": {"executed_lines": [1, 3, 5, 6, 7, 8, 9, 11, 13, 14, 18, 19, 21, 22, 23, 25, 26, 28, 29, 32, 34, 35, 37, 38, 39, 40, 41, 42, 43, 46, 47, 48, 49, 52, 54, 55, 56, 57, 58, 59, 60, 61, 62, 63, 64, 65, 66, 67, 69, 70, 71, 72, 73, 76, 80, 81, 82, 84, 85, 86, 87, 88, 89, 91, 93, 94, 95, 96, 97, 98, 99, 100, 101, 102, 103, 105, 106, 107, 108, 110, 111, 112, 113, 114, 115, 116, 117, 118, 121], "summary": {"covered_lines": 79, "num_statements": 80, "percent_covered": 96.42857142857143, "percent_covered_display": "96", "missing_lines": 1, "excluded_lines": 12, "num_branches": 32, "num_partial_branches": 3, "covered_branches": 29, "missing_branches": 3}, "missing_lines": [104], "excluded_lines": [13, 14, 15, 16, 18, 19, 20, 21, 22, 23, 34, 35], "executed_branches": [[37, 38], [37, 39], [39, 40], [47, 48], [47, 49], [55, 56], [55, 57], [61, 62], [61, 73], [64, 65], [64, 66], [66, 67], [66, 69], [81, 82], [81, 84], [88, 89], [88, 91], [94, 95], [94, 117], [95, 96], [97, 98], [97, 101], [98, 97], [98, 99], [101, 102], [101, 103], [103, 105], [105, 106], [105, 110]], "missing_branches": [[39, 43], [95, 103], [103, 104]], "functions": {"init_db": {"executed_lines": [34, 35, 37, 38, 39, 40, 41, 42, 43], "summary": {"covered_lines": 7, "num_statements": 7, "percent_covered": 90.9090909090909, "percent_covered_display": "91", "missing_lines": 0, "excluded_lines": 2, "num_branches": 4, "num_partial_branches": 1, "covered_branches": 3, "missing_branches": 1}, "missing_lines": [], "excluded_lines": [34, 35], "executed_branches": [[37, 38], [37, 39], [39, 40]], "missing_branches": [[39, 43]]}, "_get_collection": {"executed_lines": [47, 48, 49], "summary": {"covered_lines": 3, "num_statements": 3, "percent_covered": 100.0, "percent_covered_display": "100", "missing_lines": 0, "excluded_lines": 0, "num_branches": 2, "num_partial_branches": 0, "covered_branches": 2, "missing_branches": 0}, "missing_lines": [], "excluded_lines": [], "executed_branches": [[47, 48], [47, 49]], "missing_branches": []}, "insert_embeddings": {"executed_lines": [54, 55, 56, 57, 58, 59, 60, 61, 62, 63, 64, 65, 66, 67, 69, 70, 71, 72, 73], "summary": {"covered_lines": 19, "num_statements": 19, "percent_covered": 100.0, "percent_covered_display": "100", "missing_lines": 0, "excluded_lines": 0, "num_branches": 8, "num_partial_branches": 0, "covered_branches": 8, "missing_branches": 0}, "missing_lines": [], "excluded_lines": [], "executed_branches": [[55, 56], [55, 57], [61, 62], [61, 73], [64, 65], [64, 66], [66, 67], [66, 69]], "missing_branches": []}, "query_embeddings": {"executed_lines": [80, 81, 82, 84, 85, 86, 87, 88, 89, 91, 93, 94, 95, 96, 97, 98, 99, 100, 101, 102, 103, 105, 106, 107, 108, 110, 111, 112, 113, 114, 115, 116, 117, 118], "summary": {"covered_lines": 34, "num_statements": 35, "percent_covered": 94.33962264150944, "percent_covered_display": "94", "missing_lines": 1, "excluded_lines": 0, "num_branches": 18, "num_partial_branches": 2, "covered_branches": 16, "missing_branches": 2}, "missing_lines": [104], "excluded_lines": [], "executed_branches": [[81, 82], [81, 84], [88, 89], [88, 91], [94, 95], [94, 117], [95, 96], [97, 98], [97, 101], [98, 97], [98, 99], [101, 102], [101, 103], [103, 105], [105, 106], [105, 110]], "missing_branches": [[95, 103], [103, 104]]}, "": {"executed_lines": [1, 3, 5, 6, 7, 8, 9, 11, 13, 14, 18, 19, 21, 22, 23, 25, 26, 28, 29, 32, 46, 52, 76, 121], "summary": {"covered_lines": 16, "num_statements": 16, "percent_covered": 100.0, "percent_covered_display": "100", "missing_lines": 0, "excluded_lines": 10, "num_branches": 0, "num_partial_branches": 0, "covered_branches": 0, "missing_branches": 0}, "missing_lines": [], "excluded_lines": [13, 14, 15, 16, 18, 19, 20, 21, 22, 23], "executed_branches": [], "missing_branches": []}}, "classes": {"": {"executed_lines": [1, 3, 5, 6, 7, 8, 9, 11, 13, 14, 18, 19, 21, 22, 23, 25, 26, 28, 29, 32, 34, 35, 37, 38, 39, 40, 41, 42, 43, 46, 47, 48, 49, 52, 54, 55, 56, 57, 58, 59, 60, 61, 62, 63, 64, 65, 66, 67, 69, 70, 71, 72, 73, 76, 80, 81, 82, 84, 85, 86, 87, 88, 89, 91, 93, 94, 95, 96, 97, 98, 99, 100, 101, 102, 103, 105, 106, 107, 108, 110, 111, 112, 113, 114, 115, 116, 117, 118, 121], "summary": {"covered_lines": 79, "num_statements": 80, "percent_covered": 96.42857142857143, "percent_covered_display": "96", "missing_lines": 1, "excluded_lines": 12, "num_branches": 32, "num_partial_branches": 3, "covered_branches": 29, "missing_branches": 3}, "missing_lines": [104], "excluded_lines": [13, 14, 15, 16, 18, 19, 20, 21, 22, 23, 34, 35], "executed_branches": [[37, 38], [37, 39], [39, 40], [47, 48], [47, 49], [55, 56], [55, 57], [61, 62], [61, 73], [64, 65], [64, 66], [66, 67], [66, 69], [81, 82], [81, 84], [88, 89], [88, 91], [94, 95], [94, 117], [95, 96], [97, 98], [97, 101], [98, 97], [98, 99], [101, 102], [101, 103], [103, 105], [105, 106], [105, 110]], "missing_branches": [[39, 43], [95, 103], [103, 104]]}}}, "src/spiral_os/__init__.py": {"executed_lines": [1, 3], "summary": {"covered_lines": 1, "num_statements": 1, "percent_covered": 100.0, "percent_covered_display": "100", "missing_lines": 0, "excluded_lines": 0, "num_branches": 0, "num_partial_branches": 0, "covered_branches": 0, "missing_branches": 0}, "missing_lines": [], "excluded_lines": [], "executed_branches": [], "missing_branches": [], "functions": {"": {"executed_lines": [1, 3], "summary": {"covered_lines": 1, "num_statements": 1, "percent_covered": 100.0, "percent_covered_display": "100", "missing_lines": 0, "excluded_lines": 0, "num_branches": 0, "num_partial_branches": 0, "covered_branches": 0, "missing_branches": 0}, "missing_lines": [], "excluded_lines": [], "executed_branches": [], "missing_branches": []}}, "classes": {"": {"executed_lines": [1, 3], "summary": {"covered_lines": 1, "num_statements": 1, "percent_covered": 100.0, "percent_covered_display": "100", "missing_lines": 0, "excluded_lines": 0, "num_branches": 0, "num_partial_branches": 0, "covered_branches": 0, "missing_branches": 0}, "missing_lines": [], "excluded_lines": [], "executed_branches": [], "missing_branches": []}}}, "src/spiral_os/__main__.py": {"executed_lines": [1, 3, 5, 6, 7, 8, 9, 11, 13, 16, 18, 19, 20, 25, 26, 27, 29, 30, 31, 32, 33, 44, 51, 53, 54, 56, 57, 58, 59, 61, 64, 68, 70, 71, 72, 73, 74, 75, 77, 78, 81], "summary": {"covered_lines": 40, "num_statements": 49, "percent_covered": 81.9672131147541, "percent_covered_display": "82", "missing_lines": 9, "excluded_lines": 0, "num_branches": 12, "num_partial_branches": 2, "covered_branches": 10, "missing_branches": 2}, "missing_lines": [21, 22, 23, 37, 38, 41, 46, 48, 82], "excluded_lines": [], "executed_branches": [[26, 27], [26, 29], [29, -16], [29, 30], [31, 32], [70, 71], [70, 73], [73, 74], [73, 77], [81, -1]], "missing_branches": [[31, 29], [81, 82]], "functions": {"deploy_pipeline": {"executed_lines": [18, 19, 20, 25, 26, 27, 29, 30, 31, 32, 33], "summary": {"covered_lines": 11, "num_statements": 17, "percent_covered": 69.56521739130434, "percent_covered_display": "70", "missing_lines": 6, "excluded_lines": 0, "num_branches": 6, "num_partial_branches": 1, "covered_branches": 5, "missing_branches": 1}, "missing_lines": [21, 22, 23, 37, 38, 41], "excluded_lines": [], "executed_branches": [[26, 27], [26, 29], [29, -16], [29, 30], [31, 32]], "missing_branches": [[31, 29]]}, "start_os": {"executed_lines": [], "summary": {"covered_lines": 0, "num_statements": 2, "percent_covered": 0.0, "percent_covered_display": "0", "missing_lines": 2, "excluded_lines": 0, "num_branches": 0, "num_partial_branches": 0, "covered_branches": 0, "missing_branches": 0}, "missing_lines": [46, 48], "excluded_lines": [], "executed_branches": [], "missing_branches": []}, "main": {"executed_lines": [53, 54, 56, 57, 58, 59, 61, 64, 68, 70, 71, 72, 73, 74, 75, 77, 78], "summary": {"covered_lines": 17, "num_statements": 17, "percent_covered": 100.0, "percent_covered_display": "100", "missing_lines": 0, "excluded_lines": 0, "num_branches": 4, "num_partial_branches": 0, "covered_branches": 4, "missing_branches": 0}, "missing_lines": [], "excluded_lines": [], "executed_branches": [[70, 71], [70, 73], [73, 74], [73, 77]], "missing_branches": []}, "": {"executed_lines": [1, 3, 5, 6, 7, 8, 9, 11, 13, 16, 44, 51, 81], "summary": {"covered_lines": 12, "num_statements": 13, "percent_covered": 86.66666666666667, "percent_covered_display": "87", "missing_lines": 1, "excluded_lines": 0, "num_branches": 2, "num_partial_branches": 1, "covered_branches": 1, "missing_branches": 1}, "missing_lines": [82], "excluded_lines": [], "executed_branches": [[81, -1]], "missing_branches": [[81, 82]]}}, "classes": {"": {"executed_lines": [1, 3, 5, 6, 7, 8, 9, 11, 13, 16, 18, 19, 20, 25, 26, 27, 29, 30, 31, 32, 33, 44, 51, 53, 54, 56, 57, 58, 59, 61, 64, 68, 70, 71, 72, 73, 74, 75, 77, 78, 81], "summary": {"covered_lines": 40, "num_statements": 49, "percent_covered": 81.9672131147541, "percent_covered_display": "82", "missing_lines": 9, "excluded_lines": 0, "num_branches": 12, "num_partial_branches": 2, "covered_branches": 10, "missing_branches": 2}, "missing_lines": [21, 22, 23, 37, 38, 41, 46, 48, 82], "excluded_lines": [], "executed_branches": [[26, 27], [26, 29], [29, -16], [29, 30], [31, 32], [70, 71], [70, 73], [73, 74], [73, 77], [81, -1]], "missing_branches": [[31, 29], [81, 82]]}}}, "src/spiral_os/_hf_stub.py": {"executed_lines": [1, 9, 12, 14, 17, 18], "summary": {"covered_lines": 4, "num_statements": 4, "percent_covered": 100.0, "percent_covered_display": "100", "missing_lines": 0, "excluded_lines": 0, "num_branches": 0, "num_partial_branches": 0, "covered_branches": 0, "missing_branches": 0}, "missing_lines": [], "excluded_lines": [], "executed_branches": [], "missing_branches": [], "functions": {"snapshot_download": {"executed_lines": [14], "summary": {"covered_lines": 1, "num_statements": 1, "percent_covered": 100.0, "percent_covered_display": "100", "missing_lines": 0, "excluded_lines": 0, "num_branches": 0, "num_partial_branches": 0, "covered_branches": 0, "missing_branches": 0}, "missing_lines": [], "excluded_lines": [], "executed_branches": [], "missing_branches": []}, "": {"executed_lines": [1, 9, 12, 17, 18], "summary": {"covered_lines": 3, "num_statements": 3, "percent_covered": 100.0, "percent_covered_display": "100", "missing_lines": 0, "excluded_lines": 0, "num_branches": 0, "num_partial_branches": 0, "covered_branches": 0, "missing_branches": 0}, "missing_lines": [], "excluded_lines": [], "executed_branches": [], "missing_branches": []}}, "classes": {"HfHubHTTPError": {"executed_lines": [], "summary": {"covered_lines": 0, "num_statements": 0, "percent_covered": 100.0, "percent_covered_display": "100", "missing_lines": 0, "excluded_lines": 0, "num_branches": 0, "num_partial_branches": 0, "covered_branches": 0, "missing_branches": 0}, "missing_lines": [], "excluded_lines": [], "executed_branches": [], "missing_branches": []}, "": {"executed_lines": [1, 9, 12, 14, 17, 18], "summary": {"covered_lines": 4, "num_statements": 4, "percent_covered": 100.0, "percent_covered_display": "100", "missing_lines": 0, "excluded_lines": 0, "num_branches": 0, "num_partial_branches": 0, "covered_branches": 0, "missing_branches": 0}, "missing_lines": [], "excluded_lines": [], "executed_branches": [], "missing_branches": []}}}, "src/spiral_os/chakra_cycle.py": {"executed_lines": [2, 4, 6, 8, 9, 10, 11, 13, 16, 27, 28, 29, 31, 32, 33, 36, 37, 39, 44, 45, 47, 48, 49, 52, 55, 58, 61, 62, 63, 64, 65, 66, 67, 70, 73, 74, 75, 79, 82, 85, 88, 91, 94], "summary": {"covered_lines": 40, "num_statements": 41, "percent_covered": 95.74468085106383, "percent_covered_display": "96", "missing_lines": 1, "excluded_lines": 0, "num_branches": 6, "num_partial_branches": 1, "covered_branches": 5, "missing_branches": 1}, "missing_lines": [76], "excluded_lines": [], "executed_branches": [[48, -39], [48, 49], [63, 64], [63, 67], [74, 75]], "missing_branches": [[74, 76]], "functions": {"ChakraCycle.__init__": {"executed_lines": [44, 45, 47, 48, 49], "summary": {"covered_lines": 5, "num_statements": 5, "percent_covered": 100.0, "percent_covered_display": "100", "missing_lines": 0, "excluded_lines": 0, "num_branches": 2, "num_partial_branches": 0, "covered_branches": 2, "missing_branches": 0}, "missing_lines": [], "excluded_lines": [], "executed_branches": [[48, -39], [48, 49]], "missing_branches": []}, "ChakraCycle.get_cycle": {"executed_lines": [55], "summary": {"covered_lines": 1, "num_statements": 1, "percent_covered": 100.0, "percent_covered_display": "100", "missing_lines": 0, "excluded_lines": 0, "num_branches": 0, "num_partial_branches": 0, "covered_branches": 0, "missing_branches": 0}, "missing_lines": [], "excluded_lines": [], "executed_branches": [], "missing_branches": []}, "ChakraCycle.emit_heartbeat": {"executed_lines": [61, 62, 63, 64, 65, 66, 67], "summary": {"covered_lines": 7, "num_statements": 7, "percent_covered": 100.0, "percent_covered_display": "100", "missing_lines": 0, "excluded_lines": 0, "num_branches": 2, "num_partial_branches": 0, "covered_branches": 2, "missing_branches": 0}, "missing_lines": [], "excluded_lines": [], "executed_branches": [[63, 64], [63, 67]], "missing_branches": []}, "ChakraCycle.scheduler": {"executed_lines": [73, 74, 75], "summary": {"covered_lines": 3, "num_statements": 4, "percent_covered": 66.66666666666667, "percent_covered_display": "67", "missing_lines": 1, "excluded_lines": 0, "num_branches": 2, "num_partial_branches": 1, "covered_branches": 1, "missing_branches": 1}, "missing_lines": [76], "excluded_lines": [], "executed_branches": [[74, 75]], "missing_branches": [[74, 76]]}, "get_cycle": {"executed_lines": [85], "summary": {"covered_lines": 1, "num_statements": 1, "percent_covered": 100.0, "percent_covered_display": "100", "missing_lines": 0, "excluded_lines": 0, "num_branches": 0, "num_partial_branches": 0, "covered_branches": 0, "missing_branches": 0}, "missing_lines": [], "excluded_lines": [], "executed_branches": [], "missing_branches": []}, "emit_heartbeat": {"executed_lines": [91], "summary": {"covered_lines": 1, "num_statements": 1, "percent_covered": 100.0, "percent_covered_display": "100", "missing_lines": 0, "excluded_lines": 0, "num_branches": 0, "num_partial_branches": 0, "covered_branches": 0, "missing_branches": 0}, "missing_lines": [], "excluded_lines": [], "executed_branches": [], "missing_branches": []}, "": {"executed_lines": [2, 4, 6, 8, 9, 10, 11, 13, 16, 27, 28, 29, 31, 32, 33, 36, 37, 39, 52, 58, 70, 79, 82, 88, 94], "summary": {"covered_lines": 22, "num_statements": 22, "percent_covered": 100.0, "percent_covered_display": "100", "missing_lines": 0, "excluded_lines": 0, "num_branches": 0, "num_partial_branches": 0, "covered_branches": 0, "missing_branches": 0}, "missing_lines": [], "excluded_lines": [], "executed_branches": [], "missing_branches": []}}, "classes": {"Heartbeat": {"executed_lines": [], "summary": {"covered_lines": 0, "num_statements": 0, "percent_covered": 100.0, "percent_covered_display": "100", "missing_lines": 0, "excluded_lines": 0, "num_branches": 0, "num_partial_branches": 0, "covered_branches": 0, "missing_branches": 0}, "missing_lines": [], "excluded_lines": [], "executed_branches": [], "missing_branches": []}, "ChakraCycle": {"executed_lines": [44, 45, 47, 48, 49, 55, 61, 62, 63, 64, 65, 66, 67, 73, 74, 75], "summary": {"covered_lines": 16, "num_statements": 17, "percent_covered": 91.30434782608695, "percent_covered_display": "91", "missing_lines": 1, "excluded_lines": 0, "num_branches": 6, "num_partial_branches": 1, "covered_branches": 5, "missing_branches": 1}, "missing_lines": [76], "excluded_lines": [], "executed_branches": [[48, -39], [48, 49], [63, 64], [63, 67], [74, 75]], "missing_branches": [[74, 76]]}, "": {"executed_lines": [2, 4, 6, 8, 9, 10, 11, 13, 16, 27, 28, 29, 31, 32, 33, 36, 37, 39, 52, 58, 70, 79, 82, 85, 88, 91, 94], "summary": {"covered_lines": 24, "num_statements": 24, "percent_covered": 100.0, "percent_covered_display": "100", "missing_lines": 0, "excluded_lines": 0, "num_branches": 0, "num_partial_branches": 0, "covered_branches": 0, "missing_branches": 0}, "missing_lines": [], "excluded_lines": [], "executed_branches": [], "missing_branches": []}}}, "src/spiral_os/pulse_emitter.py": {"executed_lines": [1, 3, 5, 6, 8, 10, 12, 21, 24, 28, 29, 30, 31, 32, 35, 37, 40], "summary": {"covered_lines": 16, "num_statements": 16, "percent_covered": 100.0, "percent_covered_display": "100", "missing_lines": 0, "excluded_lines": 0, "num_branches": 2, "num_partial_branches": 0, "covered_branches": 2, "missing_branches": 0}, "missing_lines": [], "excluded_lines": [], "executed_branches": [[30, 31], [30, 32]], "missing_branches": [], "functions": {"emit_pulse": {"executed_lines": [28, 29, 30, 31, 32], "summary": {"covered_lines": 5, "num_statements": 5, "percent_covered": 100.0, "percent_covered_display": "100", "missing_lines": 0, "excluded_lines": 0, "num_branches": 2, "num_partial_branches": 0, "covered_branches": 2, "missing_branches": 0}, "missing_lines": [], "excluded_lines": [], "executed_branches": [[30, 31], [30, 32]], "missing_branches": []}, "run": {"executed_lines": [37], "summary": {"covered_lines": 1, "num_statements": 1, "percent_covered": 100.0, "percent_covered_display": "100", "missing_lines": 0, "excluded_lines": 0, "num_branches": 0, "num_partial_branches": 0, "covered_branches": 0, "missing_branches": 0}, "missing_lines": [], "excluded_lines": [], "executed_branches": [], "missing_branches": []}, "": {"executed_lines": [1, 3, 5, 6, 8, 10, 12, 21, 24, 35, 40], "summary": {"covered_lines": 10, "num_statements": 10, "percent_covered": 100.0, "percent_covered_display": "100", "missing_lines": 0, "excluded_lines": 0, "num_branches": 0, "num_partial_branches": 0, "covered_branches": 0, "missing_branches": 0}, "missing_lines": [], "excluded_lines": [], "executed_branches": [], "missing_branches": []}}, "classes": {"": {"executed_lines": [1, 3, 5, 6, 8, 10, 12, 21, 24, 28, 29, 30, 31, 32, 35, 37, 40], "summary": {"covered_lines": 16, "num_statements": 16, "percent_covered": 100.0, "percent_covered_display": "100", "missing_lines": 0, "excluded_lines": 0, "num_branches": 2, "num_partial_branches": 0, "covered_branches": 2, "missing_branches": 0}, "missing_lines": [], "excluded_lines": [], "executed_branches": [[30, 31], [30, 32]], "missing_branches": []}}}, "src/spiral_os/start_spiral_os.py": {"executed_lines": [2, 3, 5, 6, 7, 8, 9, 10, 11, 12, 14, 15, 17, 18, 19, 20, 21, 22, 23, 24, 25, 26, 27, 28, 29, 30, 31, 33, 34, 36, 37, 40, 41, 42, 43, 46, 47, 49, 52, 53, 54, 66, 67, 68, 69, 70, 71, 74, 75, 76, 81, 86, 91, 96, 105, 113, 114, 120, 125, 127, 128, 130, 131, 134, 135, 137, 138, 139, 140, 141, 142, 143, 145, 146, 147, 148, 149, 154, 156, 158, 159, 160, 161, 164, 166, 167, 168, 169, 171, 173, 174, 175, 176, 177, 180, 181, 182, 184, 185, 186, 188, 189, 190, 191, 193, 194, 195, 196, 197, 198, 200, 201, 202, 203, 204, 206, 207, 208, 209, 210, 211, 212, 213, 214, 215, 216, 217, 218, 219, 222, 224, 225, 226, 227, 229, 230, 231, 233, 239, 243, 244, 245, 248], "summary": {"covered_lines": 131, "num_statements": 145, "percent_covered": 87.97814207650273, "percent_covered_display": "88", "missing_lines": 14, "excluded_lines": 25, "num_branches": 38, "num_partial_branches": 8, "covered_branches": 30, "missing_branches": 8}, "missing_lines": [55, 56, 57, 58, 59, 60, 61, 64, 129, 132, 133, 223, 240, 241], "excluded_lines": [36, 37, 38, 39, 42, 43, 44, 45, 62, 63, 65, 66, 67, 68, 69, 70, 71, 72, 73, 162, 163, 178, 179, 248, 249], "executed_branches": [[127, 128], [127, 137], [128, 130], [137, 138], [137, 145], [138, 139], [138, 140], [141, 142], [141, 143], [146, 147], [147, 148], [147, 149], [159, -158], [159, 160], [167, 168], [195, 196], [195, 200], [197, 198], [202, 203], [210, 211], [210, 212], [212, 213], [212, 214], [214, 215], [214, 218], [222, 224], [230, 231], [239, 243], [244, -52], [244, 245]], "missing_branches": [[128, 129], [146, 156], [167, 171], [197, 200], [202, 204], [222, 223], [230, 233], [239, 240]], "functions": {"main": {"executed_lines": [53, 54, 66, 67, 68, 69, 70, 71, 74, 75, 76, 81, 86, 91, 96, 105, 113, 114, 120, 125, 127, 128, 130, 131, 134, 135, 137, 138, 139, 140, 141, 142, 143, 145, 146, 147, 148, 149, 154, 156, 158, 166, 167, 168, 169, 171, 173, 174, 175, 176, 177, 180, 181, 182, 184, 185, 186, 188, 189, 190, 191, 193, 194, 195, 196, 197, 198, 200, 201, 202, 203, 204, 206, 207, 208, 209, 210, 211, 212, 213, 214, 215, 216, 217, 218, 219, 222, 224, 225, 226, 227, 229, 230, 231, 233, 239, 243, 244, 245], "summary": {"covered_lines": 93, "num_statements": 107, "percent_covered": 84.61538461538461, "percent_covered_display": "85", "missing_lines": 14, "excluded_lines": 13, "num_branches": 36, "num_partial_branches": 8, "covered_branches": 28, "missing_branches": 8}, "missing_lines": [55, 56, 57, 58, 59, 60, 61, 64, 129, 132, 133, 223, 240, 241], "excluded_lines": [62, 63, 65, 66, 67, 68, 69, 70, 71, 72, 73, 178, 179], "executed_branches": [[127, 128], [127, 137], [128, 130], [137, 138], [137, 145], [138, 139], [138, 140], [141, 142], [141, 143], [146, 147], [147, 148], [147, 149], [167, 168], [195, 196], [195, 200], [197, 198], [202, 203], [210, 211], [210, 212], [212, 213], [212, 214], [214, 215], [214, 218], [222, 224], [230, 231], [239, 243], [244, -52], [244, 245]], "missing_branches": [[128, 129], [146, 156], [167, 171], [197, 200], [202, 204], [222, 223], [230, 233], [239, 240]]}, "main._run_reflection": {"executed_lines": [159, 160, 161, 164], "summary": {"covered_lines": 4, "num_statements": 4, "percent_covered": 100.0, "percent_covered_display": "100", "missing_lines": 0, "excluded_lines": 2, "num_branches": 2, "num_partial_branches": 0, "covered_branches": 2, "missing_branches": 0}, "missing_lines": [], "excluded_lines": [162, 163], "executed_branches": [[159, -158], [159, 160]], "missing_branches": []}, "": {"executed_lines": [2, 3, 5, 6, 7, 8, 9, 10, 11, 12, 14, 15, 17, 18, 19, 20, 21, 22, 23, 24, 25, 26, 27, 28, 29, 30, 31, 33, 34, 36, 37, 40, 41, 42, 43, 46, 47, 49, 52, 248], "summary": {"covered_lines": 34, "num_statements": 34, "percent_covered": 100.0, "percent_covered_display": "100", "missing_lines": 0, "excluded_lines": 10, "num_branches": 0, "num_partial_branches": 0, "covered_branches": 0, "missing_branches": 0}, "missing_lines": [], "excluded_lines": [36, 37, 38, 39, 42, 43, 44, 45, 248, 249], "executed_branches": [], "missing_branches": []}}, "classes": {"": {"executed_lines": [2, 3, 5, 6, 7, 8, 9, 10, 11, 12, 14, 15, 17, 18, 19, 20, 21, 22, 23, 24, 25, 26, 27, 28, 29, 30, 31, 33, 34, 36, 37, 40, 41, 42, 43, 46, 47, 49, 52, 53, 54, 66, 67, 68, 69, 70, 71, 74, 75, 76, 81, 86, 91, 96, 105, 113, 114, 120, 125, 127, 128, 130, 131, 134, 135, 137, 138, 139, 140, 141, 142, 143, 145, 146, 147, 148, 149, 154, 156, 158, 159, 160, 161, 164, 166, 167, 168, 169, 171, 173, 174, 175, 176, 177, 180, 181, 182, 184, 185, 186, 188, 189, 190, 191, 193, 194, 195, 196, 197, 198, 200, 201, 202, 203, 204, 206, 207, 208, 209, 210, 211, 212, 213, 214, 215, 216, 217, 218, 219, 222, 224, 225, 226, 227, 229, 230, 231, 233, 239, 243, 244, 245, 248], "summary": {"covered_lines": 131, "num_statements": 145, "percent_covered": 87.97814207650273, "percent_covered_display": "88", "missing_lines": 14, "excluded_lines": 25, "num_branches": 38, "num_partial_branches": 8, "covered_branches": 30, "missing_branches": 8}, "missing_lines": [55, 56, 57, 58, 59, 60, 61, 64, 129, 132, 133, 223, 240, 241], "excluded_lines": [36, 37, 38, 39, 42, 43, 44, 45, 62, 63, 65, 66, 67, 68, 69, 70, 71, 72, 73, 162, 163, 178, 179, 248, 249], "executed_branches": [[127, 128], [127, 137], [128, 130], [137, 138], [137, 145], [138, 139], [138, 140], [141, 142], [141, 143], [146, 147], [147, 148], [147, 149], [159, -158], [159, 160], [167, 168], [195, 196], [195, 200], [197, 198], [202, 203], [210, 211], [210, 212], [212, 213], [212, 214], [214, 215], [214, 218], [222, 224], [230, 231], [239, 243], [244, -52], [244, 245]], "missing_branches": [[128, 129], [146, 156], [167, 171], [197, 200], [202, 204], [222, 223], [230, 233], [239, 240]]}}}, "start_spiral_os.py": {"executed_lines": [2, 3, 5, 6, 7, 8, 9, 10, 11, 12, 13, 15, 16, 18, 19, 20, 21, 22, 23, 24, 25, 26, 27, 28, 29, 30, 31, 32, 34, 35, 38, 39, 40, 41, 44, 45, 47, 48, 50, 53, 54, 55, 56, 57, 58, 59, 60, 61, 62, 64, 65, 67, 68, 69, 70, 71, 74, 75, 76, 77, 82, 87, 92, 97, 106, 114, 115, 121, 126, 131, 132, 133, 136, 137, 138, 140, 141, 142, 144, 146, 147, 148, 150, 151, 152, 154, 156, 157, 158, 159, 160, 161, 162, 163, 164, 166, 167, 168, 174, 175, 176, 177, 178, 183, 185, 187, 188, 189, 190, 193, 195, 196, 197, 198, 200, 202, 203, 204, 205, 206, 208, 209, 210, 211, 212, 214, 215, 216, 218, 219, 220, 221, 223, 224, 225, 226, 227, 228, 230, 231, 232, 233, 234, 236, 237, 238, 239, 240, 241, 242, 243, 244, 245, 246, 247, 248, 249, 252, 254, 255, 256, 257, 259, 260, 261, 263, 269, 270, 271, 273, 274, 275, 278], "summary": {"covered_lines": 159, "num_statements": 166, "percent_covered": 94.28571428571429, "percent_covered_display": "94", "missing_lines": 7, "excluded_lines": 25, "num_branches": 44, "num_partial_branches": 3, "covered_branches": 39, "missing_branches": 5}, "missing_lines": [139, 149, 169, 170, 171, 172, 253], "excluded_lines": [34, 35, 36, 37, 40, 41, 42, 43, 63, 64, 66, 67, 68, 69, 70, 71, 72, 73, 74, 191, 192, 207, 208, 278, 279], "executed_branches": [[132, 133], [132, 136], [136, 137], [136, 144], [146, 147], [146, 154], [156, 157], [156, 166], [157, 158], [157, 159], [166, 167], [166, 174], [167, 168], [175, 176], [175, 185], [176, 177], [176, 178], [188, -187], [188, 189], [196, 197], [196, 200], [225, 226], [225, 230], [227, 228], [232, 233], [232, 234], [240, 241], [240, 242], [242, 243], [242, 244], [244, 245], [244, 248], [252, 254], [260, 261], [260, 263], [269, 270], [269, 273], [274, -53], [274, 275]], "missing_branches": [[167, 169], [170, 171], [170, 172], [227, 230], [252, 253]], "functions": {"main": {"executed_lines": [54, 55, 56, 57, 58, 59, 60, 61, 62, 64, 65, 67, 68, 69, 70, 71, 74, 75, 76, 77, 82, 87, 92, 97, 106, 114, 115, 121, 126, 131, 132, 133, 136, 137, 138, 140, 141, 142, 144, 146, 147, 148, 150, 151, 152, 154, 156, 157, 158, 159, 160, 161, 162, 163, 164, 166, 167, 168, 174, 175, 176, 177, 178, 183, 185, 187, 195, 196, 197, 198, 200, 202, 203, 204, 205, 206, 208, 209, 210, 211, 212, 214, 215, 216, 218, 219, 220, 221, 223, 224, 225, 226, 227, 228, 230, 231, 232, 233, 234, 236, 237, 238, 239, 240, 241, 242, 243, 244, 245, 246, 247, 248, 249, 252, 254, 255, 256, 257, 259, 260, 261, 263, 269, 270, 271, 273, 274, 275], "summary": {"covered_lines": 120, "num_statements": 127, "percent_covered": 92.89940828402366, "percent_covered_display": "93", "missing_lines": 7, "excluded_lines": 13, "num_branches": 42, "num_partial_branches": 3, "covered_branches": 37, "missing_branches": 5}, "missing_lines": [139, 149, 169, 170, 171, 172, 253], "excluded_lines": [63, 64, 66, 67, 68, 69, 70, 71, 72, 73, 74, 207, 208], "executed_branches": [[132, 133], [132, 136], [136, 137], [136, 144], [146, 147], [146, 154], [156, 157], [156, 166], [157, 158], [157, 159], [166, 167], [166, 174], [167, 168], [175, 176], [175, 185], [176, 177], [176, 178], [196, 197], [196, 200], [225, 226], [225, 230], [227, 228], [232, 233], [232, 234], [240, 241], [240, 242], [242, 243], [242, 244], [244, 245], [244, 248], [252, 254], [260, 261], [260, 263], [269, 270], [269, 273], [274, -53], [274, 275]], "missing_branches": [[167, 169], [170, 171], [170, 172], [227, 230], [252, 253]]}, "main._run_reflection": {"executed_lines": [188, 189, 190, 193], "summary": {"covered_lines": 4, "num_statements": 4, "percent_covered": 100.0, "percent_covered_display": "100", "missing_lines": 0, "excluded_lines": 2, "num_branches": 2, "num_partial_branches": 0, "covered_branches": 2, "missing_branches": 0}, "missing_lines": [], "excluded_lines": [191, 192], "executed_branches": [[188, -187], [188, 189]], "missing_branches": []}, "": {"executed_lines": [2, 3, 5, 6, 7, 8, 9, 10, 11, 12, 13, 15, 16, 18, 19, 20, 21, 22, 23, 24, 25, 26, 27, 28, 29, 30, 31, 32, 34, 35, 38, 39, 40, 41, 44, 45, 47, 48, 50, 53, 278], "summary": {"covered_lines": 35, "num_statements": 35, "percent_covered": 100.0, "percent_covered_display": "100", "missing_lines": 0, "excluded_lines": 10, "num_branches": 0, "num_partial_branches": 0, "covered_branches": 0, "missing_branches": 0}, "missing_lines": [], "excluded_lines": [34, 35, 36, 37, 40, 41, 42, 43, 278, 279], "executed_branches": [], "missing_branches": []}}, "classes": {"": {"executed_lines": [2, 3, 5, 6, 7, 8, 9, 10, 11, 12, 13, 15, 16, 18, 19, 20, 21, 22, 23, 24, 25, 26, 27, 28, 29, 30, 31, 32, 34, 35, 38, 39, 40, 41, 44, 45, 47, 48, 50, 53, 54, 55, 56, 57, 58, 59, 60, 61, 62, 64, 65, 67, 68, 69, 70, 71, 74, 75, 76, 77, 82, 87, 92, 97, 106, 114, 115, 121, 126, 131, 132, 133, 136, 137, 138, 140, 141, 142, 144, 146, 147, 148, 150, 151, 152, 154, 156, 157, 158, 159, 160, 161, 162, 163, 164, 166, 167, 168, 174, 175, 176, 177, 178, 183, 185, 187, 188, 189, 190, 193, 195, 196, 197, 198, 200, 202, 203, 204, 205, 206, 208, 209, 210, 211, 212, 214, 215, 216, 218, 219, 220, 221, 223, 224, 225, 226, 227, 228, 230, 231, 232, 233, 234, 236, 237, 238, 239, 240, 241, 242, 243, 244, 245, 246, 247, 248, 249, 252, 254, 255, 256, 257, 259, 260, 261, 263, 269, 270, 271, 273, 274, 275, 278], "summary": {"covered_lines": 159, "num_statements": 166, "percent_covered": 94.28571428571429, "percent_covered_display": "94", "missing_lines": 7, "excluded_lines": 25, "num_branches": 44, "num_partial_branches": 3, "covered_branches": 39, "missing_branches": 5}, "missing_lines": [139, 149, 169, 170, 171, 172, 253], "excluded_lines": [34, 35, 36, 37, 40, 41, 42, 43, 63, 64, 66, 67, 68, 69, 70, 71, 72, 73, 74, 191, 192, 207, 208, 278, 279], "executed_branches": [[132, 133], [132, 136], [136, 137], [136, 144], [146, 147], [146, 154], [156, 157], [156, 166], [157, 158], [157, 159], [166, 167], [166, 174], [167, 168], [175, 176], [175, 185], [176, 177], [176, 178], [188, -187], [188, 189], [196, 197], [196, 200], [225, 226], [225, 230], [227, 228], [232, 233], [232, 234], [240, 241], [240, 242], [242, 243], [242, 244], [244, 245], [244, 248], [252, 254], [260, 261], [260, 263], [269, 270], [269, 273], [274, -53], [274, 275]], "missing_branches": [[167, 169], [170, 171], [170, 172], [227, 230], [252, 253]]}}}, "vector_memory.py": {"executed_lines": [1, 7, 9, 10, 11, 12, 13, 14, 15, 16, 17, 18, 19, 21, 22, 23, 25, 26, 30, 31, 35, 36, 37, 38, 40, 41, 45, 46, 57, 58, 61, 62, 64, 65, 67, 68, 69, 70, 73, 74, 75, 77, 78, 79, 82, 83, 84, 85, 86, 87, 88, 89, 90, 91, 92, 93, 96, 114, 115, 116, 117, 118, 119, 120, 121, 122, 123, 126, 127, 128, 129, 130, 131, 132, 133, 134, 135, 136, 137, 138, 139, 142, 143, 144, 145, 151, 152, 153, 158, 161, 162, 163, 164, 165, 166, 171, 178, 179, 180, 181, 184, 187, 188, 189, 190, 191, 193, 194, 195, 196, 197, 198, 199, 202, 204, 207, 208, 209, 210, 211, 217, 220, 221, 223, 224, 225, 228, 231, 233, 235, 238, 239, 240, 241, 242, 243, 244, 245, 246, 247, 248, 249, 250, 255, 257, 258, 259, 260, 261, 262, 263, 264, 265, 266, 268, 271, 274, 276, 277, 278, 279, 280, 281, 282, 285, 286, 287, 288, 289, 293, 294, 299, 300, 303, 305, 306, 309, 310, 311, 312, 313, 314, 315, 316, 317, 318, 319, 322, 330, 331, 332, 334, 335, 336, 337, 338, 339, 340, 341, 351, 352, 353, 354, 355, 356, 357, 358, 359, 360, 361, 363, 364, 365, 366, 367, 368, 369, 371, 372, 373, 374, 375, 376, 379, 387, 390, 397, 398, 399, 400, 401, 402, 403, 406, 407, 408, 409, 410, 411, 412, 413, 414, 415, 418, 422, 423, 424, 425, 426, 427, 428, 429, 430, 431, 432, 433, 434, 435, 436, 437, 440, 441, 442, 443, 444, 445, 446, 447, 448, 451, 452, 453, 454, 457, 459, 462, 464, 465, 466, 467, 468, 469, 472, 475, 476, 477, 479, 480, 482, 483, 484, 485, 486, 491, 492, 493, 494, 499, 502, 503, 504, 505, 506, 507, 508, 509, 510, 511, 516, 518, 519, 520, 522, 523, 524, 525, 527, 530, 533, 534, 535, 536, 537, 538, 539, 541, 542, 543, 544, 545, 546, 547, 548, 549, 550, 551, 552, 555, 558, 561, 562, 563, 564, 570, 572, 573, 574, 575, 576, 577, 580, 583, 584, 585, 587, 588, 589, 591, 592, 593, 596, 597, 598, 599, 600, 601, 602, 603, 609, 610, 611, 612, 613, 614, 617, 624, 625, 626, 627, 628, 629, 631, 632, 634, 635, 636, 641, 642, 643, 644, 647, 650, 653, 654, 655, 657, 658, 659, 660, 661, 662, 663, 664, 665, 668], "summary": {"covered_lines": 377, "num_statements": 393, "percent_covered": 93.43339587242026, "percent_covered_display": "93", "missing_lines": 16, "excluded_lines": 64, "num_branches": 140, "num_partial_branches": 19, "covered_branches": 121, "missing_branches": 19}, "missing_lines": [234, 284, 295, 296, 345, 346, 405, 458, 513, 521, 526, 571, 586, 590, 594, 656], "excluded_lines": [25, 26, 27, 28, 30, 31, 32, 33, 35, 36, 37, 38, 40, 41, 42, 43, 45, 46, 47, 49, 50, 51, 53, 54, 154, 155, 167, 168, 204, 205, 224, 225, 226, 227, 251, 252, 269, 270, 297, 298, 312, 313, 410, 411, 412, 455, 456, 495, 496, 553, 554, 575, 576, 577, 604, 605, 606, 607, 608, 645, 646, 663, 664, 665], "executed_branches": [[114, 115], [114, 118], [118, 119], [118, 120], [120, 121], [120, 126], [121, 122], [121, 123], [126, 127], [126, 129], [132, 133], [132, 134], [134, 135], [134, 136], [136, -96], [136, 137], [179, 180], [179, 181], [187, 188], [187, 193], [208, 209], [208, 228], [210, 211], [210, 217], [220, 221], [220, 223], [233, 235], [241, 242], [241, 243], [243, 244], [243, 247], [244, 245], [244, 247], [245, 244], [245, 246], [247, -238], [247, 248], [258, 259], [258, 260], [265, 266], [265, 268], [281, 282], [294, 299], [305, -303], [305, 306], [315, 316], [315, 317], [317, 318], [317, 319], [339, 340], [351, 352], [351, 375], [352, 353], [352, 360], [354, 355], [354, 358], [355, 354], [355, 356], [358, 359], [358, 360], [360, 361], [360, 363], [366, 367], [366, 368], [368, 369], [368, 371], [402, 403], [408, 409], [408, 413], [424, 425], [424, 436], [425, 426], [425, 433], [427, 428], [427, 431], [428, 427], [428, 429], [431, 432], [431, 433], [443, 444], [443, 446], [444, 443], [444, 445], [446, 447], [452, -451], [452, 453], [457, 459], [464, 465], [464, 466], [476, 477], [476, 479], [504, 505], [504, 518], [505, 506], [508, 509], [509, 508], [509, 510], [518, 519], [520, 522], [525, 527], [538, 539], [538, 541], [550, 551], [550, 555], [562, 563], [562, 564], [570, 572], [585, 587], [589, 591], [592, 593], [592, 598], [593, 596], [610, 611], [610, 614], [612, 613], [627, 628], [627, 631], [642, 643], [655, 657], [659, 660], [659, 661]], "missing_branches": [[233, 234], [281, 284], [294, 295], [339, 345], [402, 405], [446, -440], [457, 458], [505, 516], [508, 513], [518, 523], [520, 521], [525, 526], [570, 571], [585, 586], [589, 590], [593, 594], [612, 610], [642, 647], [655, 656]], "functions": {"_default_embed": {"executed_lines": [58], "summary": {"covered_lines": 1, "num_statements": 1, "percent_covered": 100.0, "percent_covered_display": "100", "missing_lines": 0, "excluded_lines": 0, "num_branches": 0, "num_partial_branches": 0, "covered_branches": 0, "missing_branches": 0}, "missing_lines": [], "excluded_lines": [], "executed_branches": [], "missing_branches": []}, "configure": {"executed_lines": [114, 115, 116, 117, 118, 119, 120, 121, 122, 123, 126, 127, 128, 129, 130, 131, 132, 133, 134, 135, 136, 137, 138, 139], "summary": {"covered_lines": 24, "num_statements": 24, "percent_covered": 100.0, "percent_covered_display": "100", "missing_lines": 0, "excluded_lines": 0, "num_branches": 16, "num_partial_branches": 0, "covered_branches": 16, "missing_branches": 0}, "missing_lines": [], "excluded_lines": [], "executed_branches": [[114, 115], [114, 118], [118, 119], [118, 120], [120, 121], [120, 126], [121, 122], [121, 123], [126, 127], [126, 129], [132, 133], [132, 134], [134, 135], [134, 136], [136, -96], [136, 137]], "missing_branches": []}, "_log": {"executed_lines": [143, 144, 145, 151, 152, 153], "summary": {"covered_lines": 6, "num_statements": 6, "percent_covered": 100.0, "percent_covered_display": "100", "missing_lines": 0, "excluded_lines": 2, "num_branches": 0, "num_partial_branches": 0, "covered_branches": 0, "missing_branches": 0}, "missing_lines": [], "excluded_lines": [154, 155], "executed_branches": [], "missing_branches": []}, "_log_narrative": {"executed_lines": [161, 162, 163, 164, 165, 166], "summary": {"covered_lines": 6, "num_statements": 6, "percent_covered": 100.0, "percent_covered_display": "100", "missing_lines": 0, "excluded_lines": 2, "num_branches": 0, "num_partial_branches": 0, "covered_branches": 0, "missing_branches": 0}, "missing_lines": [], "excluded_lines": [167, 168], "executed_branches": [], "missing_branches": []}, "embed_text": {"executed_lines": [178, 179, 180, 181], "summary": {"covered_lines": 4, "num_statements": 4, "percent_covered": 100.0, "percent_covered_display": "100", "missing_lines": 0, "excluded_lines": 0, "num_branches": 2, "num_partial_branches": 0, "covered_branches": 2, "missing_branches": 0}, "missing_lines": [], "excluded_lines": [], "executed_branches": [[179, 180], [179, 181]], "missing_branches": []}, "cosine_similarity": {"executed_lines": [187, 188, 189, 190, 191, 193, 194, 195, 196, 197, 198, 199], "summary": {"covered_lines": 12, "num_statements": 12, "percent_covered": 100.0, "percent_covered_display": "100", "missing_lines": 0, "excluded_lines": 0, "num_branches": 2, "num_partial_branches": 0, "covered_branches": 2, "missing_branches": 0}, "missing_lines": [], "excluded_lines": [], "executed_branches": [[187, 188], [187, 193]], "missing_branches": []}, "_get_store": {"executed_lines": [204, 207, 208, 209, 210, 211, 217, 220, 221, 223, 224, 225, 228], "summary": {"covered_lines": 10, "num_statements": 10, "percent_covered": 100.0, "percent_covered_display": "100", "missing_lines": 0, "excluded_lines": 6, "num_branches": 6, "num_partial_branches": 0, "covered_branches": 6, "missing_branches": 0}, "missing_lines": [], "excluded_lines": [204, 205, 224, 225, 226, 227], "executed_branches": [[208, 209], [208, 228], [210, 211], [210, 217], [220, 221], [220, 223]], "missing_branches": []}, "_get_collection": {"executed_lines": [233, 235], "summary": {"covered_lines": 2, "num_statements": 3, "percent_covered": 60.0, "percent_covered_display": "60", "missing_lines": 1, "excluded_lines": 0, "num_branches": 2, "num_partial_branches": 1, "covered_branches": 1, "missing_branches": 1}, "missing_lines": [234], "excluded_lines": [], "executed_branches": [[233, 235]], "missing_branches": [[233, 234]]}, "_vacuum_files": {"executed_lines": [239, 240, 241, 242, 243, 244, 245, 246, 247, 248, 249, 250], "summary": {"covered_lines": 12, "num_statements": 12, "percent_covered": 100.0, "percent_covered_display": "100", "missing_lines": 0, "excluded_lines": 2, "num_branches": 10, "num_partial_branches": 0, "covered_branches": 10, "missing_branches": 0}, "missing_lines": [], "excluded_lines": [251, 252], "executed_branches": [[241, 242], [241, 243], [243, 244], [243, 247], [244, 245], [244, 247], [245, 244], [245, 246], [247, -238], [247, 248]], "missing_branches": []}, "_after_write": {"executed_lines": [257, 258, 259, 260, 261, 262, 263, 264, 265, 266, 268, 271], "summary": {"covered_lines": 12, "num_statements": 12, "percent_covered": 100.0, "percent_covered_display": "100", "missing_lines": 0, "excluded_lines": 2, "num_branches": 4, "num_partial_branches": 0, "covered_branches": 4, "missing_branches": 0}, "missing_lines": [], "excluded_lines": [269, 270], "executed_branches": [[258, 259], [258, 260], [265, 266], [265, 268]], "missing_branches": []}, "add_vector": {"executed_lines": [276, 277, 278, 279, 280, 281, 282, 285, 286, 287, 288, 289, 293, 294, 299, 300], "summary": {"covered_lines": 16, "num_statements": 19, "percent_covered": 78.26086956521739, "percent_covered_display": "78", "missing_lines": 3, "excluded_lines": 2, "num_branches": 4, "num_partial_branches": 2, "covered_branches": 2, "missing_branches": 2}, "missing_lines": [284, 295, 296], "excluded_lines": [297, 298], "executed_branches": [[281, 282], [294, 299]], "missing_branches": [[281, 284], [294, 295]]}, "add_vectors": {"executed_lines": [305, 306], "summary": {"covered_lines": 2, "num_statements": 2, "percent_covered": 100.0, "percent_covered_display": "100", "missing_lines": 0, "excluded_lines": 0, "num_branches": 2, "num_partial_branches": 0, "covered_branches": 2, "missing_branches": 0}, "missing_lines": [], "excluded_lines": [], "executed_branches": [[305, -303], [305, 306]], "missing_branches": []}, "_decay": {"executed_lines": [310, 311, 312, 313, 314, 315, 316, 317, 318, 319], "summary": {"covered_lines": 8, "num_statements": 8, "percent_covered": 100.0, "percent_covered_display": "100", "missing_lines": 0, "excluded_lines": 2, "num_branches": 4, "num_partial_branches": 0, "covered_branches": 4, "missing_branches": 0}, "missing_lines": [], "excluded_lines": [312, 313], "executed_branches": [[315, 316], [315, 317], [317, 318], [317, 319]], "missing_branches": []}, "search": {"executed_lines": [330, 331, 332, 334, 335, 336, 337, 338, 339, 340, 341, 351, 352, 353, 354, 355, 356, 357, 358, 359, 360, 361, 363, 364, 365, 366, 367, 368, 369, 371, 372, 373, 374, 375, 376], "summary": {"covered_lines": 35, "num_statements": 37, "percent_covered": 94.54545454545455, "percent_covered_display": "95", "missing_lines": 2, "excluded_lines": 0, "num_branches": 18, "num_partial_branches": 1, "covered_branches": 17, "missing_branches": 1}, "missing_lines": [345, 346], "excluded_lines": [], "executed_branches": [[339, 340], [351, 352], [351, 375], [352, 353], [352, 360], [354, 355], [354, 358], [355, 354], [355, 356], [358, 359], [358, 360], [360, 361], [360, 363], [366, 367], [366, 368], [368, 369], [368, 371]], "missing_branches": [[339, 345]]}, "search_batch": {"executed_lines": [387], "summary": {"covered_lines": 1, "num_statements": 1, "percent_covered": 100.0, "percent_covered_display": "100", "missing_lines": 0, "excluded_lines": 0, "num_branches": 0, "num_partial_branches": 0, "covered_branches": 0, "missing_branches": 0}, "missing_lines": [], "excluded_lines": [], "executed_branches": [], "missing_branches": []}, "rewrite_vector": {"executed_lines": [397, 398, 399, 400, 401, 402, 403, 406, 407, 408, 409, 410, 411, 412, 413, 414, 415], "summary": {"covered_lines": 14, "num_statements": 15, "percent_covered": 89.47368421052632, "percent_covered_display": "89", "missing_lines": 1, "excluded_lines": 3, "num_branches": 4, "num_partial_branches": 1, "covered_branches": 3, "missing_branches": 1}, "missing_lines": [405], "excluded_lines": [410, 411, 412], "executed_branches": [[402, 403], [408, 409], [408, 413]], "missing_branches": [[402, 405]]}, "query_vectors": {"executed_lines": [422, 423, 424, 425, 426, 427, 428, 429, 430, 431, 432, 433, 434, 435, 436, 437], "summary": {"covered_lines": 16, "num_statements": 16, "percent_covered": 100.0, "percent_covered_display": "100", "missing_lines": 0, "excluded_lines": 0, "num_branches": 10, "num_partial_branches": 0, "covered_branches": 10, "missing_branches": 0}, "missing_lines": [], "excluded_lines": [], "executed_branches": [[424, 425], [424, 436], [425, 426], [425, 433], [427, 428], [427, 431], [428, 427], [428, 429], [431, 432], [431, 433]], "missing_branches": []}, "_compact": {"executed_lines": [441, 442, 443, 444, 445, 446, 447, 448], "summary": {"covered_lines": 8, "num_statements": 8, "percent_covered": 92.85714285714286, "percent_covered_display": "93", "missing_lines": 0, "excluded_lines": 0, "num_branches": 6, "num_partial_branches": 1, "covered_branches": 5, "missing_branches": 1}, "missing_lines": [], "excluded_lines": [], "executed_branches": [[443, 444], [443, 446], [444, 443], [444, 445], [446, 447]], "missing_branches": [[446, -440]]}, "_compactor": {"executed_lines": [452, 453, 454, 457, 459], "summary": {"covered_lines": 5, "num_statements": 6, "percent_covered": 80.0, "percent_covered_display": "80", "missing_lines": 1, "excluded_lines": 2, "num_branches": 4, "num_partial_branches": 1, "covered_branches": 3, "missing_branches": 1}, "missing_lines": [458], "excluded_lines": [455, 456], "executed_branches": [[452, -451], [452, 453], [457, 459]], "missing_branches": [[457, 458]]}, "_start_compaction_thread": {"executed_lines": [464, 465, 466, 467, 468, 469], "summary": {"covered_lines": 6, "num_statements": 6, "percent_covered": 100.0, "percent_covered_display": "100", "missing_lines": 0, "excluded_lines": 0, "num_branches": 2, "num_partial_branches": 0, "covered_branches": 2, "missing_branches": 0}, "missing_lines": [], "excluded_lines": [], "executed_branches": [[464, 465], [464, 466]], "missing_branches": []}, "snapshot": {"executed_lines": [475, 476, 477, 479, 480, 482, 483, 484, 485, 486, 491, 492, 493, 494], "summary": {"covered_lines": 14, "num_statements": 14, "percent_covered": 100.0, "percent_covered_display": "100", "missing_lines": 0, "excluded_lines": 2, "num_branches": 2, "num_partial_branches": 0, "covered_branches": 2, "missing_branches": 0}, "missing_lines": [], "excluded_lines": [495, 496], "executed_branches": [[476, 477], [476, 479]], "missing_branches": []}, "restore": {"executed_lines": [502, 503, 504, 505, 506, 507, 508, 509, 510, 511, 516, 518, 519, 520, 522, 523, 524, 525, 527], "summary": {"covered_lines": 19, "num_statements": 22, "percent_covered": 77.77777777777777, "percent_covered_display": "78", "missing_lines": 3, "excluded_lines": 0, "num_branches": 14, "num_partial_branches": 5, "covered_branches": 9, "missing_branches": 5}, "missing_lines": [513, 521, 526], "excluded_lines": [], "executed_branches": [[504, 505], [504, 518], [505, 506], [508, 509], [509, 508], [509, 510], [518, 519], [520, 522], [525, 527]], "missing_branches": [[505, 516], [508, 513], [518, 523], [520, 521], [525, 526]]}, "persist_snapshot": {"executed_lines": [533, 534, 535, 536, 537, 538, 539, 541, 542, 543, 544, 545, 546, 547, 548, 549, 550, 551, 552, 555], "summary": {"covered_lines": 20, "num_statements": 20, "percent_covered": 100.0, "percent_covered_display": "100", "missing_lines": 0, "excluded_lines": 2, "num_branches": 4, "num_partial_branches": 0, "covered_branches": 4, "missing_branches": 0}, "missing_lines": [], "excluded_lines": [553, 554], "executed_branches": [[538, 539], [538, 541], [550, 551], [550, 555]], "missing_branches": []}, "restore_latest_snapshot": {"executed_lines": [561, 562, 563, 564, 570, 572, 573, 574, 575, 576, 577], "summary": {"covered_lines": 8, "num_statements": 9, "percent_covered": 84.61538461538461, "percent_covered_display": "85", "missing_lines": 1, "excluded_lines": 3, "num_branches": 4, "num_partial_branches": 1, "covered_branches": 3, "missing_branches": 1}, "missing_lines": [571], "excluded_lines": [575, 576, 577], "executed_branches": [[562, 563], [562, 564], [570, 572]], "missing_branches": [[570, 571]]}, "cluster_vectors": {"executed_lines": [583, 584, 585, 587, 588, 589, 591, 592, 593, 596, 597, 598, 599, 600, 601, 602, 603, 609, 610, 611, 612, 613, 614], "summary": {"covered_lines": 23, "num_statements": 26, "percent_covered": 81.57894736842105, "percent_covered_display": "82", "missing_lines": 3, "excluded_lines": 5, "num_branches": 12, "num_partial_branches": 4, "covered_branches": 8, "missing_branches": 4}, "missing_lines": [586, 590, 594], "excluded_lines": [604, 605, 606, 607, 608], "executed_branches": [[585, 587], [589, 591], [592, 593], [592, 598], [593, 596], [610, 611], [610, 614], [612, 613]], "missing_branches": [[585, 586], [589, 590], [593, 594], [612, 610]]}, "persist_clusters": {"executed_lines": [624, 625, 626, 627, 628, 629, 631, 632, 634, 635, 636, 641, 642, 643, 644, 647], "summary": {"covered_lines": 16, "num_statements": 16, "percent_covered": 95.0, "percent_covered_display": "95", "missing_lines": 0, "excluded_lines": 2, "num_branches": 4, "num_partial_branches": 1, "covered_branches": 3, "missing_branches": 1}, "missing_lines": [], "excluded_lines": [645, 646], "executed_branches": [[627, 628], [627, 631], [642, 643]], "missing_branches": [[642, 647]]}, "load_latest_clusters": {"executed_lines": [653, 654, 655, 657, 658, 659, 660, 661, 662, 663, 664, 665], "summary": {"covered_lines": 9, "num_statements": 10, "percent_covered": 85.71428571428571, "percent_covered_display": "86", "missing_lines": 1, "excluded_lines": 3, "num_branches": 4, "num_partial_branches": 1, "covered_branches": 3, "missing_branches": 1}, "missing_lines": [656], "excluded_lines": [663, 664, 665], "executed_branches": [[655, 657], [659, 660], [659, 661]], "missing_branches": [[655, 656]]}, "": {"executed_lines": [1, 7, 9, 10, 11, 12, 13, 14, 15, 16, 17, 18, 19, 21, 22, 23, 25, 26, 30, 31, 35, 36, 37, 38, 40, 41, 45, 46, 57, 61, 62, 64, 65, 67, 68, 69, 70, 73, 74, 75, 77, 78, 79, 82, 83, 84, 85, 86, 87, 88, 89, 90, 91, 92, 93, 96, 142, 158, 171, 184, 202, 231, 238, 255, 274, 303, 309, 322, 379, 390, 418, 440, 451, 462, 472, 499, 530, 558, 580, 617, 650, 668], "summary": {"covered_lines": 68, "num_statements": 68, "percent_covered": 100.0, "percent_covered_display": "100", "missing_lines": 0, "excluded_lines": 24, "num_branches": 0, "num_partial_branches": 0, "covered_branches": 0, "missing_branches": 0}, "missing_lines": [], "excluded_lines": [25, 26, 27, 28, 30, 31, 32, 33, 35, 36, 37, 38, 40, 41, 42, 43, 45, 46, 47, 49, 50, 51, 53, 54], "executed_branches": [], "missing_branches": []}}, "classes": {"VersionInfo": {"executed_lines": [], "summary": {"covered_lines": 0, "num_statements": 0, "percent_covered": 100.0, "percent_covered_display": "100", "missing_lines": 0, "excluded_lines": 0, "num_branches": 0, "num_partial_branches": 0, "covered_branches": 0, "missing_branches": 0}, "missing_lines": [], "excluded_lines": [], "executed_branches": [], "missing_branches": []}, "": {"executed_lines": [1, 7, 9, 10, 11, 12, 13, 14, 15, 16, 17, 18, 19, 21, 22, 23, 25, 26, 30, 31, 35, 36, 37, 38, 40, 41, 45, 46, 57, 58, 61, 62, 64, 65, 67, 68, 69, 70, 73, 74, 75, 77, 78, 79, 82, 83, 84, 85, 86, 87, 88, 89, 90, 91, 92, 93, 96, 114, 115, 116, 117, 118, 119, 120, 121, 122, 123, 126, 127, 128, 129, 130, 131, 132, 133, 134, 135, 136, 137, 138, 139, 142, 143, 144, 145, 151, 152, 153, 158, 161, 162, 163, 164, 165, 166, 171, 178, 179, 180, 181, 184, 187, 188, 189, 190, 191, 193, 194, 195, 196, 197, 198, 199, 202, 204, 207, 208, 209, 210, 211, 217, 220, 221, 223, 224, 225, 228, 231, 233, 235, 238, 239, 240, 241, 242, 243, 244, 245, 246, 247, 248, 249, 250, 255, 257, 258, 259, 260, 261, 262, 263, 264, 265, 266, 268, 271, 274, 276, 277, 278, 279, 280, 281, 282, 285, 286, 287, 288, 289, 293, 294, 299, 300, 303, 305, 306, 309, 310, 311, 312, 313, 314, 315, 316, 317, 318, 319, 322, 330, 331, 332, 334, 335, 336, 337, 338, 339, 340, 341, 351, 352, 353, 354, 355, 356, 357, 358, 359, 360, 361, 363, 364, 365, 366, 367, 368, 369, 371, 372, 373, 374, 375, 376, 379, 387, 390, 397, 398, 399, 400, 401, 402, 403, 406, 407, 408, 409, 410, 411, 412, 413, 414, 415, 418, 422, 423, 424, 425, 426, 427, 428, 429, 430, 431, 432, 433, 434, 435, 436, 437, 440, 441, 442, 443, 444, 445, 446, 447, 448, 451, 452, 453, 454, 457, 459, 462, 464, 465, 466, 467, 468, 469, 472, 475, 476, 477, 479, 480, 482, 483, 484, 485, 486, 491, 492, 493, 494, 499, 502, 503, 504, 505, 506, 507, 508, 509, 510, 511, 516, 518, 519, 520, 522, 523, 524, 525, 527, 530, 533, 534, 535, 536, 537, 538, 539, 541, 542, 543, 544, 545, 546, 547, 548, 549, 550, 551, 552, 555, 558, 561, 562, 563, 564, 570, 572, 573, 574, 575, 576, 577, 580, 583, 584, 585, 587, 588, 589, 591, 592, 593, 596, 597, 598, 599, 600, 601, 602, 603, 609, 610, 611, 612, 613, 614, 617, 624, 625, 626, 627, 628, 629, 631, 632, 634, 635, 636, 641, 642, 643, 644, 647, 650, 653, 654, 655, 657, 658, 659, 660, 661, 662, 663, 664, 665, 668], "summary": {"covered_lines": 377, "num_statements": 393, "percent_covered": 93.43339587242026, "percent_covered_display": "93", "missing_lines": 16, "excluded_lines": 64, "num_branches": 140, "num_partial_branches": 19, "covered_branches": 121, "missing_branches": 19}, "missing_lines": [234, 284, 295, 296, 345, 346, 405, 458, 513, 521, 526, 571, 586, 590, 594, 656], "excluded_lines": [25, 26, 27, 28, 30, 31, 32, 33, 35, 36, 37, 38, 40, 41, 42, 43, 45, 46, 47, 49, 50, 51, 53, 54, 154, 155, 167, 168, 204, 205, 224, 225, 226, 227, 251, 252, 269, 270, 297, 298, 312, 313, 410, 411, 412, 455, 456, 495, 496, 553, 554, 575, 576, 577, 604, 605, 606, 607, 608, 645, 646, 663, 664, 665], "executed_branches": [[114, 115], [114, 118], [118, 119], [118, 120], [120, 121], [120, 126], [121, 122], [121, 123], [126, 127], [126, 129], [132, 133], [132, 134], [134, 135], [134, 136], [136, -96], [136, 137], [179, 180], [179, 181], [187, 188], [187, 193], [208, 209], [208, 228], [210, 211], [210, 217], [220, 221], [220, 223], [233, 235], [241, 242], [241, 243], [243, 244], [243, 247], [244, 245], [244, 247], [245, 244], [245, 246], [247, -238], [247, 248], [258, 259], [258, 260], [265, 266], [265, 268], [281, 282], [294, 299], [305, -303], [305, 306], [315, 316], [315, 317], [317, 318], [317, 319], [339, 340], [351, 352], [351, 375], [352, 353], [352, 360], [354, 355], [354, 358], [355, 354], [355, 356], [358, 359], [358, 360], [360, 361], [360, 363], [366, 367], [366, 368], [368, 369], [368, 371], [402, 403], [408, 409], [408, 413], [424, 425], [424, 436], [425, 426], [425, 433], [427, 428], [427, 431], [428, 427], [428, 429], [431, 432], [431, 433], [443, 444], [443, 446], [444, 443], [444, 445], [446, 447], [452, -451], [452, 453], [457, 459], [464, 465], [464, 466], [476, 477], [476, 479], [504, 505], [504, 518], [505, 506], [508, 509], [509, 508], [509, 510], [518, 519], [520, 522], [525, 527], [538, 539], [538, 541], [550, 551], [550, 555], [562, 563], [562, 564], [570, 572], [585, 587], [589, 591], [592, 593], [592, 598], [593, 596], [610, 611], [610, 614], [612, 613], [627, 628], [627, 631], [642, 643], [655, 657], [659, 660], [659, 661]], "missing_branches": [[233, 234], [281, 284], [294, 295], [339, 345], [402, 405], [446, -440], [457, 458], [505, 516], [508, 513], [518, 523], [520, 521], [525, 526], [570, 571], [585, 586], [589, 590], [593, 594], [612, 610], [642, 647], [655, 656]]}}}}, "totals": {"covered_lines": 972, "num_statements": 1023, "percent_covered": 92.92701279157261, "percent_covered_display": "93", "missing_lines": 51, "excluded_lines": 155, "num_branches": 306, "num_partial_branches": 41, "covered_branches": 263, "missing_branches": 43}}