{"meta": {"format": 3, "version": "7.10.6", "timestamp": "2025-09-18T22:17:27.670275", "branch_coverage": true, "show_contexts": false}, "files": {"spiral_memory.py": {"executed_lines": [1, 7, 9, 10, 11, 12, 13, 14, 15, 17, 18, 20, 21, 23, 24, 25, 31, 34, 37, 38, 39, 50, 51, 52, 54, 58, 61, 62, 63, 65, 66, 67, 69, 70, 72, 73, 75, 81, 82, 83, 85, 86, 87, 88, 90, 91, 92, 95, 98, 100, 103, 105, 109, 110, 111, 112, 113, 114, 117, 130, 131, 132, 139, 140, 148, 149, 150, 154, 157, 159, 160, 162, 163, 164, 165, 166, 167, 170, 171, 172, 173, 174, 175, 178, 181, 184, 187], "summary": {"covered_lines": 71, "num_statements": 81, "percent_covered": 83.49514563106796, "percent_covered_display": "83", "missing_lines": 10, "excluded_lines": 29, "num_branches": 22, "num_partial_branches": 7, "covered_branches": 15, "missing_branches": 7}, "missing_lines": [53, 55, 104, 106, 107, 108, 133, 134, 135, 168], "excluded_lines": [23, 24, 25, 26, 27, 28, 29, 56, 57, 61, 62, 63, 64, 65, 66, 67, 68, 69, 70, 71, 72, 73, 74, 75, 76, 77, 78, 136, 137], "executed_branches": [[52, 54], [54, 58], [91, -90], [91, 92], [103, 105], [105, 109], [111, 112], [111, 114], [112, 111], [112, 113], [132, 139], [165, 166], [165, 171], [167, 170], [172, 173]], "missing_branches": [[52, 53], [54, 55], [103, 104], [105, 106], [132, 133], [167, 168], [172, 175]], "functions": {"_connect": {"executed_lines": [37, 38, 39, 50, 51, 52, 54, 58], "summary": {"covered_lines": 8, "num_statements": 10, "percent_covered": 71.42857142857143, "percent_covered_display": "71", "missing_lines": 2, "excluded_lines": 2, "num_branches": 4, "num_partial_branches": 2, "covered_branches": 2, "missing_branches": 2}, "missing_lines": [53, 55], "excluded_lines": [56, 57], "executed_branches": [[52, 54], [54, 58]], "missing_branches": [[52, 53], [54, 55]]}, "RecursiveTransformer.__post_init__": {"executed_lines": [70, 72, 73], "summary": {"covered_lines": 0, "num_statements": 0, "percent_covered": 100.0, "percent_covered_display": "100", "missing_lines": 0, "excluded_lines": 4, "num_branches": 0, "num_partial_branches": 0, "covered_branches": 0, "missing_branches": 0}, "missing_lines": [], "excluded_lines": [70, 71, 72, 73], "executed_branches": [], "missing_branches": []}, "RecursiveTransformer.__call__": {"executed_lines": [], "summary": {"covered_lines": 0, "num_statements": 0, "percent_covered": 100.0, "percent_covered_display": "100", "missing_lines": 0, "excluded_lines": 3, "num_branches": 0, "num_partial_branches": 0, "covered_branches": 0, "missing_branches": 0}, "missing_lines": [], "excluded_lines": [76, 77, 78], "executed_branches": [], "missing_branches": []}, "SpiralMemory.__post_init__": {"executed_lines": [91, 92], "summary": {"covered_lines": 2, "num_statements": 2, "percent_covered": 100.0, "percent_covered_display": "100", "missing_lines": 0, "excluded_lines": 0, "num_branches": 2, "num_partial_branches": 0, "covered_branches": 2, "missing_branches": 0}, "missing_lines": [], "excluded_lines": [], "executed_branches": [[91, -90], [91, 92]], "missing_branches": []}, "SpiralMemory.add_layer": {"executed_lines": [98], "summary": {"covered_lines": 1, "num_statements": 1, "percent_covered": 100.0, "percent_covered_display": "100", "missing_lines": 0, "excluded_lines": 0, "num_branches": 0, "num_partial_branches": 0, "covered_branches": 0, "missing_branches": 0}, "missing_lines": [], "excluded_lines": [], "executed_branches": [], "missing_branches": []}, "SpiralMemory.aggregate": {"executed_lines": [103, 105, 109, 110, 111, 112, 113, 114], "summary": {"covered_lines": 8, "num_statements": 12, "percent_covered": 70.0, "percent_covered_display": "70", "missing_lines": 4, "excluded_lines": 0, "num_branches": 8, "num_partial_branches": 2, "covered_branches": 6, "missing_branches": 2}, "missing_lines": [104, 106, 107, 108], "excluded_lines": [], "executed_branches": [[103, 105], [105, 109], [111, 112], [111, 114], [112, 111], [112, 113]], "missing_branches": [[103, 104], [105, 106]]}, "SpiralMemory.register_event": {"executed_lines": [130, 131, 132, 139, 140], "summary": {"covered_lines": 5, "num_statements": 8, "percent_covered": 60.0, "percent_covered_display": "60", "missing_lines": 3, "excluded_lines": 2, "num_branches": 2, "num_partial_branches": 1, "covered_branches": 1, "missing_branches": 1}, "missing_lines": [133, 134, 135], "excluded_lines": [136, 137], "executed_branches": [[132, 139]], "missing_branches": [[132, 133]]}, "SpiralMemory._load_events": {"executed_lines": [149, 150, 154], "summary": {"covered_lines": 3, "num_statements": 3, "percent_covered": 100.0, "percent_covered_display": "100", "missing_lines": 0, "excluded_lines": 0, "num_branches": 0, "num_partial_branches": 0, "covered_branches": 0, "missing_branches": 0}, "missing_lines": [], "excluded_lines": [], "executed_branches": [], "missing_branches": []}, "SpiralMemory.recall": {"executed_lines": [159, 160, 162, 163, 164, 165, 166, 167, 170, 171, 172, 173, 174, 175], "summary": {"covered_lines": 14, "num_statements": 15, "percent_covered": 85.71428571428571, "percent_covered_display": "86", "missing_lines": 1, "excluded_lines": 0, "num_branches": 6, "num_partial_branches": 2, "covered_branches": 4, "missing_branches": 2}, "missing_lines": [168], "excluded_lines": [], "executed_branches": [[165, 166], [165, 171], [167, 170], [172, 173]], "missing_branches": [[167, 168], [172, 175]]}, "spiral_recall": {"executed_lines": [184], "summary": {"covered_lines": 1, "num_statements": 1, "percent_covered": 100.0, "percent_covered_display": "100", "missing_lines": 0, "excluded_lines": 0, "num_branches": 0, "num_partial_branches": 0, "covered_branches": 0, "missing_branches": 0}, "missing_lines": [], "excluded_lines": [], "executed_branches": [], "missing_branches": []}, "": {"executed_lines": [1, 7, 9, 10, 11, 12, 13, 14, 15, 17, 18, 20, 21, 23, 24, 25, 31, 34, 61, 62, 63, 65, 66, 67, 69, 75, 81, 82, 83, 85, 86, 87, 88, 90, 95, 100, 117, 148, 157, 178, 181, 187], "summary": {"covered_lines": 29, "num_statements": 29, "percent_covered": 100.0, "percent_covered_display": "100", "missing_lines": 0, "excluded_lines": 18, "num_branches": 0, "num_partial_branches": 0, "covered_branches": 0, "missing_branches": 0}, "missing_lines": [], "excluded_lines": [23, 24, 25, 26, 27, 28, 29, 61, 62, 63, 64, 65, 66, 67, 68, 69, 74, 75], "executed_branches": [], "missing_branches": []}}, "classes": {"RecursiveTransformer": {"executed_lines": [70, 72, 73], "summary": {"covered_lines": 0, "num_statements": 0, "percent_covered": 100.0, "percent_covered_display": "100", "missing_lines": 0, "excluded_lines": 7, "num_branches": 0, "num_partial_branches": 0, "covered_branches": 0, "missing_branches": 0}, "missing_lines": [], "excluded_lines": [70, 71, 72, 73, 76, 77, 78], "executed_branches": [], "missing_branches": []}, "SpiralMemory": {"executed_lines": [91, 92, 98, 103, 105, 109, 110, 111, 112, 113, 114, 130, 131, 132, 139, 140, 149, 150, 154, 159, 160, 162, 163, 164, 165, 166, 167, 170, 171, 172, 173, 174, 175], "summary": {"covered_lines": 33, "num_statements": 41, "percent_covered": 77.96610169491525, "percent_covered_display": "78", "missing_lines": 8, "excluded_lines": 2, "num_branches": 18, "num_partial_branches": 5, "covered_branches": 13, "missing_branches": 5}, "missing_lines": [104, 106, 107, 108, 133, 134, 135, 168], "excluded_lines": [136, 137], "executed_branches": [[91, -90], [91, 92], [103, 105], [105, 109], [111, 112], [111, 114], [112, 111], [112, 113], [132, 139], [165, 166], [165, 171], [167, 170], [172, 173]], "missing_branches": [[103, 104], [105, 106], [132, 133], [167, 168], [172, 175]]}, "": {"executed_lines": [1, 7, 9, 10, 11, 12, 13, 14, 15, 17, 18, 20, 21, 23, 24, 25, 31, 34, 37, 38, 39, 50, 51, 52, 54, 58, 61, 62, 63, 65, 66, 67, 69, 75, 81, 82, 83, 85, 86, 87, 88, 90, 95, 100, 117, 148, 157, 178, 181, 184, 187], "summary": {"covered_lines": 38, "num_statements": 40, "percent_covered": 90.9090909090909, "percent_covered_display": "91", "missing_lines": 2, "excluded_lines": 20, "num_branches": 4, "num_partial_branches": 2, "covered_branches": 2, "missing_branches": 2}, "missing_lines": [53, 55], "excluded_lines": [23, 24, 25, 26, 27, 28, 29, 56, 57, 61, 62, 63, 64, 65, 66, 67, 68, 69, 74, 75], "executed_branches": [[52, 54], [54, 58]], "missing_branches": [[52, 53], [54, 55]]}}}, "spiral_os": {"executed_lines": [2, 3, 5, 6, 7, 8, 9, 11, 13, 16, 23, 24, 25, 26, 27, 28, 29, 30, 31, 32, 33, 35, 36, 39, 40, 41, 42, 43, 44, 45, 46, 49, 52, 73], "summary": {"covered_lines": 33, "num_statements": 47, "percent_covered": 66.66666666666667, "percent_covered_display": "67", "missing_lines": 14, "excluded_lines": 0, "num_branches": 10, "num_partial_branches": 3, "covered_branches": 5, "missing_branches": 5}, "missing_lines": [37, 54, 55, 57, 58, 60, 61, 63, 65, 66, 67, 69, 70, 74], "excluded_lines": [], "executed_branches": [[36, 39], [39, -16], [39, 40], [41, 42], [73, -1]], "missing_branches": [[36, 37], [41, 39], [65, 66], [65, 69], [73, 74]], "functions": {"deploy_pipeline": {"executed_lines": [23, 24, 25, 26, 27, 28, 29, 30, 31, 32, 33, 35, 36, 39, 40, 41, 42, 43, 44, 45, 46, 49], "summary": {"covered_lines": 22, "num_statements": 23, "percent_covered": 89.65517241379311, "percent_covered_display": "90", "missing_lines": 1, "excluded_lines": 0, "num_branches": 6, "num_partial_branches": 2, "covered_branches": 4, "missing_branches": 2}, "missing_lines": [37], "excluded_lines": [], "executed_branches": [[36, 39], [39, -16], [39, 40], [41, 42]], "missing_branches": [[36, 37], [41, 39]]}, "main": {"executed_lines": [], "summary": {"covered_lines": 0, "num_statements": 12, "percent_covered": 0.0, "percent_covered_display": "0", "missing_lines": 12, "excluded_lines": 0, "num_branches": 2, "num_partial_branches": 0, "covered_branches": 0, "missing_branches": 2}, "missing_lines": [54, 55, 57, 58, 60, 61, 63, 65, 66, 67, 69, 70], "excluded_lines": [], "executed_branches": [], "missing_branches": [[65, 66], [65, 69]]}, "": {"executed_lines": [2, 3, 5, 6, 7, 8, 9, 11, 13, 16, 52, 73], "summary": {"covered_lines": 11, "num_statements": 12, "percent_covered": 85.71428571428571, "percent_covered_display": "86", "missing_lines": 1, "excluded_lines": 0, "num_branches": 2, "num_partial_branches": 1, "covered_branches": 1, "missing_branches": 1}, "missing_lines": [74], "excluded_lines": [], "executed_branches": [[73, -1]], "missing_branches": [[73, 74]]}}, "classes": {"": {"executed_lines": [2, 3, 5, 6, 7, 8, 9, 11, 13, 16, 23, 24, 25, 26, 27, 28, 29, 30, 31, 32, 33, 35, 36, 39, 40, 41, 42, 43, 44, 45, 46, 49, 52, 73], "summary": {"covered_lines": 33, "num_statements": 47, "percent_covered": 66.66666666666667, "percent_covered_display": "67", "missing_lines": 14, "excluded_lines": 0, "num_branches": 10, "num_partial_branches": 3, "covered_branches": 5, "missing_branches": 5}, "missing_lines": [37, 54, 55, 57, 58, 60, 61, 63, 65, 66, 67, 69, 70, 74], "excluded_lines": [], "executed_branches": [[36, 39], [39, -16], [39, 40], [41, 42], [73, -1]], "missing_branches": [[36, 37], [41, 39], [65, 66], [65, 69], [73, 74]]}}}, "spiral_vector_db/__init__.py": {"executed_lines": [1, 3, 5, 6, 7, 8, 9, 11, 13, 14, 18, 19, 21, 22, 23, 25, 26, 28, 29, 32, 34, 37, 39, 40, 41, 42, 43, 46, 47, 49, 52, 54, 55, 57, 58, 59, 60, 61, 62, 63, 64, 66, 67, 70, 71, 72, 73, 76, 80, 81, 82, 85, 86, 87, 88, 89, 93, 94, 95, 96, 97, 98, 99, 100, 101, 102, 103, 105, 106, 107, 108, 113, 114, 115, 116, 117, 118, 121], "summary": {"covered_lines": 69, "num_statements": 80, "percent_covered": 80.35714285714286, "percent_covered_display": "80", "missing_lines": 11, "excluded_lines": 12, "num_branches": 32, "num_partial_branches": 11, "covered_branches": 21, "missing_branches": 11}, "missing_lines": [38, 48, 56, 65, 69, 84, 91, 104, 110, 111, 112], "excluded_lines": [13, 14, 15, 16, 18, 19, 20, 21, 22, 23, 34, 35], "executed_branches": [[37, 39], [39, 40], [47, 49], [55, 57], [61, 62], [61, 73], [64, 66], [66, 67], [81, 82], [88, 89], [94, 95], [94, 117], [95, 96], [97, 98], [97, 101], [98, 97], [98, 99], [101, 102], [101, 103], [103, 105], [105, 106]], "missing_branches": [[37, 38], [39, 43], [47, 48], [55, 56], [64, 65], [66, 69], [81, 84], [88, 91], [95, 103], [103, 104], [105, 110]], "functions": {"init_db": {"executed_lines": [34, 37, 39, 40, 41, 42, 43], "summary": {"covered_lines": 6, "num_statements": 7, "percent_covered": 72.72727272727273, "percent_covered_display": "73", "missing_lines": 1, "excluded_lines": 2, "num_branches": 4, "num_partial_branches": 2, "covered_branches": 2, "missing_branches": 2}, "missing_lines": [38], "excluded_lines": [34, 35], "executed_branches": [[37, 39], [39, 40]], "missing_branches": [[37, 38], [39, 43]]}, "_get_collection": {"executed_lines": [47, 49], "summary": {"covered_lines": 2, "num_statements": 3, "percent_covered": 60.0, "percent_covered_display": "60", "missing_lines": 1, "excluded_lines": 0, "num_branches": 2, "num_partial_branches": 1, "covered_branches": 1, "missing_branches": 1}, "missing_lines": [48], "excluded_lines": [], "executed_branches": [[47, 49]], "missing_branches": [[47, 48]]}, "insert_embeddings": {"executed_lines": [54, 55, 57, 58, 59, 60, 61, 62, 63, 64, 66, 67, 70, 71, 72, 73], "summary": {"covered_lines": 16, "num_statements": 19, "percent_covered": 77.77777777777777, "percent_covered_display": "78", "missing_lines": 3, "excluded_lines": 0, "num_branches": 8, "num_partial_branches": 3, "covered_branches": 5, "missing_branches": 3}, "missing_lines": [56, 65, 69], "excluded_lines": [], "executed_branches": [[55, 57], [61, 62], [61, 73], [64, 66], [66, 67]], "missing_branches": [[55, 56], [64, 65], [66, 69]]}, "query_embeddings": {"executed_lines": [80, 81, 82, 85, 86, 87, 88, 89, 93, 94, 95, 96, 97, 98, 99, 100, 101, 102, 103, 105, 106, 107, 108, 113, 114, 115, 116, 117, 118], "summary": {"covered_lines": 29, "num_statements": 35, "percent_covered": 79.24528301886792, "percent_covered_display": "79", "missing_lines": 6, "excluded_lines": 0, "num_branches": 18, "num_partial_branches": 5, "covered_branches": 13, "missing_branches": 5}, "missing_lines": [84, 91, 104, 110, 111, 112], "excluded_lines": [], "executed_branches": [[81, 82], [88, 89], [94, 95], [94, 117], [95, 96], [97, 98], [97, 101], [98, 97], [98, 99], [101, 102], [101, 103], [103, 105], [105, 106]], "missing_branches": [[81, 84], [88, 91], [95, 103], [103, 104], [105, 110]]}, "": {"executed_lines": [1, 3, 5, 6, 7, 8, 9, 11, 13, 14, 18, 19, 21, 22, 23, 25, 26, 28, 29, 32, 46, 52, 76, 121], "summary": {"covered_lines": 16, "num_statements": 16, "percent_covered": 100.0, "percent_covered_display": "100", "missing_lines": 0, "excluded_lines": 10, "num_branches": 0, "num_partial_branches": 0, "covered_branches": 0, "missing_branches": 0}, "missing_lines": [], "excluded_lines": [13, 14, 15, 16, 18, 19, 20, 21, 22, 23], "executed_branches": [], "missing_branches": []}}, "classes": {"": {"executed_lines": [1, 3, 5, 6, 7, 8, 9, 11, 13, 14, 18, 19, 21, 22, 23, 25, 26, 28, 29, 32, 34, 37, 39, 40, 41, 42, 43, 46, 47, 49, 52, 54, 55, 57, 58, 59, 60, 61, 62, 63, 64, 66, 67, 70, 71, 72, 73, 76, 80, 81, 82, 85, 86, 87, 88, 89, 93, 94, 95, 96, 97, 98, 99, 100, 101, 102, 103, 105, 106, 107, 108, 113, 114, 115, 116, 117, 118, 121], "summary": {"covered_lines": 69, "num_statements": 80, "percent_covered": 80.35714285714286, "percent_covered_display": "80", "missing_lines": 11, "excluded_lines": 12, "num_branches": 32, "num_partial_branches": 11, "covered_branches": 21, "missing_branches": 11}, "missing_lines": [38, 48, 56, 65, 69, 84, 91, 104, 110, 111, 112], "excluded_lines": [13, 14, 15, 16, 18, 19, 20, 21, 22, 23, 34, 35], "executed_branches": [[37, 39], [39, 40], [47, 49], [55, 57], [61, 62], [61, 73], [64, 66], [66, 67], [81, 82], [88, 89], [94, 95], [94, 117], [95, 96], [97, 98], [97, 101], [98, 97], [98, 99], [101, 102], [101, 103], [103, 105], [105, 106]], "missing_branches": [[37, 38], [39, 43], [47, 48], [55, 56], [64, 65], [66, 69], [81, 84], [88, 91], [95, 103], [103, 104], [105, 110]]}}}, "src/spiral_os/__init__.py": {"executed_lines": [1, 3], "summary": {"covered_lines": 1, "num_statements": 1, "percent_covered": 100.0, "percent_covered_display": "100", "missing_lines": 0, "excluded_lines": 0, "num_branches": 0, "num_partial_branches": 0, "covered_branches": 0, "missing_branches": 0}, "missing_lines": [], "excluded_lines": [], "executed_branches": [], "missing_branches": [], "functions": {"": {"executed_lines": [1, 3], "summary": {"covered_lines": 1, "num_statements": 1, "percent_covered": 100.0, "percent_covered_display": "100", "missing_lines": 0, "excluded_lines": 0, "num_branches": 0, "num_partial_branches": 0, "covered_branches": 0, "missing_branches": 0}, "missing_lines": [], "excluded_lines": [], "executed_branches": [], "missing_branches": []}}, "classes": {"": {"executed_lines": [1, 3], "summary": {"covered_lines": 1, "num_statements": 1, "percent_covered": 100.0, "percent_covered_display": "100", "missing_lines": 0, "excluded_lines": 0, "num_branches": 0, "num_partial_branches": 0, "covered_branches": 0, "missing_branches": 0}, "missing_lines": [], "excluded_lines": [], "executed_branches": [], "missing_branches": []}}}, "src/spiral_os/__main__.py": {"executed_lines": [], "summary": {"covered_lines": 0, "num_statements": 49, "percent_covered": 0.0, "percent_covered_display": "0", "missing_lines": 49, "excluded_lines": 0, "num_branches": 12, "num_partial_branches": 0, "covered_branches": 0, "missing_branches": 12}, "missing_lines": [3, 5, 6, 7, 8, 9, 11, 13, 16, 18, 19, 20, 21, 22, 23, 25, 26, 27, 29, 30, 31, 32, 33, 37, 38, 41, 44, 46, 48, 51, 53, 54, 56, 57, 58, 59, 61, 64, 68, 70, 71, 72, 73, 74, 75, 77, 78, 81, 82], "excluded_lines": [], "executed_branches": [], "missing_branches": [[26, 27], [26, 29], [29, -16], [29, 30], [31, 29], [31, 32], [70, 71], [70, 73], [73, 74], [73, 77], [81, -1], [81, 82]], "functions": {"deploy_pipeline": {"executed_lines": [], "summary": {"covered_lines": 0, "num_statements": 17, "percent_covered": 0.0, "percent_covered_display": "0", "missing_lines": 17, "excluded_lines": 0, "num_branches": 6, "num_partial_branches": 0, "covered_branches": 0, "missing_branches": 6}, "missing_lines": [18, 19, 20, 21, 22, 23, 25, 26, 27, 29, 30, 31, 32, 33, 37, 38, 41], "excluded_lines": [], "executed_branches": [], "missing_branches": [[26, 27], [26, 29], [29, -16], [29, 30], [31, 29], [31, 32]]}, "start_os": {"executed_lines": [], "summary": {"covered_lines": 0, "num_statements": 2, "percent_covered": 0.0, "percent_covered_display": "0", "missing_lines": 2, "excluded_lines": 0, "num_branches": 0, "num_partial_branches": 0, "covered_branches": 0, "missing_branches": 0}, "missing_lines": [46, 48], "excluded_lines": [], "executed_branches": [], "missing_branches": []}, "main": {"executed_lines": [], "summary": {"covered_lines": 0, "num_statements": 17, "percent_covered": 0.0, "percent_covered_display": "0", "missing_lines": 17, "excluded_lines": 0, "num_branches": 4, "num_partial_branches": 0, "covered_branches": 0, "missing_branches": 4}, "missing_lines": [53, 54, 56, 57, 58, 59, 61, 64, 68, 70, 71, 72, 73, 74, 75, 77, 78], "excluded_lines": [], "executed_branches": [], "missing_branches": [[70, 71], [70, 73], [73, 74], [73, 77]]}, "": {"executed_lines": [], "summary": {"covered_lines": 0, "num_statements": 13, "percent_covered": 0.0, "percent_covered_display": "0", "missing_lines": 13, "excluded_lines": 0, "num_branches": 2, "num_partial_branches": 0, "covered_branches": 0, "missing_branches": 2}, "missing_lines": [3, 5, 6, 7, 8, 9, 11, 13, 16, 44, 51, 81, 82], "excluded_lines": [], "executed_branches": [], "missing_branches": [[81, -1], [81, 82]]}}, "classes": {"": {"executed_lines": [], "summary": {"covered_lines": 0, "num_statements": 49, "percent_covered": 0.0, "percent_covered_display": "0", "missing_lines": 49, "excluded_lines": 0, "num_branches": 12, "num_partial_branches": 0, "covered_branches": 0, "missing_branches": 12}, "missing_lines": [3, 5, 6, 7, 8, 9, 11, 13, 16, 18, 19, 20, 21, 22, 23, 25, 26, 27, 29, 30, 31, 32, 33, 37, 38, 41, 44, 46, 48, 51, 53, 54, 56, 57, 58, 59, 61, 64, 68, 70, 71, 72, 73, 74, 75, 77, 78, 81, 82], "excluded_lines": [], "executed_branches": [], "missing_branches": [[26, 27], [26, 29], [29, -16], [29, 30], [31, 29], [31, 32], [70, 71], [70, 73], [73, 74], [73, 77], [81, -1], [81, 82]]}}}, "src/spiral_os/_hf_stub.py": {"executed_lines": [1, 9, 12, 17, 18], "summary": {"covered_lines": 3, "num_statements": 4, "percent_covered": 75.0, "percent_covered_display": "75", "missing_lines": 1, "excluded_lines": 0, "num_branches": 0, "num_partial_branches": 0, "covered_branches": 0, "missing_branches": 0}, "missing_lines": [14], "excluded_lines": [], "executed_branches": [], "missing_branches": [], "functions": {"snapshot_download": {"executed_lines": [], "summary": {"covered_lines": 0, "num_statements": 1, "percent_covered": 0.0, "percent_covered_display": "0", "missing_lines": 1, "excluded_lines": 0, "num_branches": 0, "num_partial_branches": 0, "covered_branches": 0, "missing_branches": 0}, "missing_lines": [14], "excluded_lines": [], "executed_branches": [], "missing_branches": []}, "": {"executed_lines": [1, 9, 12, 17, 18], "summary": {"covered_lines": 3, "num_statements": 3, "percent_covered": 100.0, "percent_covered_display": "100", "missing_lines": 0, "excluded_lines": 0, "num_branches": 0, "num_partial_branches": 0, "covered_branches": 0, "missing_branches": 0}, "missing_lines": [], "excluded_lines": [], "executed_branches": [], "missing_branches": []}}, "classes": {"HfHubHTTPError": {"executed_lines": [], "summary": {"covered_lines": 0, "num_statements": 0, "percent_covered": 100.0, "percent_covered_display": "100", "missing_lines": 0, "excluded_lines": 0, "num_branches": 0, "num_partial_branches": 0, "covered_branches": 0, "missing_branches": 0}, "missing_lines": [], "excluded_lines": [], "executed_branches": [], "missing_branches": []}, "": {"executed_lines": [1, 9, 12, 17, 18], "summary": {"covered_lines": 3, "num_statements": 4, "percent_covered": 75.0, "percent_covered_display": "75", "missing_lines": 1, "excluded_lines": 0, "num_branches": 0, "num_partial_branches": 0, "covered_branches": 0, "missing_branches": 0}, "missing_lines": [14], "excluded_lines": [], "executed_branches": [], "missing_branches": []}}}, "src/spiral_os/chakra_cycle.py": {"executed_lines": [], "summary": {"covered_lines": 0, "num_statements": 41, "percent_covered": 0.0, "percent_covered_display": "0", "missing_lines": 41, "excluded_lines": 0, "num_branches": 6, "num_partial_branches": 0, "covered_branches": 0, "missing_branches": 6}, "missing_lines": [4, 6, 8, 9, 10, 11, 13, 16, 27, 28, 31, 32, 33, 36, 39, 44, 45, 47, 48, 49, 52, 55, 58, 61, 62, 63, 64, 65, 66, 67, 70, 73, 74, 75, 76, 79, 82, 85, 88, 91, 94], "excluded_lines": [], "executed_branches": [], "missing_branches": [[48, -39], [48, 49], [63, 64], [63, 67], [74, 75], [74, 76]], "functions": {"ChakraCycle.__init__": {"executed_lines": [], "summary": {"covered_lines": 0, "num_statements": 5, "percent_covered": 0.0, "percent_covered_display": "0", "missing_lines": 5, "excluded_lines": 0, "num_branches": 2, "num_partial_branches": 0, "covered_branches": 0, "missing_branches": 2}, "missing_lines": [44, 45, 47, 48, 49], "excluded_lines": [], "executed_branches": [], "missing_branches": [[48, -39], [48, 49]]}, "ChakraCycle.get_cycle": {"executed_lines": [], "summary": {"covered_lines": 0, "num_statements": 1, "percent_covered": 0.0, "percent_covered_display": "0", "missing_lines": 1, "excluded_lines": 0, "num_branches": 0, "num_partial_branches": 0, "covered_branches": 0, "missing_branches": 0}, "missing_lines": [55], "excluded_lines": [], "executed_branches": [], "missing_branches": []}, "ChakraCycle.emit_heartbeat": {"executed_lines": [], "summary": {"covered_lines": 0, "num_statements": 7, "percent_covered": 0.0, "percent_covered_display": "0", "missing_lines": 7, "excluded_lines": 0, "num_branches": 2, "num_partial_branches": 0, "covered_branches": 0, "missing_branches": 2}, "missing_lines": [61, 62, 63, 64, 65, 66, 67], "excluded_lines": [], "executed_branches": [], "missing_branches": [[63, 64], [63, 67]]}, "ChakraCycle.scheduler": {"executed_lines": [], "summary": {"covered_lines": 0, "num_statements": 4, "percent_covered": 0.0, "percent_covered_display": "0", "missing_lines": 4, "excluded_lines": 0, "num_branches": 2, "num_partial_branches": 0, "covered_branches": 0, "missing_branches": 2}, "missing_lines": [73, 74, 75, 76], "excluded_lines": [], "executed_branches": [], "missing_branches": [[74, 75], [74, 76]]}, "get_cycle": {"executed_lines": [], "summary": {"covered_lines": 0, "num_statements": 1, "percent_covered": 0.0, "percent_covered_display": "0", "missing_lines": 1, "excluded_lines": 0, "num_branches": 0, "num_partial_branches": 0, "covered_branches": 0, "missing_branches": 0}, "missing_lines": [85], "excluded_lines": [], "executed_branches": [], "missing_branches": []}, "emit_heartbeat": {"executed_lines": [], "summary": {"covered_lines": 0, "num_statements": 1, "percent_covered": 0.0, "percent_covered_display": "0", "missing_lines": 1, "excluded_lines": 0, "num_branches": 0, "num_partial_branches": 0, "covered_branches": 0, "missing_branches": 0}, "missing_lines": [91], "excluded_lines": [], "executed_branches": [], "missing_branches": []}, "": {"executed_lines": [], "summary": {"covered_lines": 0, "num_statements": 22, "percent_covered": 0.0, "percent_covered_display": "0", "missing_lines": 22, "excluded_lines": 0, "num_branches": 0, "num_partial_branches": 0, "covered_branches": 0, "missing_branches": 0}, "missing_lines": [4, 6, 8, 9, 10, 11, 13, 16, 27, 28, 31, 32, 33, 36, 39, 52, 58, 70, 79, 82, 88, 94], "excluded_lines": [], "executed_branches": [], "missing_branches": []}}, "classes": {"Heartbeat": {"executed_lines": [], "summary": {"covered_lines": 0, "num_statements": 0, "percent_covered": 100.0, "percent_covered_display": "100", "missing_lines": 0, "excluded_lines": 0, "num_branches": 0, "num_partial_branches": 0, "covered_branches": 0, "missing_branches": 0}, "missing_lines": [], "excluded_lines": [], "executed_branches": [], "missing_branches": []}, "ChakraCycle": {"executed_lines": [], "summary": {"covered_lines": 0, "num_statements": 17, "percent_covered": 0.0, "percent_covered_display": "0", "missing_lines": 17, "excluded_lines": 0, "num_branches": 6, "num_partial_branches": 0, "covered_branches": 0, "missing_branches": 6}, "missing_lines": [44, 45, 47, 48, 49, 55, 61, 62, 63, 64, 65, 66, 67, 73, 74, 75, 76], "excluded_lines": [], "executed_branches": [], "missing_branches": [[48, -39], [48, 49], [63, 64], [63, 67], [74, 75], [74, 76]]}, "": {"executed_lines": [], "summary": {"covered_lines": 0, "num_statements": 24, "percent_covered": 0.0, "percent_covered_display": "0", "missing_lines": 24, "excluded_lines": 0, "num_branches": 0, "num_partial_branches": 0, "covered_branches": 0, "missing_branches": 0}, "missing_lines": [4, 6, 8, 9, 10, 11, 13, 16, 27, 28, 31, 32, 33, 36, 39, 52, 58, 70, 79, 82, 85, 88, 91, 94], "excluded_lines": [], "executed_branches": [], "missing_branches": []}}}, "src/spiral_os/pulse_emitter.py": {"executed_lines": [], "summary": {"covered_lines": 0, "num_statements": 16, "percent_covered": 0.0, "percent_covered_display": "0", "missing_lines": 16, "excluded_lines": 0, "num_branches": 2, "num_partial_branches": 0, "covered_branches": 0, "missing_branches": 2}, "missing_lines": [3, 5, 6, 8, 10, 12, 21, 24, 28, 29, 30, 31, 32, 35, 37, 40], "excluded_lines": [], "executed_branches": [], "missing_branches": [[30, 31], [30, 32]], "functions": {"emit_pulse": {"executed_lines": [], "summary": {"covered_lines": 0, "num_statements": 5, "percent_covered": 0.0, "percent_covered_display": "0", "missing_lines": 5, "excluded_lines": 0, "num_branches": 2, "num_partial_branches": 0, "covered_branches": 0, "missing_branches": 2}, "missing_lines": [28, 29, 30, 31, 32], "excluded_lines": [], "executed_branches": [], "missing_branches": [[30, 31], [30, 32]]}, "run": {"executed_lines": [], "summary": {"covered_lines": 0, "num_statements": 1, "percent_covered": 0.0, "percent_covered_display": "0", "missing_lines": 1, "excluded_lines": 0, "num_branches": 0, "num_partial_branches": 0, "covered_branches": 0, "missing_branches": 0}, "missing_lines": [37], "excluded_lines": [], "executed_branches": [], "missing_branches": []}, "": {"executed_lines": [], "summary": {"covered_lines": 0, "num_statements": 10, "percent_covered": 0.0, "percent_covered_display": "0", "missing_lines": 10, "excluded_lines": 0, "num_branches": 0, "num_partial_branches": 0, "covered_branches": 0, "missing_branches": 0}, "missing_lines": [3, 5, 6, 8, 10, 12, 21, 24, 35, 40], "excluded_lines": [], "executed_branches": [], "missing_branches": []}}, "classes": {"": {"executed_lines": [], "summary": {"covered_lines": 0, "num_statements": 16, "percent_covered": 0.0, "percent_covered_display": "0", "missing_lines": 16, "excluded_lines": 0, "num_branches": 2, "num_partial_branches": 0, "covered_branches": 0, "missing_branches": 2}, "missing_lines": [3, 5, 6, 8, 10, 12, 21, 24, 28, 29, 30, 31, 32, 35, 37, 40], "excluded_lines": [], "executed_branches": [], "missing_branches": [[30, 31], [30, 32]]}}}, "src/spiral_os/start_spiral_os.py": {"executed_lines": [], "summary": {"covered_lines": 0, "num_statements": 145, "percent_covered": 0.0, "percent_covered_display": "0", "missing_lines": 145, "excluded_lines": 25, "num_branches": 38, "num_partial_branches": 0, "covered_branches": 0, "missing_branches": 38}, "missing_lines": [3, 5, 6, 7, 8, 9, 10, 11, 12, 14, 15, 17, 18, 19, 20, 21, 22, 23, 24, 25, 26, 27, 28, 29, 30, 31, 33, 34, 40, 41, 46, 47, 49, 52, 53, 54, 55, 56, 57, 58, 59, 60, 61, 64, 74, 75, 76, 81, 86, 91, 96, 105, 113, 114, 120, 125, 127, 128, 129, 130, 131, 132, 133, 134, 135, 137, 138, 139, 140, 141, 142, 143, 145, 146, 147, 148, 149, 154, 156, 158, 159, 160, 161, 164, 166, 167, 168, 169, 171, 173, 174, 175, 176, 177, 180, 181, 182, 184, 185, 186, 188, 189, 190, 191, 193, 194, 195, 196, 197, 198, 200, 201, 202, 203, 204, 206, 207, 208, 209, 210, 211, 212, 213, 214, 215, 216, 217, 218, 219, 222, 223, 224, 225, 226, 227, 229, 230, 231, 233, 239, 240, 241, 243, 244, 245], "excluded_lines": [36, 37, 38, 39, 42, 43, 44, 45, 62, 63, 65, 66, 67, 68, 69, 70, 71, 72, 73, 162, 163, 178, 179, 248, 249], "executed_branches": [], "missing_branches": [[127, 128], [127, 137], [128, 129], [128, 130], [137, 138], [137, 145], [138, 139], [138, 140], [141, 142], [141, 143], [146, 147], [146, 156], [147, 148], [147, 149], [159, -158], [159, 160], [167, 168], [167, 171], [195, 196], [195, 200], [197, 198], [197, 200], [202, 203], [202, 204], [210, 211], [210, 212], [212, 213], [212, 214], [214, 215], [214, 218], [222, 223], [222, 224], [230, 231], [230, 233], [239, 240], [239, 243], [244, -52], [244, 245]], "functions": {"main": {"executed_lines": [], "summary": {"covered_lines": 0, "num_statements": 107, "percent_covered": 0.0, "percent_covered_display": "0", "missing_lines": 107, "excluded_lines": 13, "num_branches": 36, "num_partial_branches": 0, "covered_branches": 0, "missing_branches": 36}, "missing_lines": [53, 54, 55, 56, 57, 58, 59, 60, 61, 64, 74, 75, 76, 81, 86, 91, 96, 105, 113, 114, 120, 125, 127, 128, 129, 130, 131, 132, 133, 134, 135, 137, 138, 139, 140, 141, 142, 143, 145, 146, 147, 148, 149, 154, 156, 158, 166, 167, 168, 169, 171, 173, 174, 175, 176, 177, 180, 181, 182, 184, 185, 186, 188, 189, 190, 191, 193, 194, 195, 196, 197, 198, 200, 201, 202, 203, 204, 206, 207, 208, 209, 210, 211, 212, 213, 214, 215, 216, 217, 218, 219, 222, 223, 224, 225, 226, 227, 229, 230, 231, 233, 239, 240, 241, 243, 244, 245], "excluded_lines": [62, 63, 65, 66, 67, 68, 69, 70, 71, 72, 73, 178, 179], "executed_branches": [], "missing_branches": [[127, 128], [127, 137], [128, 129], [128, 130], [137, 138], [137, 145], [138, 139], [138, 140], [141, 142], [141, 143], [146, 147], [146, 156], [147, 148], [147, 149], [167, 168], [167, 171], [195, 196], [195, 200], [197, 198], [197, 200], [202, 203], [202, 204], [210, 211], [210, 212], [212, 213], [212, 214], [214, 215], [214, 218], [222, 223], [222, 224], [230, 231], [230, 233], [239, 240], [239, 243], [244, -52], [244, 245]]}, "main._run_reflection": {"executed_lines": [], "summary": {"covered_lines": 0, "num_statements": 4, "percent_covered": 0.0, "percent_covered_display": "0", "missing_lines": 4, "excluded_lines": 2, "num_branches": 2, "num_partial_branches": 0, "covered_branches": 0, "missing_branches": 2}, "missing_lines": [159, 160, 161, 164], "excluded_lines": [162, 163], "executed_branches": [], "missing_branches": [[159, -158], [159, 160]]}, "": {"executed_lines": [], "summary": {"covered_lines": 0, "num_statements": 34, "percent_covered": 0.0, "percent_covered_display": "0", "missing_lines": 34, "excluded_lines": 10, "num_branches": 0, "num_partial_branches": 0, "covered_branches": 0, "missing_branches": 0}, "missing_lines": [3, 5, 6, 7, 8, 9, 10, 11, 12, 14, 15, 17, 18, 19, 20, 21, 22, 23, 24, 25, 26, 27, 28, 29, 30, 31, 33, 34, 40, 41, 46, 47, 49, 52], "excluded_lines": [36, 37, 38, 39, 42, 43, 44, 45, 248, 249], "executed_branches": [], "missing_branches": []}}, "classes": {"": {"executed_lines": [], "summary": {"covered_lines": 0, "num_statements": 145, "percent_covered": 0.0, "percent_covered_display": "0", "missing_lines": 145, "excluded_lines": 25, "num_branches": 38, "num_partial_branches": 0, "covered_branches": 0, "missing_branches": 38}, "missing_lines": [3, 5, 6, 7, 8, 9, 10, 11, 12, 14, 15, 17, 18, 19, 20, 21, 22, 23, 24, 25, 26, 27, 28, 29, 30, 31, 33, 34, 40, 41, 46, 47, 49, 52, 53, 54, 55, 56, 57, 58, 59, 60, 61, 64, 74, 75, 76, 81, 86, 91, 96, 105, 113, 114, 120, 125, 127, 128, 129, 130, 131, 132, 133, 134, 135, 137, 138, 139, 140, 141, 142, 143, 145, 146, 147, 148, 149, 154, 156, 158, 159, 160, 161, 164, 166, 167, 168, 169, 171, 173, 174, 175, 176, 177, 180, 181, 182, 184, 185, 186, 188, 189, 190, 191, 193, 194, 195, 196, 197, 198, 200, 201, 202, 203, 204, 206, 207, 208, 209, 210, 211, 212, 213, 214, 215, 216, 217, 218, 219, 222, 223, 224, 225, 226, 227, 229, 230, 231, 233, 239, 240, 241, 243, 244, 245], "excluded_lines": [36, 37, 38, 39, 42, 43, 44, 45, 62, 63, 65, 66, 67, 68, 69, 70, 71, 72, 73, 162, 163, 178, 179, 248, 249], "executed_branches": [], "missing_branches": [[127, 128], [127, 137], [128, 129], [128, 130], [137, 138], [137, 145], [138, 139], [138, 140], [141, 142], [141, 143], [146, 147], [146, 156], [147, 148], [147, 149], [159, -158], [159, 160], [167, 168], [167, 171], [195, 196], [195, 200], [197, 198], [197, 200], [202, 203], [202, 204], [210, 211], [210, 212], [212, 213], [212, 214], [214, 215], [214, 218], [222, 223], [222, 224], [230, 231], [230, 233], [239, 240], [239, 243], [244, -52], [244, 245]]}}}, "start_spiral_os.py": {"executed_lines": [2, 3, 5, 6, 7, 8, 9, 10, 11, 12, 13, 15, 16, 18, 19, 20, 21, 22, 23, 24, 25, 26, 27, 28, 29, 30, 31, 32, 34, 35, 38, 39, 40, 41, 44, 45, 47, 48, 50, 53, 54, 55, 56, 57, 58, 59, 60, 61, 62, 65, 75, 76, 77, 82, 87, 92, 97, 106, 114, 115, 121, 126, 131, 132, 136, 144, 146, 154, 156, 157, 159, 160, 161, 162, 163, 164, 166, 174, 175, 176, 178, 183, 185, 187, 188, 189, 190, 193, 195, 196, 197, 198, 200, 202, 203, 204, 205, 206, 209, 210, 211, 212, 214, 215, 216, 218, 219, 220, 221, 223, 224, 225, 230, 231, 232, 234, 236, 237, 238, 239, 240, 241, 242, 243, 244, 245, 246, 247, 248, 249, 252, 254, 255, 259, 260, 261, 263, 269, 270, 271, 273, 274, 275, 278], "summary": {"covered_lines": 138, "num_statements": 166, "percent_covered": 79.52380952380952, "percent_covered_display": "80", "missing_lines": 28, "excluded_lines": 25, "num_branches": 44, "num_partial_branches": 9, "covered_branches": 29, "missing_branches": 15}, "missing_lines": [133, 137, 138, 139, 140, 141, 142, 147, 148, 149, 150, 151, 152, 158, 167, 168, 169, 170, 171, 172, 177, 226, 227, 228, 233, 253, 256, 257], "excluded_lines": [34, 35, 36, 37, 40, 41, 42, 43, 63, 64, 66, 67, 68, 69, 70, 71, 72, 73, 74, 191, 192, 207, 208, 278, 279], "executed_branches": [[132, 136], [136, 144], [146, 154], [156, 157], [156, 166], [157, 159], [166, 174], [175, 176], [175, 185], [176, 178], [188, -187], [188, 189], [196, 197], [196, 200], [225, 230], [232, 234], [240, 241], [240, 242], [242, 243], [242, 244], [244, 245], [244, 248], [252, 254], [260, 261], [260, 263], [269, 270], [269, 273], [274, -53], [274, 275]], "missing_branches": [[132, 133], [136, 137], [146, 147], [157, 158], [166, 167], [167, 168], [167, 169], [170, 171], [170, 172], [176, 177], [225, 226], [227, 228], [227, 230], [232, 233], [252, 253]], "functions": {"main": {"executed_lines": [54, 55, 56, 57, 58, 59, 60, 61, 62, 65, 75, 76, 77, 82, 87, 92, 97, 106, 114, 115, 121, 126, 131, 132, 136, 144, 146, 154, 156, 157, 159, 160, 161, 162, 163, 164, 166, 174, 175, 176, 178, 183, 185, 187, 195, 196, 197, 198, 200, 202, 203, 204, 205, 206, 209, 210, 211, 212, 214, 215, 216, 218, 219, 220, 221, 223, 224, 225, 230, 231, 232, 234, 236, 237, 238, 239, 240, 241, 242, 243, 244, 245, 246, 247, 248, 249, 252, 254, 255, 259, 260, 261, 263, 269, 270, 271, 273, 274, 275], "summary": {"covered_lines": 99, "num_statements": 127, "percent_covered": 74.55621301775147, "percent_covered_display": "75", "missing_lines": 28, "excluded_lines": 13, "num_branches": 42, "num_partial_branches": 9, "covered_branches": 27, "missing_branches": 15}, "missing_lines": [133, 137, 138, 139, 140, 141, 142, 147, 148, 149, 150, 151, 152, 158, 167, 168, 169, 170, 171, 172, 177, 226, 227, 228, 233, 253, 256, 257], "excluded_lines": [63, 64, 66, 67, 68, 69, 70, 71, 72, 73, 74, 207, 208], "executed_branches": [[132, 136], [136, 144], [146, 154], [156, 157], [156, 166], [157, 159], [166, 174], [175, 176], [175, 185], [176, 178], [196, 197], [196, 200], [225, 230], [232, 234], [240, 241], [240, 242], [242, 243], [242, 244], [244, 245], [244, 248], [252, 254], [260, 261], [260, 263], [269, 270], [269, 273], [274, -53], [274, 275]], "missing_branches": [[132, 133], [136, 137], [146, 147], [157, 158], [166, 167], [167, 168], [167, 169], [170, 171], [170, 172], [176, 177], [225, 226], [227, 228], [227, 230], [232, 233], [252, 253]]}, "main._run_reflection": {"executed_lines": [188, 189, 190, 193], "summary": {"covered_lines": 4, "num_statements": 4, "percent_covered": 100.0, "percent_covered_display": "100", "missing_lines": 0, "excluded_lines": 2, "num_branches": 2, "num_partial_branches": 0, "covered_branches": 2, "missing_branches": 0}, "missing_lines": [], "excluded_lines": [191, 192], "executed_branches": [[188, -187], [188, 189]], "missing_branches": []}, "": {"executed_lines": [2, 3, 5, 6, 7, 8, 9, 10, 11, 12, 13, 15, 16, 18, 19, 20, 21, 22, 23, 24, 25, 26, 27, 28, 29, 30, 31, 32, 34, 35, 38, 39, 40, 41, 44, 45, 47, 48, 50, 53, 278], "summary": {"covered_lines": 35, "num_statements": 35, "percent_covered": 100.0, "percent_covered_display": "100", "missing_lines": 0, "excluded_lines": 10, "num_branches": 0, "num_partial_branches": 0, "covered_branches": 0, "missing_branches": 0}, "missing_lines": [], "excluded_lines": [34, 35, 36, 37, 40, 41, 42, 43, 278, 279], "executed_branches": [], "missing_branches": []}}, "classes": {"": {"executed_lines": [2, 3, 5, 6, 7, 8, 9, 10, 11, 12, 13, 15, 16, 18, 19, 20, 21, 22, 23, 24, 25, 26, 27, 28, 29, 30, 31, 32, 34, 35, 38, 39, 40, 41, 44, 45, 47, 48, 50, 53, 54, 55, 56, 57, 58, 59, 60, 61, 62, 65, 75, 76, 77, 82, 87, 92, 97, 106, 114, 115, 121, 126, 131, 132, 136, 144, 146, 154, 156, 157, 159, 160, 161, 162, 163, 164, 166, 174, 175, 176, 178, 183, 185, 187, 188, 189, 190, 193, 195, 196, 197, 198, 200, 202, 203, 204, 205, 206, 209, 210, 211, 212, 214, 215, 216, 218, 219, 220, 221, 223, 224, 225, 230, 231, 232, 234, 236, 237, 238, 239, 240, 241, 242, 243, 244, 245, 246, 247, 248, 249, 252, 254, 255, 259, 260, 261, 263, 269, 270, 271, 273, 274, 275, 278], "summary": {"covered_lines": 138, "num_statements": 166, "percent_covered": 79.52380952380952, "percent_covered_display": "80", "missing_lines": 28, "excluded_lines": 25, "num_branches": 44, "num_partial_branches": 9, "covered_branches": 29, "missing_branches": 15}, "missing_lines": [133, 137, 138, 139, 140, 141, 142, 147, 148, 149, 150, 151, 152, 158, 167, 168, 169, 170, 171, 172, 177, 226, 227, 228, 233, 253, 256, 257], "excluded_lines": [34, 35, 36, 37, 40, 41, 42, 43, 63, 64, 66, 67, 68, 69, 70, 71, 72, 73, 74, 191, 192, 207, 208, 278, 279], "executed_branches": [[132, 136], [136, 144], [146, 154], [156, 157], [156, 166], [157, 159], [166, 174], [175, 176], [175, 185], [176, 178], [188, -187], [188, 189], [196, 197], [196, 200], [225, 230], [232, 234], [240, 241], [240, 242], [242, 243], [242, 244], [244, 245], [244, 248], [252, 254], [260, 261], [260, 263], [269, 270], [269, 273], [274, -53], [274, 275]], "missing_branches": [[132, 133], [136, 137], [146, 147], [157, 158], [166, 167], [167, 168], [167, 169], [170, 171], [170, 172], [176, 177], [225, 226], [227, 228], [227, 230], [232, 233], [252, 253]]}}}, "vector_memory.py": {"executed_lines": [1, 7, 9, 10, 11, 12, 13, 14, 15, 16, 17, 18, 19, 21, 22, 23, 25, 26, 30, 31, 35, 36, 37, 38, 40, 41, 45, 46, 57, 61, 62, 64, 65, 67, 68, 69, 70, 73, 74, 75, 77, 78, 79, 82, 83, 84, 85, 86, 87, 88, 89, 90, 91, 92, 93, 96, 142, 158, 171, 184, 202, 231, 238, 255, 274, 303, 309, 322, 379, 390, 414, 436, 447, 458, 468, 495, 509, 523, 540, 577, 610, 628], "summary": {"covered_lines": 68, "num_statements": 365, "percent_covered": 14.663951120162933, "percent_covered_display": "15", "missing_lines": 297, "excluded_lines": 59, "num_branches": 126, "num_partial_branches": 0, "covered_branches": 4, "missing_branches": 122}, "missing_lines": [58, 114, 115, 116, 117, 118, 119, 120, 121, 122, 123, 126, 127, 128, 129, 130, 131, 132, 133, 134, 135, 136, 137, 138, 139, 143, 144, 145, 151, 152, 153, 161, 162, 163, 164, 165, 166, 178, 179, 180, 181, 187, 188, 189, 190, 191, 193, 194, 195, 196, 197, 198, 199, 207, 208, 209, 210, 211, 217, 220, 221, 223, 228, 233, 234, 235, 239, 240, 241, 242, 243, 244, 245, 246, 247, 248, 249, 250, 257, 258, 259, 260, 261, 262, 263, 264, 265, 266, 268, 271, 276, 277, 278, 279, 280, 281, 282, 284, 285, 286, 287, 288, 289, 293, 294, 295, 296, 299, 300, 305, 306, 310, 311, 314, 315, 316, 317, 318, 319, 330, 331, 332, 334, 335, 336, 337, 338, 339, 340, 341, 345, 346, 351, 352, 353, 354, 355, 356, 357, 358, 359, 360, 361, 363, 364, 365, 366, 367, 368, 369, 371, 372, 373, 374, 375, 376, 387, 397, 398, 399, 400, 401, 402, 403, 405, 406, 407, 408, 409, 410, 411, 418, 419, 420, 421, 422, 423, 424, 425, 426, 427, 428, 429, 430, 431, 432, 433, 437, 438, 439, 440, 441, 442, 443, 444, 448, 449, 450, 453, 454, 455, 460, 461, 462, 463, 464, 465, 471, 472, 473, 475, 476, 478, 479, 480, 481, 482, 487, 488, 489, 490, 498, 499, 500, 502, 503, 504, 505, 506, 512, 513, 514, 515, 516, 519, 520, 526, 527, 528, 529, 530, 531, 532, 533, 534, 543, 544, 545, 546, 547, 548, 549, 550, 551, 552, 553, 554, 556, 557, 558, 559, 560, 561, 562, 563, 569, 570, 571, 572, 573, 574, 584, 585, 586, 587, 588, 589, 591, 592, 594, 595, 596, 601, 602, 603, 604, 607, 613, 614, 615, 616, 617, 618, 619, 620, 621, 622], "excluded_lines": [25, 26, 27, 28, 30, 31, 32, 33, 35, 36, 37, 38, 40, 41, 42, 43, 45, 46, 47, 49, 50, 51, 53, 54, 154, 155, 167, 168, 204, 205, 224, 225, 226, 227, 251, 252, 269, 270, 297, 298, 312, 313, 451, 452, 491, 492, 535, 536, 537, 564, 565, 566, 567, 568, 605, 606, 623, 624, 625], "executed_branches": [], "missing_branches": [[114, 115], [114, 118], [118, 119], [118, 120], [120, 121], [120, 126], [121, 122], [121, 123], [126, 127], [126, 129], [132, 133], [132, 134], [134, 135], [134, 136], [136, -96], [136, 137], [208, 209], [208, 228], [210, 211], [210, 217], [220, 221], [220, 223], [233, 234], [233, 235], [241, 242], [241, 243], [243, 244], [243, 247], [244, 245], [244, 247], [245, 244], [245, 246], [247, -238], [247, 248], [258, 259], [258, 260], [265, 266], [265, 268], [281, 282], [281, 284], [294, 295], [294, 299], [305, -303], [305, 306], [315, 316], [315, 317], [317, 318], [317, 319], [339, 340], [339, 345], [351, 352], [351, 375], [352, 353], [352, 360], [354, 355], [354, 358], [355, 354], [355, 356], [358, 359], [358, 360], [360, 361], [360, 363], [366, 367], [366, 368], [368, 369], [368, 371], [402, 403], [402, 405], [407, 408], [407, 409], [420, 421], [420, 432], [421, 422], [421, 429], [423, 424], [423, 427], [424, 423], [424, 425], [427, 428], [427, 429], [439, 440], [439, 442], [440, 439], [440, 441], [442, -436], [442, 443], [448, -447], [448, 449], [453, 454], [453, 455], [460, 461], [460, 462], [472, 473], [472, 475], [499, 500], [499, 502], [504, 505], [504, 506], [527, 528], [527, 529], [530, 531], [530, 532], [545, 546], [545, 547], [549, 550], [549, 551], [552, 553], [552, 558], [553, 554], [553, 556], [570, 571], [570, 574], [572, 570], [572, 573], [587, 588], [587, 591], [602, 603], [602, 607], [615, 616], [615, 617], [619, 620], [619, 621]], "functions": {"_default_embed": {"executed_lines": [], "summary": {"covered_lines": 0, "num_statements": 1, "percent_covered": 0.0, "percent_covered_display": "0", "missing_lines": 1, "excluded_lines": 0, "num_branches": 0, "num_partial_branches": 0, "covered_branches": 0, "missing_branches": 0}, "missing_lines": [58], "excluded_lines": [], "executed_branches": [], "missing_branches": []}, "configure": {"executed_lines": [], "summary": {"covered_lines": 0, "num_statements": 24, "percent_covered": 0.0, "percent_covered_display": "0", "missing_lines": 24, "excluded_lines": 0, "num_branches": 16, "num_partial_branches": 0, "covered_branches": 0, "missing_branches": 16}, "missing_lines": [114, 115, 116, 117, 118, 119, 120, 121, 122, 123, 126, 127, 128, 129, 130, 131, 132, 133, 134, 135, 136, 137, 138, 139], "excluded_lines": [], "executed_branches": [], "missing_branches": [[114, 115], [114, 118], [118, 119], [118, 120], [120, 121], [120, 126], [121, 122], [121, 123], [126, 127], [126, 129], [132, 133], [132, 134], [134, 135], [134, 136], [136, -96], [136, 137]]}, "_log": {"executed_lines": [], "summary": {"covered_lines": 0, "num_statements": 6, "percent_covered": 0.0, "percent_covered_display": "0", "missing_lines": 6, "excluded_lines": 2, "num_branches": 0, "num_partial_branches": 0, "covered_branches": 0, "missing_branches": 0}, "missing_lines": [143, 144, 145, 151, 152, 153], "excluded_lines": [154, 155], "executed_branches": [], "missing_branches": []}, "_log_narrative": {"executed_lines": [], "summary": {"covered_lines": 0, "num_statements": 6, "percent_covered": 0.0, "percent_covered_display": "0", "missing_lines": 6, "excluded_lines": 2, "num_branches": 0, "num_partial_branches": 0, "covered_branches": 0, "missing_branches": 0}, "missing_lines": [161, 162, 163, 164, 165, 166], "excluded_lines": [167, 168], "executed_branches": [], "missing_branches": []}, "embed_text": {"executed_lines": [], "summary": {"covered_lines": 0, "num_statements": 4, "percent_covered": 33.333333333333336, "percent_covered_display": "33", "missing_lines": 4, "excluded_lines": 0, "num_branches": 2, "num_partial_branches": 0, "covered_branches": 2, "missing_branches": 0}, "missing_lines": [178, 179, 180, 181], "excluded_lines": [], "executed_branches": [], "missing_branches": []}, "cosine_similarity": {"executed_lines": [], "summary": {"covered_lines": 0, "num_statements": 12, "percent_covered": 14.285714285714286, "percent_covered_display": "14", "missing_lines": 12, "excluded_lines": 0, "num_branches": 2, "num_partial_branches": 0, "covered_branches": 2, "missing_branches": 0}, "missing_lines": [187, 188, 189, 190, 191, 193, 194, 195, 196, 197, 198, 199], "excluded_lines": [], "executed_branches": [], "missing_branches": []}, "_get_store": {"executed_lines": [], "summary": {"covered_lines": 0, "num_statements": 10, "percent_covered": 0.0, "percent_covered_display": "0", "missing_lines": 10, "excluded_lines": 6, "num_branches": 6, "num_partial_branches": 0, "covered_branches": 0, "missing_branches": 6}, "missing_lines": [207, 208, 209, 210, 211, 217, 220, 221, 223, 228], "excluded_lines": [204, 205, 224, 225, 226, 227], "executed_branches": [], "missing_branches": [[208, 209], [208, 228], [210, 211], [210, 217], [220, 221], [220, 223]]}, "_get_collection": {"executed_lines": [], "summary": {"covered_lines": 0, "num_statements": 3, "percent_covered": 0.0, "percent_covered_display": "0", "missing_lines": 3, "excluded_lines": 0, "num_branches": 2, "num_partial_branches": 0, "covered_branches": 0, "missing_branches": 2}, "missing_lines": [233, 234, 235], "excluded_lines": [], "executed_branches": [], "missing_branches": [[233, 234], [233, 235]]}, "_vacuum_files": {"executed_lines": [], "summary": {"covered_lines": 0, "num_statements": 12, "percent_covered": 0.0, "percent_covered_display": "0", "missing_lines": 12, "excluded_lines": 2, "num_branches": 10, "num_partial_branches": 0, "covered_branches": 0, "missing_branches": 10}, "missing_lines": [239, 240, 241, 242, 243, 244, 245, 246, 247, 248, 249, 250], "excluded_lines": [251, 252], "executed_branches": [], "missing_branches": [[241, 242], [241, 243], [243, 244], [243, 247], [244, 245], [244, 247], [245, 244], [245, 246], [247, -238], [247, 248]]}, "_after_write": {"executed_lines": [], "summary": {"covered_lines": 0, "num_statements": 12, "percent_covered": 0.0, "percent_covered_display": "0", "missing_lines": 12, "excluded_lines": 2, "num_branches": 4, "num_partial_branches": 0, "covered_branches": 0, "missing_branches": 4}, "missing_lines": [257, 258, 259, 260, 261, 262, 263, 264, 265, 266, 268, 271], "excluded_lines": [269, 270], "executed_branches": [], "missing_branches": [[258, 259], [258, 260], [265, 266], [265, 268]]}, "add_vector": {"executed_lines": [], "summary": {"covered_lines": 0, "num_statements": 19, "percent_covered": 0.0, "percent_covered_display": "0", "missing_lines": 19, "excluded_lines": 2, "num_branches": 4, "num_partial_branches": 0, "covered_branches": 0, "missing_branches": 4}, "missing_lines": [276, 277, 278, 279, 280, 281, 282, 284, 285, 286, 287, 288, 289, 293, 294, 295, 296, 299, 300], "excluded_lines": [297, 298], "executed_branches": [], "missing_branches": [[281, 282], [281, 284], [294, 295], [294, 299]]}, "add_vectors": {"executed_lines": [], "summary": {"covered_lines": 0, "num_statements": 2, "percent_covered": 0.0, "percent_covered_display": "0", "missing_lines": 2, "excluded_lines": 0, "num_branches": 2, "num_partial_branches": 0, "covered_branches": 0, "missing_branches": 2}, "missing_lines": [305, 306], "excluded_lines": [], "executed_branches": [], "missing_branches": [[305, -303], [305, 306]]}, "_decay": {"executed_lines": [], "summary": {"covered_lines": 0, "num_statements": 8, "percent_covered": 0.0, "percent_covered_display": "0", "missing_lines": 8, "excluded_lines": 2, "num_branches": 4, "num_partial_branches": 0, "covered_branches": 0, "missing_branches": 4}, "missing_lines": [310, 311, 314, 315, 316, 317, 318, 319], "excluded_lines": [312, 313], "executed_branches": [], "missing_branches": [[315, 316], [315, 317], [317, 318], [317, 319]]}, "search": {"executed_lines": [], "summary": {"covered_lines": 0, "num_statements": 37, "percent_covered": 0.0, "percent_covered_display": "0", "missing_lines": 37, "excluded_lines": 0, "num_branches": 18, "num_partial_branches": 0, "covered_branches": 0, "missing_branches": 18}, "missing_lines": [330, 331, 332, 334, 335, 336, 337, 338, 339, 340, 341, 345, 346, 351, 352, 353, 354, 355, 356, 357, 358, 359, 360, 361, 363, 364, 365, 366, 367, 368, 369, 371, 372, 373, 374, 375, 376], "excluded_lines": [], "executed_branches": [], "missing_branches": [[339, 340], [339, 345], [351, 352], [351, 375], [352, 353], [352, 360], [354, 355], [354, 358], [355, 354], [355, 356], [358, 359], [358, 360], [360, 361], [360, 363], [366, 367], [366, 368], [368, 369], [368, 371]]}, "search_batch": {"executed_lines": [], "summary": {"covered_lines": 0, "num_statements": 1, "percent_covered": 0.0, "percent_covered_display": "0", "missing_lines": 1, "excluded_lines": 0, "num_branches": 0, "num_partial_branches": 0, "covered_branches": 0, "missing_branches": 0}, "missing_lines": [387], "excluded_lines": [], "executed_branches": [], "missing_branches": []}, "rewrite_vector": {"executed_lines": [], "summary": {"covered_lines": 0, "num_statements": 14, "percent_covered": 0.0, "percent_covered_display": "0", "missing_lines": 14, "excluded_lines": 0, "num_branches": 4, "num_partial_branches": 0, "covered_branches": 0, "missing_branches": 4}, "missing_lines": [397, 398, 399, 400, 401, 402, 403, 405, 406, 407, 408, 409, 410, 411], "excluded_lines": [], "executed_branches": [], "missing_branches": [[402, 403], [402, 405], [407, 408], [407, 409]]}, "query_vectors": {"executed_lines": [], "summary": {"covered_lines": 0, "num_statements": 16, "percent_covered": 0.0, "percent_covered_display": "0", "missing_lines": 16, "excluded_lines": 0, "num_branches": 10, "num_partial_branches": 0, "covered_branches": 0, "missing_branches": 10}, "missing_lines": [418, 419, 420, 421, 422, 423, 424, 425, 426, 427, 428, 429, 430, 431, 432, 433], "excluded_lines": [], "executed_branches": [], "missing_branches": [[420, 421], [420, 432], [421, 422], [421, 429], [423, 424], [423, 427], [424, 423], [424, 425], [427, 428], [427, 429]]}, "_compact": {"executed_lines": [], "summary": {"covered_lines": 0, "num_statements": 8, "percent_covered": 0.0, "percent_covered_display": "0", "missing_lines": 8, "excluded_lines": 0, "num_branches": 6, "num_partial_branches": 0, "covered_branches": 0, "missing_branches": 6}, "missing_lines": [437, 438, 439, 440, 441, 442, 443, 444], "excluded_lines": [], "executed_branches": [], "missing_branches": [[439, 440], [439, 442], [440, 439], [440, 441], [442, -436], [442, 443]]}, "_compactor": {"executed_lines": [], "summary": {"covered_lines": 0, "num_statements": 6, "percent_covered": 0.0, "percent_covered_display": "0", "missing_lines": 6, "excluded_lines": 2, "num_branches": 4, "num_partial_branches": 0, "covered_branches": 0, "missing_branches": 4}, "missing_lines": [448, 449, 450, 453, 454, 455], "excluded_lines": [451, 452], "executed_branches": [], "missing_branches": [[448, -447], [448, 449], [453, 454], [453, 455]]}, "_start_compaction_thread": {"executed_lines": [], "summary": {"covered_lines": 0, "num_statements": 6, "percent_covered": 0.0, "percent_covered_display": "0", "missing_lines": 6, "excluded_lines": 0, "num_branches": 2, "num_partial_branches": 0, "covered_branches": 0, "missing_branches": 2}, "missing_lines": [460, 461, 462, 463, 464, 465], "excluded_lines": [], "executed_branches": [], "missing_branches": [[460, 461], [460, 462]]}, "snapshot": {"executed_lines": [], "summary": {"covered_lines": 0, "num_statements": 14, "percent_covered": 0.0, "percent_covered_display": "0", "missing_lines": 14, "excluded_lines": 2, "num_branches": 2, "num_partial_branches": 0, "covered_branches": 0, "missing_branches": 2}, "missing_lines": [471, 472, 473, 475, 476, 478, 479, 480, 481, 482, 487, 488, 489, 490], "excluded_lines": [491, 492], "executed_branches": [], "missing_branches": [[472, 473], [472, 475]]}, "restore": {"executed_lines": [], "summary": {"covered_lines": 0, "num_statements": 8, "percent_covered": 0.0, "percent_covered_display": "0", "missing_lines": 8, "excluded_lines": 0, "num_branches": 4, "num_partial_branches": 0, "covered_branches": 0, "missing_branches": 4}, "missing_lines": [498, 499, 500, 502, 503, 504, 505, 506], "excluded_lines": [], "executed_branches": [], "missing_branches": [[499, 500], [499, 502], [504, 505], [504, 506]]}, "persist_snapshot": {"executed_lines": [], "summary": {"covered_lines": 0, "num_statements": 7, "percent_covered": 0.0, "percent_covered_display": "0", "missing_lines": 7, "excluded_lines": 0, "num_branches": 0, "num_partial_branches": 0, "covered_branches": 0, "missing_branches": 0}, "missing_lines": [512, 513, 514, 515, 516, 519, 520], "excluded_lines": [], "executed_branches": [], "missing_branches": []}, "restore_latest_snapshot": {"executed_lines": [], "summary": {"covered_lines": 0, "num_statements": 9, "percent_covered": 0.0, "percent_covered_display": "0", "missing_lines": 9, "excluded_lines": 3, "num_branches": 4, "num_partial_branches": 0, "covered_branches": 0, "missing_branches": 4}, "missing_lines": [526, 527, 528, 529, 530, 531, 532, 533, 534], "excluded_lines": [535, 536, 537], "executed_branches": [], "missing_branches": [[527, 528], [527, 529], [530, 531], [530, 532]]}, "cluster_vectors": {"executed_lines": [], "summary": {"covered_lines": 0, "num_statements": 26, "percent_covered": 0.0, "percent_covered_display": "0", "missing_lines": 26, "excluded_lines": 5, "num_branches": 12, "num_partial_branches": 0, "covered_branches": 0, "missing_branches": 12}, "missing_lines": [543, 544, 545, 546, 547, 548, 549, 550, 551, 552, 553, 554, 556, 557, 558, 559, 560, 561, 562, 563, 569, 570, 571, 572, 573, 574], "excluded_lines": [564, 565, 566, 567, 568], "executed_branches": [], "missing_branches": [[545, 546], [545, 547], [549, 550], [549, 551], [552, 553], [552, 558], [553, 554], [553, 556], [570, 571], [570, 574], [572, 570], [572, 573]]}, "persist_clusters": {"executed_lines": [], "summary": {"covered_lines": 0, "num_statements": 16, "percent_covered": 0.0, "percent_covered_display": "0", "missing_lines": 16, "excluded_lines": 2, "num_branches": 4, "num_partial_branches": 0, "covered_branches": 0, "missing_branches": 4}, "missing_lines": [584, 585, 586, 587, 588, 589, 591, 592, 594, 595, 596, 601, 602, 603, 604, 607], "excluded_lines": [605, 606], "executed_branches": [], "missing_branches": [[587, 588], [587, 591], [602, 603], [602, 607]]}, "load_latest_clusters": {"executed_lines": [], "summary": {"covered_lines": 0, "num_statements": 10, "percent_covered": 0.0, "percent_covered_display": "0", "missing_lines": 10, "excluded_lines": 3, "num_branches": 4, "num_partial_branches": 0, "covered_branches": 0, "missing_branches": 4}, "missing_lines": [613, 614, 615, 616, 617, 618, 619, 620, 621, 622], "excluded_lines": [623, 624, 625], "executed_branches": [], "missing_branches": [[615, 616], [615, 617], [619, 620], [619, 621]]}, "": {"executed_lines": [1, 7, 9, 10, 11, 12, 13, 14, 15, 16, 17, 18, 19, 21, 22, 23, 25, 26, 30, 31, 35, 36, 37, 38, 40, 41, 45, 46, 57, 61, 62, 64, 65, 67, 68, 69, 70, 73, 74, 75, 77, 78, 79, 82, 83, 84, 85, 86, 87, 88, 89, 90, 91, 92, 93, 96, 142, 158, 171, 184, 202, 231, 238, 255, 274, 303, 309, 322, 379, 390, 414, 436, 447, 458, 468, 495, 509, 523, 540, 577, 610, 628], "summary": {"covered_lines": 68, "num_statements": 68, "percent_covered": 100.0, "percent_covered_display": "100", "missing_lines": 0, "excluded_lines": 24, "num_branches": 0, "num_partial_branches": 0, "covered_branches": 0, "missing_branches": 0}, "missing_lines": [], "excluded_lines": [25, 26, 27, 28, 30, 31, 32, 33, 35, 36, 37, 38, 40, 41, 42, 43, 45, 46, 47, 49, 50, 51, 53, 54], "executed_branches": [], "missing_branches": []}}, "classes": {"VersionInfo": {"executed_lines": [], "summary": {"covered_lines": 0, "num_statements": 0, "percent_covered": 100.0, "percent_covered_display": "100", "missing_lines": 0, "excluded_lines": 0, "num_branches": 0, "num_partial_branches": 0, "covered_branches": 0, "missing_branches": 0}, "missing_lines": [], "excluded_lines": [], "executed_branches": [], "missing_branches": []}, "": {"executed_lines": [1, 7, 9, 10, 11, 12, 13, 14, 15, 16, 17, 18, 19, 21, 22, 23, 25, 26, 30, 31, 35, 36, 37, 38, 40, 41, 45, 46, 57, 61, 62, 64, 65, 67, 68, 69, 70, 73, 74, 75, 77, 78, 79, 82, 83, 84, 85, 86, 87, 88, 89, 90, 91, 92, 93, 96, 142, 158, 171, 184, 202, 231, 238, 255, 274, 303, 309, 322, 379, 390, 414, 436, 447, 458, 468, 495, 509, 523, 540, 577, 610, 628], "summary": {"covered_lines": 68, "num_statements": 365, "percent_covered": 14.663951120162933, "percent_covered_display": "15", "missing_lines": 297, "excluded_lines": 59, "num_branches": 126, "num_partial_branches": 0, "covered_branches": 4, "missing_branches": 122}, "missing_lines": [58, 114, 115, 116, 117, 118, 119, 120, 121, 122, 123, 126, 127, 128, 129, 130, 131, 132, 133, 134, 135, 136, 137, 138, 139, 143, 144, 145, 151, 152, 153, 161, 162, 163, 164, 165, 166, 178, 179, 180, 181, 187, 188, 189, 190, 191, 193, 194, 195, 196, 197, 198, 199, 207, 208, 209, 210, 211, 217, 220, 221, 223, 228, 233, 234, 235, 239, 240, 241, 242, 243, 244, 245, 246, 247, 248, 249, 250, 257, 258, 259, 260, 261, 262, 263, 264, 265, 266, 268, 271, 276, 277, 278, 279, 280, 281, 282, 284, 285, 286, 287, 288, 289, 293, 294, 295, 296, 299, 300, 305, 306, 310, 311, 314, 315, 316, 317, 318, 319, 330, 331, 332, 334, 335, 336, 337, 338, 339, 340, 341, 345, 346, 351, 352, 353, 354, 355, 356, 357, 358, 359, 360, 361, 363, 364, 365, 366, 367, 368, 369, 371, 372, 373, 374, 375, 376, 387, 397, 398, 399, 400, 401, 402, 403, 405, 406, 407, 408, 409, 410, 411, 418, 419, 420, 421, 422, 423, 424, 425, 426, 427, 428, 429, 430, 431, 432, 433, 437, 438, 439, 440, 441, 442, 443, 444, 448, 449, 450, 453, 454, 455, 460, 461, 462, 463, 464, 465, 471, 472, 473, 475, 476, 478, 479, 480, 481, 482, 487, 488, 489, 490, 498, 499, 500, 502, 503, 504, 505, 506, 512, 513, 514, 515, 516, 519, 520, 526, 527, 528, 529, 530, 531, 532, 533, 534, 543, 544, 545, 546, 547, 548, 549, 550, 551, 552, 553, 554, 556, 557, 558, 559, 560, 561, 562, 563, 569, 570, 571, 572, 573, 574, 584, 585, 586, 587, 588, 589, 591, 592, 594, 595, 596, 601, 602, 603, 604, 607, 613, 614, 615, 616, 617, 618, 619, 620, 621, 622], "excluded_lines": [25, 26, 27, 28, 30, 31, 32, 33, 35, 36, 37, 38, 40, 41, 42, 43, 45, 46, 47, 49, 50, 51, 53, 54, 154, 155, 167, 168, 204, 205, 224, 225, 226, 227, 251, 252, 269, 270, 297, 298, 312, 313, 451, 452, 491, 492, 535, 536, 537, 564, 565, 566, 567, 568, 605, 606, 623, 624, 625], "executed_branches": [], "missing_branches": [[114, 115], [114, 118], [118, 119], [118, 120], [120, 121], [120, 126], [121, 122], [121, 123], [126, 127], [126, 129], [132, 133], [132, 134], [134, 135], [134, 136], [136, -96], [136, 137], [208, 209], [208, 228], [210, 211], [210, 217], [220, 221], [220, 223], [233, 234], [233, 235], [241, 242], [241, 243], [243, 244], [243, 247], [244, 245], [244, 247], [245, 244], [245, 246], [247, -238], [247, 248], [258, 259], [258, 260], [265, 266], [265, 268], [281, 282], [281, 284], [294, 295], [294, 299], [305, -303], [305, 306], [315, 316], [315, 317], [317, 318], [317, 319], [339, 340], [339, 345], [351, 352], [351, 375], [352, 353], [352, 360], [354, 355], [354, 358], [355, 354], [355, 356], [358, 359], [358, 360], [360, 361], [360, 363], [366, 367], [366, 368], [368, 369], [368, 371], [402, 403], [402, 405], [407, 408], [407, 409], [420, 421], [420, 432], [421, 422], [421, 429], [423, 424], [423, 427], [424, 423], [424, 425], [427, 428], [427, 429], [439, 440], [439, 442], [440, 439], [440, 441], [442, -436], [442, 443], [448, -447], [448, 449], [453, 454], [453, 455], [460, 461], [460, 462], [472, 473], [472, 475], [499, 500], [499, 502], [504, 505], [504, 506], [527, 528], [527, 529], [530, 531], [530, 532], [545, 546], [545, 547], [549, 550], [549, 551], [552, 553], [552, 558], [553, 554], [553, 556], [570, 571], [570, 574], [572, 570], [572, 573], [587, 588], [587, 591], [602, 603], [602, 607], [615, 616], [615, 617], [619, 620], [619, 621]]}}}}, "totals": {"covered_lines": 383, "num_statements": 995, "percent_covered": 35.50893550893551, "percent_covered_display": "36", "missing_lines": 612, "excluded_lines": 150, "num_branches": 292, "num_partial_branches": 30, "covered_branches": 74, "missing_branches": 218}}