{"meta": {"format": 3, "version": "7.10.6", "timestamp": "2025-09-20T06:56:01.938393", "branch_coverage": true, "show_contexts": false}, "files": {"spiral_memory.py": {"executed_lines": [1, 7, 9, 10, 11, 12, 13, 14, 15, 17, 18, 20, 22, 23, 25, 26, 27, 33, 36, 39, 40, 41, 52, 53, 54, 55, 56, 57, 60, 63, 64, 65, 67, 68, 69, 71, 72, 74, 75, 77, 83, 84, 85, 87, 88, 89, 90, 92, 93, 94, 97, 100, 102, 105, 107, 108, 109, 110, 111, 112, 113, 114, 115, 116, 119, 132, 133, 134, 135, 136, 137, 138, 139, 141, 142, 150, 151, 152, 156, 159, 161, 162, 164, 165, 166, 167, 168, 169, 170, 172, 173, 174, 175, 176, 177, 180, 183, 186, 189], "summary": {"covered_lines": 81, "num_statements": 82, "percent_covered": 97.11538461538461, "percent_covered_display": "97", "missing_lines": 1, "excluded_lines": 29, "num_branches": 22, "num_partial_branches": 2, "covered_branches": 20, "missing_branches": 2}, "missing_lines": [106], "excluded_lines": [25, 26, 27, 28, 29, 30, 31, 58, 59, 63, 64, 65, 66, 67, 68, 69, 70, 71, 72, 73, 74, 75, 76, 77, 78, 79, 80, 138, 139], "executed_branches": [[54, 55], [54, 56], [56, 57], [56, 60], [93, -92], [93, 94], [105, 107], [107, 108], [107, 111], [113, 114], [113, 116], [114, 113], [114, 115], [134, 135], [134, 141], [167, 168], [167, 173], [169, 170], [169, 172], [174, 175]], "missing_branches": [[105, 106], [174, 177]], "functions": {"_connect": {"executed_lines": [39, 40, 41, 52, 53, 54, 55, 56, 57, 60], "summary": {"covered_lines": 10, "num_statements": 10, "percent_covered": 100.0, "percent_covered_display": "100", "missing_lines": 0, "excluded_lines": 2, "num_branches": 4, "num_partial_branches": 0, "covered_branches": 4, "missing_branches": 0}, "missing_lines": [], "excluded_lines": [58, 59], "executed_branches": [[54, 55], [54, 56], [56, 57], [56, 60]], "missing_branches": []}, "RecursiveTransformer.__post_init__": {"executed_lines": [72, 74, 75], "summary": {"covered_lines": 0, "num_statements": 0, "percent_covered": 100.0, "percent_covered_display": "100", "missing_lines": 0, "excluded_lines": 4, "num_branches": 0, "num_partial_branches": 0, "covered_branches": 0, "missing_branches": 0}, "missing_lines": [], "excluded_lines": [72, 73, 74, 75], "executed_branches": [], "missing_branches": []}, "RecursiveTransformer.__call__": {"executed_lines": [], "summary": {"covered_lines": 0, "num_statements": 0, "percent_covered": 100.0, "percent_covered_display": "100", "missing_lines": 0, "excluded_lines": 3, "num_branches": 0, "num_partial_branches": 0, "covered_branches": 0, "missing_branches": 0}, "missing_lines": [], "excluded_lines": [78, 79, 80], "executed_branches": [], "missing_branches": []}, "SpiralMemory.__post_init__": {"executed_lines": [93, 94], "summary": {"covered_lines": 2, "num_statements": 2, "percent_covered": 100.0, "percent_covered_display": "100", "missing_lines": 0, "excluded_lines": 0, "num_branches": 2, "num_partial_branches": 0, "covered_branches": 2, "missing_branches": 0}, "missing_lines": [], "excluded_lines": [], "executed_branches": [[93, -92], [93, 94]], "missing_branches": []}, "SpiralMemory.add_layer": {"executed_lines": [100], "summary": {"covered_lines": 1, "num_statements": 1, "percent_covered": 100.0, "percent_covered_display": "100", "missing_lines": 0, "excluded_lines": 0, "num_branches": 0, "num_partial_branches": 0, "covered_branches": 0, "missing_branches": 0}, "missing_lines": [], "excluded_lines": [], "executed_branches": [], "missing_branches": []}, "SpiralMemory.aggregate": {"executed_lines": [105, 107, 108, 109, 110, 111, 112, 113, 114, 115, 116], "summary": {"covered_lines": 11, "num_statements": 12, "percent_covered": 90.0, "percent_covered_display": "90", "missing_lines": 1, "excluded_lines": 0, "num_branches": 8, "num_partial_branches": 1, "covered_branches": 7, "missing_branches": 1}, "missing_lines": [106], "excluded_lines": [], "executed_branches": [[105, 107], [107, 108], [107, 111], [113, 114], [113, 116], [114, 113], [114, 115]], "missing_branches": [[105, 106]]}, "SpiralMemory.register_event": {"executed_lines": [132, 133, 134, 135, 136, 137, 138, 139, 141, 142], "summary": {"covered_lines": 8, "num_statements": 8, "percent_covered": 100.0, "percent_covered_display": "100", "missing_lines": 0, "excluded_lines": 2, "num_branches": 2, "num_partial_branches": 0, "covered_branches": 2, "missing_branches": 0}, "missing_lines": [], "excluded_lines": [138, 139], "executed_branches": [[134, 135], [134, 141]], "missing_branches": []}, "SpiralMemory._load_events": {"executed_lines": [151, 152, 156], "summary": {"covered_lines": 3, "num_statements": 3, "percent_covered": 100.0, "percent_covered_display": "100", "missing_lines": 0, "excluded_lines": 0, "num_branches": 0, "num_partial_branches": 0, "covered_branches": 0, "missing_branches": 0}, "missing_lines": [], "excluded_lines": [], "executed_branches": [], "missing_branches": []}, "SpiralMemory.recall": {"executed_lines": [161, 162, 164, 165, 166, 167, 168, 169, 170, 172, 173, 174, 175, 176, 177], "summary": {"covered_lines": 15, "num_statements": 15, "percent_covered": 95.23809523809524, "percent_covered_display": "95", "missing_lines": 0, "excluded_lines": 0, "num_branches": 6, "num_partial_branches": 1, "covered_branches": 5, "missing_branches": 1}, "missing_lines": [], "excluded_lines": [], "executed_branches": [[167, 168], [167, 173], [169, 170], [169, 172], [174, 175]], "missing_branches": [[174, 177]]}, "spiral_recall": {"executed_lines": [186], "summary": {"covered_lines": 1, "num_statements": 1, "percent_covered": 100.0, "percent_covered_display": "100", "missing_lines": 0, "excluded_lines": 0, "num_branches": 0, "num_partial_branches": 0, "covered_branches": 0, "missing_branches": 0}, "missing_lines": [], "excluded_lines": [], "executed_branches": [], "missing_branches": []}, "": {"executed_lines": [1, 7, 9, 10, 11, 12, 13, 14, 15, 17, 18, 20, 22, 23, 25, 26, 27, 33, 36, 63, 64, 65, 67, 68, 69, 71, 77, 83, 84, 85, 87, 88, 89, 90, 92, 97, 102, 119, 150, 159, 180, 183, 189], "summary": {"covered_lines": 30, "num_statements": 30, "percent_covered": 100.0, "percent_covered_display": "100", "missing_lines": 0, "excluded_lines": 18, "num_branches": 0, "num_partial_branches": 0, "covered_branches": 0, "missing_branches": 0}, "missing_lines": [], "excluded_lines": [25, 26, 27, 28, 29, 30, 31, 63, 64, 65, 66, 67, 68, 69, 70, 71, 76, 77], "executed_branches": [], "missing_branches": []}}, "classes": {"RecursiveTransformer": {"executed_lines": [72, 74, 75], "summary": {"covered_lines": 0, "num_statements": 0, "percent_covered": 100.0, "percent_covered_display": "100", "missing_lines": 0, "excluded_lines": 7, "num_branches": 0, "num_partial_branches": 0, "covered_branches": 0, "missing_branches": 0}, "missing_lines": [], "excluded_lines": [72, 73, 74, 75, 78, 79, 80], "executed_branches": [], "missing_branches": []}, "SpiralMemory": {"executed_lines": [93, 94, 100, 105, 107, 108, 109, 110, 111, 112, 113, 114, 115, 116, 132, 133, 134, 135, 136, 137, 138, 139, 141, 142, 151, 152, 156, 161, 162, 164, 165, 166, 167, 168, 169, 170, 172, 173, 174, 175, 176, 177], "summary": {"covered_lines": 40, "num_statements": 41, "percent_covered": 94.91525423728814, "percent_covered_display": "95", "missing_lines": 1, "excluded_lines": 2, "num_branches": 18, "num_partial_branches": 2, "covered_branches": 16, "missing_branches": 2}, "missing_lines": [106], "excluded_lines": [138, 139], "executed_branches": [[93, -92], [93, 94], [105, 107], [107, 108], [107, 111], [113, 114], [113, 116], [114, 113], [114, 115], [134, 135], [134, 141], [167, 168], [167, 173], [169, 170], [169, 172], [174, 175]], "missing_branches": [[105, 106], [174, 177]]}, "": {"executed_lines": [1, 7, 9, 10, 11, 12, 13, 14, 15, 17, 18, 20, 22, 23, 25, 26, 27, 33, 36, 39, 40, 41, 52, 53, 54, 55, 56, 57, 60, 63, 64, 65, 67, 68, 69, 71, 77, 83, 84, 85, 87, 88, 89, 90, 92, 97, 102, 119, 150, 159, 180, 183, 186, 189], "summary": {"covered_lines": 41, "num_statements": 41, "percent_covered": 100.0, "percent_covered_display": "100", "missing_lines": 0, "excluded_lines": 20, "num_branches": 4, "num_partial_branches": 0, "covered_branches": 4, "missing_branches": 0}, "missing_lines": [], "excluded_lines": [25, 26, 27, 28, 29, 30, 31, 58, 59, 63, 64, 65, 66, 67, 68, 69, 70, 71, 76, 77], "executed_branches": [[54, 55], [54, 56], [56, 57], [56, 60]], "missing_branches": []}}}, "spiral_os": {"executed_lines": [2, 3, 5, 6, 7, 8, 9, 11, 13, 16, 23, 24, 25, 26, 27, 28, 29, 30, 31, 32, 33, 35, 36, 39, 40, 41, 42, 43, 44, 45, 46, 49, 52, 54, 55, 57, 58, 60, 61, 63, 65, 66, 67, 69, 70, 73], "summary": {"covered_lines": 45, "num_statements": 47, "percent_covered": 91.2280701754386, "percent_covered_display": "91", "missing_lines": 2, "excluded_lines": 0, "num_branches": 10, "num_partial_branches": 3, "covered_branches": 7, "missing_branches": 3}, "missing_lines": [37, 74], "excluded_lines": [], "executed_branches": [[36, 39], [39, -16], [39, 40], [41, 42], [65, 66], [65, 69], [73, -1]], "missing_branches": [[36, 37], [41, 39], [73, 74]], "functions": {"deploy_pipeline": {"executed_lines": [23, 24, 25, 26, 27, 28, 29, 30, 31, 32, 33, 35, 36, 39, 40, 41, 42, 43, 44, 45, 46, 49], "summary": {"covered_lines": 22, "num_statements": 23, "percent_covered": 89.65517241379311, "percent_covered_display": "90", "missing_lines": 1, "excluded_lines": 0, "num_branches": 6, "num_partial_branches": 2, "covered_branches": 4, "missing_branches": 2}, "missing_lines": [37], "excluded_lines": [], "executed_branches": [[36, 39], [39, -16], [39, 40], [41, 42]], "missing_branches": [[36, 37], [41, 39]]}, "main": {"executed_lines": [54, 55, 57, 58, 60, 61, 63, 65, 66, 67, 69, 70], "summary": {"covered_lines": 12, "num_statements": 12, "percent_covered": 100.0, "percent_covered_display": "100", "missing_lines": 0, "excluded_lines": 0, "num_branches": 2, "num_partial_branches": 0, "covered_branches": 2, "missing_branches": 0}, "missing_lines": [], "excluded_lines": [], "executed_branches": [[65, 66], [65, 69]], "missing_branches": []}, "": {"executed_lines": [2, 3, 5, 6, 7, 8, 9, 11, 13, 16, 52, 73], "summary": {"covered_lines": 11, "num_statements": 12, "percent_covered": 85.71428571428571, "percent_covered_display": "86", "missing_lines": 1, "excluded_lines": 0, "num_branches": 2, "num_partial_branches": 1, "covered_branches": 1, "missing_branches": 1}, "missing_lines": [74], "excluded_lines": [], "executed_branches": [[73, -1]], "missing_branches": [[73, 74]]}}, "classes": {"": {"executed_lines": [2, 3, 5, 6, 7, 8, 9, 11, 13, 16, 23, 24, 25, 26, 27, 28, 29, 30, 31, 32, 33, 35, 36, 39, 40, 41, 42, 43, 44, 45, 46, 49, 52, 54, 55, 57, 58, 60, 61, 63, 65, 66, 67, 69, 70, 73], "summary": {"covered_lines": 45, "num_statements": 47, "percent_covered": 91.2280701754386, "percent_covered_display": "91", "missing_lines": 2, "excluded_lines": 0, "num_branches": 10, "num_partial_branches": 3, "covered_branches": 7, "missing_branches": 3}, "missing_lines": [37, 74], "excluded_lines": [], "executed_branches": [[36, 39], [39, -16], [39, 40], [41, 42], [65, 66], [65, 69], [73, -1]], "missing_branches": [[36, 37], [41, 39], [73, 74]]}}}, "spiral_vector_db/__init__.py": {"executed_lines": [1, 3, 5, 6, 7, 8, 9, 11, 13, 15, 16, 20, 21, 23, 24, 25, 27, 28, 30, 31, 34, 36, 37, 39, 40, 41, 42, 43, 44, 45, 48, 49, 50, 51, 54, 56, 57, 58, 59, 60, 61, 62, 63, 64, 65, 66, 67, 68, 69, 71, 72, 73, 74, 75, 78, 82, 83, 84, 86, 87, 88, 89, 90, 91, 93, 95, 96, 97, 98, 99, 100, 101, 102, 103, 104, 105, 107, 108, 109, 110, 112, 113, 114, 115, 116, 117, 118, 119, 120, 123], "summary": {"covered_lines": 80, "num_statements": 81, "percent_covered": 96.46017699115045, "percent_covered_display": "96", "missing_lines": 1, "excluded_lines": 12, "num_branches": 32, "num_partial_branches": 3, "covered_branches": 29, "missing_branches": 3}, "missing_lines": [106], "excluded_lines": [15, 16, 17, 18, 20, 21, 22, 23, 24, 25, 36, 37], "executed_branches": [[39, 40], [39, 41], [41, 42], [49, 50], [49, 51], [57, 58], [57, 59], [63, 64], [63, 75], [66, 67], [66, 68], [68, 69], [68, 71], [83, 84], [83, 86], [90, 91], [90, 93], [96, 97], [96, 119], [97, 98], [99, 100], [99, 103], [100, 99], [100, 101], [103, 104], [103, 105], [105, 107], [107, 108], [107, 112]], "missing_branches": [[41, 45], [97, 105], [105, 106]], "functions": {"init_db": {"executed_lines": [36, 37, 39, 40, 41, 42, 43, 44, 45], "summary": {"covered_lines": 7, "num_statements": 7, "percent_covered": 90.9090909090909, "percent_covered_display": "91", "missing_lines": 0, "excluded_lines": 2, "num_branches": 4, "num_partial_branches": 1, "covered_branches": 3, "missing_branches": 1}, "missing_lines": [], "excluded_lines": [36, 37], "executed_branches": [[39, 40], [39, 41], [41, 42]], "missing_branches": [[41, 45]]}, "_get_collection": {"executed_lines": [49, 50, 51], "summary": {"covered_lines": 3, "num_statements": 3, "percent_covered": 100.0, "percent_covered_display": "100", "missing_lines": 0, "excluded_lines": 0, "num_branches": 2, "num_partial_branches": 0, "covered_branches": 2, "missing_branches": 0}, "missing_lines": [], "excluded_lines": [], "executed_branches": [[49, 50], [49, 51]], "missing_branches": []}, "insert_embeddings": {"executed_lines": [56, 57, 58, 59, 60, 61, 62, 63, 64, 65, 66, 67, 68, 69, 71, 72, 73, 74, 75], "summary": {"covered_lines": 19, "num_statements": 19, "percent_covered": 100.0, "percent_covered_display": "100", "missing_lines": 0, "excluded_lines": 0, "num_branches": 8, "num_partial_branches": 0, "covered_branches": 8, "missing_branches": 0}, "missing_lines": [], "excluded_lines": [], "executed_branches": [[57, 58], [57, 59], [63, 64], [63, 75], [66, 67], [66, 68], [68, 69], [68, 71]], "missing_branches": []}, "query_embeddings": {"executed_lines": [82, 83, 84, 86, 87, 88, 89, 90, 91, 93, 95, 96, 97, 98, 99, 100, 101, 102, 103, 104, 105, 107, 108, 109, 110, 112, 113, 114, 115, 116, 117, 118, 119, 120], "summary": {"covered_lines": 34, "num_statements": 35, "percent_covered": 94.33962264150944, "percent_covered_display": "94", "missing_lines": 1, "excluded_lines": 0, "num_branches": 18, "num_partial_branches": 2, "covered_branches": 16, "missing_branches": 2}, "missing_lines": [106], "excluded_lines": [], "executed_branches": [[83, 84], [83, 86], [90, 91], [90, 93], [96, 97], [96, 119], [97, 98], [99, 100], [99, 103], [100, 99], [100, 101], [103, 104], [103, 105], [105, 107], [107, 108], [107, 112]], "missing_branches": [[97, 105], [105, 106]]}, "": {"executed_lines": [1, 3, 5, 6, 7, 8, 9, 11, 13, 15, 16, 20, 21, 23, 24, 25, 27, 28, 30, 31, 34, 48, 54, 78, 123], "summary": {"covered_lines": 17, "num_statements": 17, "percent_covered": 100.0, "percent_covered_display": "100", "missing_lines": 0, "excluded_lines": 10, "num_branches": 0, "num_partial_branches": 0, "covered_branches": 0, "missing_branches": 0}, "missing_lines": [], "excluded_lines": [15, 16, 17, 18, 20, 21, 22, 23, 24, 25], "executed_branches": [], "missing_branches": []}}, "classes": {"": {"executed_lines": [1, 3, 5, 6, 7, 8, 9, 11, 13, 15, 16, 20, 21, 23, 24, 25, 27, 28, 30, 31, 34, 36, 37, 39, 40, 41, 42, 43, 44, 45, 48, 49, 50, 51, 54, 56, 57, 58, 59, 60, 61, 62, 63, 64, 65, 66, 67, 68, 69, 71, 72, 73, 74, 75, 78, 82, 83, 84, 86, 87, 88, 89, 90, 91, 93, 95, 96, 97, 98, 99, 100, 101, 102, 103, 104, 105, 107, 108, 109, 110, 112, 113, 114, 115, 116, 117, 118, 119, 120, 123], "summary": {"covered_lines": 80, "num_statements": 81, "percent_covered": 96.46017699115045, "percent_covered_display": "96", "missing_lines": 1, "excluded_lines": 12, "num_branches": 32, "num_partial_branches": 3, "covered_branches": 29, "missing_branches": 3}, "missing_lines": [106], "excluded_lines": [15, 16, 17, 18, 20, 21, 22, 23, 24, 25, 36, 37], "executed_branches": [[39, 40], [39, 41], [41, 42], [49, 50], [49, 51], [57, 58], [57, 59], [63, 64], [63, 75], [66, 67], [66, 68], [68, 69], [68, 71], [83, 84], [83, 86], [90, 91], [90, 93], [96, 97], [96, 119], [97, 98], [99, 100], [99, 103], [100, 99], [100, 101], [103, 104], [103, 105], [105, 107], [107, 108], [107, 112]], "missing_branches": [[41, 45], [97, 105], [105, 106]]}}}, "src/spiral_os/__init__.py": {"executed_lines": [1, 3], "summary": {"covered_lines": 1, "num_statements": 1, "percent_covered": 100.0, "percent_covered_display": "100", "missing_lines": 0, "excluded_lines": 0, "num_branches": 0, "num_partial_branches": 0, "covered_branches": 0, "missing_branches": 0}, "missing_lines": [], "excluded_lines": [], "executed_branches": [], "missing_branches": [], "functions": {"": {"executed_lines": [1, 3], "summary": {"covered_lines": 1, "num_statements": 1, "percent_covered": 100.0, "percent_covered_display": "100", "missing_lines": 0, "excluded_lines": 0, "num_branches": 0, "num_partial_branches": 0, "covered_branches": 0, "missing_branches": 0}, "missing_lines": [], "excluded_lines": [], "executed_branches": [], "missing_branches": []}}, "classes": {"": {"executed_lines": [1, 3], "summary": {"covered_lines": 1, "num_statements": 1, "percent_covered": 100.0, "percent_covered_display": "100", "missing_lines": 0, "excluded_lines": 0, "num_branches": 0, "num_partial_branches": 0, "covered_branches": 0, "missing_branches": 0}, "missing_lines": [], "excluded_lines": [], "executed_branches": [], "missing_branches": []}}}, "src/spiral_os/__main__.py": {"executed_lines": [1, 3, 5, 6, 7, 8, 9, 11, 13, 16, 18, 19, 20, 25, 26, 27, 29, 30, 31, 32, 33, 44, 51, 53, 54, 56, 57, 58, 59, 61, 64, 68, 70, 71, 72, 73, 74, 75, 77, 78, 81], "summary": {"covered_lines": 40, "num_statements": 49, "percent_covered": 81.9672131147541, "percent_covered_display": "82", "missing_lines": 9, "excluded_lines": 0, "num_branches": 12, "num_partial_branches": 2, "covered_branches": 10, "missing_branches": 2}, "missing_lines": [21, 22, 23, 37, 38, 41, 46, 48, 82], "excluded_lines": [], "executed_branches": [[26, 27], [26, 29], [29, -16], [29, 30], [31, 32], [70, 71], [70, 73], [73, 74], [73, 77], [81, -1]], "missing_branches": [[31, 29], [81, 82]], "functions": {"deploy_pipeline": {"executed_lines": [18, 19, 20, 25, 26, 27, 29, 30, 31, 32, 33], "summary": {"covered_lines": 11, "num_statements": 17, "percent_covered": 69.56521739130434, "percent_covered_display": "70", "missing_lines": 6, "excluded_lines": 0, "num_branches": 6, "num_partial_branches": 1, "covered_branches": 5, "missing_branches": 1}, "missing_lines": [21, 22, 23, 37, 38, 41], "excluded_lines": [], "executed_branches": [[26, 27], [26, 29], [29, -16], [29, 30], [31, 32]], "missing_branches": [[31, 29]]}, "start_os": {"executed_lines": [], "summary": {"covered_lines": 0, "num_statements": 2, "percent_covered": 0.0, "percent_covered_display": "0", "missing_lines": 2, "excluded_lines": 0, "num_branches": 0, "num_partial_branches": 0, "covered_branches": 0, "missing_branches": 0}, "missing_lines": [46, 48], "excluded_lines": [], "executed_branches": [], "missing_branches": []}, "main": {"executed_lines": [53, 54, 56, 57, 58, 59, 61, 64, 68, 70, 71, 72, 73, 74, 75, 77, 78], "summary": {"covered_lines": 17, "num_statements": 17, "percent_covered": 100.0, "percent_covered_display": "100", "missing_lines": 0, "excluded_lines": 0, "num_branches": 4, "num_partial_branches": 0, "covered_branches": 4, "missing_branches": 0}, "missing_lines": [], "excluded_lines": [], "executed_branches": [[70, 71], [70, 73], [73, 74], [73, 77]], "missing_branches": []}, "": {"executed_lines": [1, 3, 5, 6, 7, 8, 9, 11, 13, 16, 44, 51, 81], "summary": {"covered_lines": 12, "num_statements": 13, "percent_covered": 86.66666666666667, "percent_covered_display": "87", "missing_lines": 1, "excluded_lines": 0, "num_branches": 2, "num_partial_branches": 1, "covered_branches": 1, "missing_branches": 1}, "missing_lines": [82], "excluded_lines": [], "executed_branches": [[81, -1]], "missing_branches": [[81, 82]]}}, "classes": {"": {"executed_lines": [1, 3, 5, 6, 7, 8, 9, 11, 13, 16, 18, 19, 20, 25, 26, 27, 29, 30, 31, 32, 33, 44, 51, 53, 54, 56, 57, 58, 59, 61, 64, 68, 70, 71, 72, 73, 74, 75, 77, 78, 81], "summary": {"covered_lines": 40, "num_statements": 49, "percent_covered": 81.9672131147541, "percent_covered_display": "82", "missing_lines": 9, "excluded_lines": 0, "num_branches": 12, "num_partial_branches": 2, "covered_branches": 10, "missing_branches": 2}, "missing_lines": [21, 22, 23, 37, 38, 41, 46, 48, 82], "excluded_lines": [], "executed_branches": [[26, 27], [26, 29], [29, -16], [29, 30], [31, 32], [70, 71], [70, 73], [73, 74], [73, 77], [81, -1]], "missing_branches": [[31, 29], [81, 82]]}}}, "src/spiral_os/_hf_stub.py": {"executed_lines": [1, 9, 12, 14, 17, 18], "summary": {"covered_lines": 4, "num_statements": 4, "percent_covered": 100.0, "percent_covered_display": "100", "missing_lines": 0, "excluded_lines": 0, "num_branches": 0, "num_partial_branches": 0, "covered_branches": 0, "missing_branches": 0}, "missing_lines": [], "excluded_lines": [], "executed_branches": [], "missing_branches": [], "functions": {"snapshot_download": {"executed_lines": [14], "summary": {"covered_lines": 1, "num_statements": 1, "percent_covered": 100.0, "percent_covered_display": "100", "missing_lines": 0, "excluded_lines": 0, "num_branches": 0, "num_partial_branches": 0, "covered_branches": 0, "missing_branches": 0}, "missing_lines": [], "excluded_lines": [], "executed_branches": [], "missing_branches": []}, "": {"executed_lines": [1, 9, 12, 17, 18], "summary": {"covered_lines": 3, "num_statements": 3, "percent_covered": 100.0, "percent_covered_display": "100", "missing_lines": 0, "excluded_lines": 0, "num_branches": 0, "num_partial_branches": 0, "covered_branches": 0, "missing_branches": 0}, "missing_lines": [], "excluded_lines": [], "executed_branches": [], "missing_branches": []}}, "classes": {"HfHubHTTPError": {"executed_lines": [], "summary": {"covered_lines": 0, "num_statements": 0, "percent_covered": 100.0, "percent_covered_display": "100", "missing_lines": 0, "excluded_lines": 0, "num_branches": 0, "num_partial_branches": 0, "covered_branches": 0, "missing_branches": 0}, "missing_lines": [], "excluded_lines": [], "executed_branches": [], "missing_branches": []}, "": {"executed_lines": [1, 9, 12, 14, 17, 18], "summary": {"covered_lines": 4, "num_statements": 4, "percent_covered": 100.0, "percent_covered_display": "100", "missing_lines": 0, "excluded_lines": 0, "num_branches": 0, "num_partial_branches": 0, "covered_branches": 0, "missing_branches": 0}, "missing_lines": [], "excluded_lines": [], "executed_branches": [], "missing_branches": []}}}, "src/spiral_os/chakra_cycle.py": {"executed_lines": [2, 4, 6, 8, 9, 10, 11, 13, 16, 27, 28, 29, 31, 32, 33, 36, 37, 39, 44, 45, 47, 48, 49, 52, 55, 58, 61, 62, 63, 64, 65, 66, 67, 70, 73, 74, 75, 79, 82, 85, 88, 91, 94], "summary": {"covered_lines": 40, "num_statements": 41, "percent_covered": 95.74468085106383, "percent_covered_display": "96", "missing_lines": 1, "excluded_lines": 0, "num_branches": 6, "num_partial_branches": 1, "covered_branches": 5, "missing_branches": 1}, "missing_lines": [76], "excluded_lines": [], "executed_branches": [[48, -39], [48, 49], [63, 64], [63, 67], [74, 75]], "missing_branches": [[74, 76]], "functions": {"ChakraCycle.__init__": {"executed_lines": [44, 45, 47, 48, 49], "summary": {"covered_lines": 5, "num_statements": 5, "percent_covered": 100.0, "percent_covered_display": "100", "missing_lines": 0, "excluded_lines": 0, "num_branches": 2, "num_partial_branches": 0, "covered_branches": 2, "missing_branches": 0}, "missing_lines": [], "excluded_lines": [], "executed_branches": [[48, -39], [48, 49]], "missing_branches": []}, "ChakraCycle.get_cycle": {"executed_lines": [55], "summary": {"covered_lines": 1, "num_statements": 1, "percent_covered": 100.0, "percent_covered_display": "100", "missing_lines": 0, "excluded_lines": 0, "num_branches": 0, "num_partial_branches": 0, "covered_branches": 0, "missing_branches": 0}, "missing_lines": [], "excluded_lines": [], "executed_branches": [], "missing_branches": []}, "ChakraCycle.emit_heartbeat": {"executed_lines": [61, 62, 63, 64, 65, 66, 67], "summary": {"covered_lines": 7, "num_statements": 7, "percent_covered": 100.0, "percent_covered_display": "100", "missing_lines": 0, "excluded_lines": 0, "num_branches": 2, "num_partial_branches": 0, "covered_branches": 2, "missing_branches": 0}, "missing_lines": [], "excluded_lines": [], "executed_branches": [[63, 64], [63, 67]], "missing_branches": []}, "ChakraCycle.scheduler": {"executed_lines": [73, 74, 75], "summary": {"covered_lines": 3, "num_statements": 4, "percent_covered": 66.66666666666667, "percent_covered_display": "67", "missing_lines": 1, "excluded_lines": 0, "num_branches": 2, "num_partial_branches": 1, "covered_branches": 1, "missing_branches": 1}, "missing_lines": [76], "excluded_lines": [], "executed_branches": [[74, 75]], "missing_branches": [[74, 76]]}, "get_cycle": {"executed_lines": [85], "summary": {"covered_lines": 1, "num_statements": 1, "percent_covered": 100.0, "percent_covered_display": "100", "missing_lines": 0, "excluded_lines": 0, "num_branches": 0, "num_partial_branches": 0, "covered_branches": 0, "missing_branches": 0}, "missing_lines": [], "excluded_lines": [], "executed_branches": [], "missing_branches": []}, "emit_heartbeat": {"executed_lines": [91], "summary": {"covered_lines": 1, "num_statements": 1, "percent_covered": 100.0, "percent_covered_display": "100", "missing_lines": 0, "excluded_lines": 0, "num_branches": 0, "num_partial_branches": 0, "covered_branches": 0, "missing_branches": 0}, "missing_lines": [], "excluded_lines": [], "executed_branches": [], "missing_branches": []}, "": {"executed_lines": [2, 4, 6, 8, 9, 10, 11, 13, 16, 27, 28, 29, 31, 32, 33, 36, 37, 39, 52, 58, 70, 79, 82, 88, 94], "summary": {"covered_lines": 22, "num_statements": 22, "percent_covered": 100.0, "percent_covered_display": "100", "missing_lines": 0, "excluded_lines": 0, "num_branches": 0, "num_partial_branches": 0, "covered_branches": 0, "missing_branches": 0}, "missing_lines": [], "excluded_lines": [], "executed_branches": [], "missing_branches": []}}, "classes": {"Heartbeat": {"executed_lines": [], "summary": {"covered_lines": 0, "num_statements": 0, "percent_covered": 100.0, "percent_covered_display": "100", "missing_lines": 0, "excluded_lines": 0, "num_branches": 0, "num_partial_branches": 0, "covered_branches": 0, "missing_branches": 0}, "missing_lines": [], "excluded_lines": [], "executed_branches": [], "missing_branches": []}, "ChakraCycle": {"executed_lines": [44, 45, 47, 48, 49, 55, 61, 62, 63, 64, 65, 66, 67, 73, 74, 75], "summary": {"covered_lines": 16, "num_statements": 17, "percent_covered": 91.30434782608695, "percent_covered_display": "91", "missing_lines": 1, "excluded_lines": 0, "num_branches": 6, "num_partial_branches": 1, "covered_branches": 5, "missing_branches": 1}, "missing_lines": [76], "excluded_lines": [], "executed_branches": [[48, -39], [48, 49], [63, 64], [63, 67], [74, 75]], "missing_branches": [[74, 76]]}, "": {"executed_lines": [2, 4, 6, 8, 9, 10, 11, 13, 16, 27, 28, 29, 31, 32, 33, 36, 37, 39, 52, 58, 70, 79, 82, 85, 88, 91, 94], "summary": {"covered_lines": 24, "num_statements": 24, "percent_covered": 100.0, "percent_covered_display": "100", "missing_lines": 0, "excluded_lines": 0, "num_branches": 0, "num_partial_branches": 0, "covered_branches": 0, "missing_branches": 0}, "missing_lines": [], "excluded_lines": [], "executed_branches": [], "missing_branches": []}}}, "src/spiral_os/pulse_emitter.py": {"executed_lines": [1, 3, 5, 6, 8, 10, 12, 21, 24, 28, 29, 30, 31, 32, 35, 37, 40], "summary": {"covered_lines": 16, "num_statements": 16, "percent_covered": 100.0, "percent_covered_display": "100", "missing_lines": 0, "excluded_lines": 0, "num_branches": 2, "num_partial_branches": 0, "covered_branches": 2, "missing_branches": 0}, "missing_lines": [], "excluded_lines": [], "executed_branches": [[30, 31], [30, 32]], "missing_branches": [], "functions": {"emit_pulse": {"executed_lines": [28, 29, 30, 31, 32], "summary": {"covered_lines": 5, "num_statements": 5, "percent_covered": 100.0, "percent_covered_display": "100", "missing_lines": 0, "excluded_lines": 0, "num_branches": 2, "num_partial_branches": 0, "covered_branches": 2, "missing_branches": 0}, "missing_lines": [], "excluded_lines": [], "executed_branches": [[30, 31], [30, 32]], "missing_branches": []}, "run": {"executed_lines": [37], "summary": {"covered_lines": 1, "num_statements": 1, "percent_covered": 100.0, "percent_covered_display": "100", "missing_lines": 0, "excluded_lines": 0, "num_branches": 0, "num_partial_branches": 0, "covered_branches": 0, "missing_branches": 0}, "missing_lines": [], "excluded_lines": [], "executed_branches": [], "missing_branches": []}, "": {"executed_lines": [1, 3, 5, 6, 8, 10, 12, 21, 24, 35, 40], "summary": {"covered_lines": 10, "num_statements": 10, "percent_covered": 100.0, "percent_covered_display": "100", "missing_lines": 0, "excluded_lines": 0, "num_branches": 0, "num_partial_branches": 0, "covered_branches": 0, "missing_branches": 0}, "missing_lines": [], "excluded_lines": [], "executed_branches": [], "missing_branches": []}}, "classes": {"": {"executed_lines": [1, 3, 5, 6, 8, 10, 12, 21, 24, 28, 29, 30, 31, 32, 35, 37, 40], "summary": {"covered_lines": 16, "num_statements": 16, "percent_covered": 100.0, "percent_covered_display": "100", "missing_lines": 0, "excluded_lines": 0, "num_branches": 2, "num_partial_branches": 0, "covered_branches": 2, "missing_branches": 0}, "missing_lines": [], "excluded_lines": [], "executed_branches": [[30, 31], [30, 32]], "missing_branches": []}}}, "src/spiral_os/start_spiral_os.py": {"executed_lines": [2, 3, 5, 6, 7, 8, 9, 10, 11, 12, 14, 15, 17, 18, 19, 20, 21, 22, 23, 24, 25, 26, 27, 28, 29, 30, 31, 33, 34, 36, 37, 40, 41, 42, 43, 46, 47, 49, 52, 53, 54, 66, 67, 68, 69, 70, 71, 74, 75, 76, 81, 86, 91, 96, 105, 113, 114, 120, 125, 127, 128, 130, 131, 134, 135, 137, 138, 139, 140, 141, 142, 143, 145, 146, 147, 148, 149, 154, 156, 158, 159, 160, 161, 164, 166, 167, 168, 169, 171, 173, 174, 175, 176, 177, 180, 181, 182, 184, 185, 186, 188, 189, 190, 191, 193, 194, 195, 196, 197, 198, 200, 201, 202, 203, 204, 206, 207, 208, 209, 210, 211, 212, 213, 214, 215, 216, 217, 218, 219, 222, 224, 225, 226, 227, 229, 230, 231, 233, 239, 243, 244, 245, 248], "summary": {"covered_lines": 131, "num_statements": 145, "percent_covered": 87.97814207650273, "percent_covered_display": "88", "missing_lines": 14, "excluded_lines": 25, "num_branches": 38, "num_partial_branches": 8, "covered_branches": 30, "missing_branches": 8}, "missing_lines": [55, 56, 57, 58, 59, 60, 61, 64, 129, 132, 133, 223, 240, 241], "excluded_lines": [36, 37, 38, 39, 42, 43, 44, 45, 62, 63, 65, 66, 67, 68, 69, 70, 71, 72, 73, 162, 163, 178, 179, 248, 249], "executed_branches": [[127, 128], [127, 137], [128, 130], [137, 138], [137, 145], [138, 139], [138, 140], [141, 142], [141, 143], [146, 147], [147, 148], [147, 149], [159, -158], [159, 160], [167, 168], [195, 196], [195, 200], [197, 198], [202, 203], [210, 211], [210, 212], [212, 213], [212, 214], [214, 215], [214, 218], [222, 224], [230, 231], [239, 243], [244, -52], [244, 245]], "missing_branches": [[128, 129], [146, 156], [167, 171], [197, 200], [202, 204], [222, 223], [230, 233], [239, 240]], "functions": {"main": {"executed_lines": [53, 54, 66, 67, 68, 69, 70, 71, 74, 75, 76, 81, 86, 91, 96, 105, 113, 114, 120, 125, 127, 128, 130, 131, 134, 135, 137, 138, 139, 140, 141, 142, 143, 145, 146, 147, 148, 149, 154, 156, 158, 166, 167, 168, 169, 171, 173, 174, 175, 176, 177, 180, 181, 182, 184, 185, 186, 188, 189, 190, 191, 193, 194, 195, 196, 197, 198, 200, 201, 202, 203, 204, 206, 207, 208, 209, 210, 211, 212, 213, 214, 215, 216, 217, 218, 219, 222, 224, 225, 226, 227, 229, 230, 231, 233, 239, 243, 244, 245], "summary": {"covered_lines": 93, "num_statements": 107, "percent_covered": 84.61538461538461, "percent_covered_display": "85", "missing_lines": 14, "excluded_lines": 13, "num_branches": 36, "num_partial_branches": 8, "covered_branches": 28, "missing_branches": 8}, "missing_lines": [55, 56, 57, 58, 59, 60, 61, 64, 129, 132, 133, 223, 240, 241], "excluded_lines": [62, 63, 65, 66, 67, 68, 69, 70, 71, 72, 73, 178, 179], "executed_branches": [[127, 128], [127, 137], [128, 130], [137, 138], [137, 145], [138, 139], [138, 140], [141, 142], [141, 143], [146, 147], [147, 148], [147, 149], [167, 168], [195, 196], [195, 200], [197, 198], [202, 203], [210, 211], [210, 212], [212, 213], [212, 214], [214, 215], [214, 218], [222, 224], [230, 231], [239, 243], [244, -52], [244, 245]], "missing_branches": [[128, 129], [146, 156], [167, 171], [197, 200], [202, 204], [222, 223], [230, 233], [239, 240]]}, "main._run_reflection": {"executed_lines": [159, 160, 161, 164], "summary": {"covered_lines": 4, "num_statements": 4, "percent_covered": 100.0, "percent_covered_display": "100", "missing_lines": 0, "excluded_lines": 2, "num_branches": 2, "num_partial_branches": 0, "covered_branches": 2, "missing_branches": 0}, "missing_lines": [], "excluded_lines": [162, 163], "executed_branches": [[159, -158], [159, 160]], "missing_branches": []}, "": {"executed_lines": [2, 3, 5, 6, 7, 8, 9, 10, 11, 12, 14, 15, 17, 18, 19, 20, 21, 22, 23, 24, 25, 26, 27, 28, 29, 30, 31, 33, 34, 36, 37, 40, 41, 42, 43, 46, 47, 49, 52, 248], "summary": {"covered_lines": 34, "num_statements": 34, "percent_covered": 100.0, "percent_covered_display": "100", "missing_lines": 0, "excluded_lines": 10, "num_branches": 0, "num_partial_branches": 0, "covered_branches": 0, "missing_branches": 0}, "missing_lines": [], "excluded_lines": [36, 37, 38, 39, 42, 43, 44, 45, 248, 249], "executed_branches": [], "missing_branches": []}}, "classes": {"": {"executed_lines": [2, 3, 5, 6, 7, 8, 9, 10, 11, 12, 14, 15, 17, 18, 19, 20, 21, 22, 23, 24, 25, 26, 27, 28, 29, 30, 31, 33, 34, 36, 37, 40, 41, 42, 43, 46, 47, 49, 52, 53, 54, 66, 67, 68, 69, 70, 71, 74, 75, 76, 81, 86, 91, 96, 105, 113, 114, 120, 125, 127, 128, 130, 131, 134, 135, 137, 138, 139, 140, 141, 142, 143, 145, 146, 147, 148, 149, 154, 156, 158, 159, 160, 161, 164, 166, 167, 168, 169, 171, 173, 174, 175, 176, 177, 180, 181, 182, 184, 185, 186, 188, 189, 190, 191, 193, 194, 195, 196, 197, 198, 200, 201, 202, 203, 204, 206, 207, 208, 209, 210, 211, 212, 213, 214, 215, 216, 217, 218, 219, 222, 224, 225, 226, 227, 229, 230, 231, 233, 239, 243, 244, 245, 248], "summary": {"covered_lines": 131, "num_statements": 145, "percent_covered": 87.97814207650273, "percent_covered_display": "88", "missing_lines": 14, "excluded_lines": 25, "num_branches": 38, "num_partial_branches": 8, "covered_branches": 30, "missing_branches": 8}, "missing_lines": [55, 56, 57, 58, 59, 60, 61, 64, 129, 132, 133, 223, 240, 241], "excluded_lines": [36, 37, 38, 39, 42, 43, 44, 45, 62, 63, 65, 66, 67, 68, 69, 70, 71, 72, 73, 162, 163, 178, 179, 248, 249], "executed_branches": [[127, 128], [127, 137], [128, 130], [137, 138], [137, 145], [138, 139], [138, 140], [141, 142], [141, 143], [146, 147], [147, 148], [147, 149], [159, -158], [159, 160], [167, 168], [195, 196], [195, 200], [197, 198], [202, 203], [210, 211], [210, 212], [212, 213], [212, 214], [214, 215], [214, 218], [222, 224], [230, 231], [239, 243], [244, -52], [244, 245]], "missing_branches": [[128, 129], [146, 156], [167, 171], [197, 200], [202, 204], [222, 223], [230, 233], [239, 240]]}}}, "start_spiral_os.py": {"executed_lines": [2, 3, 5, 7, 8, 9, 10, 11, 12, 13, 14, 15, 17, 18, 20, 21, 22, 23, 24, 25, 26, 27, 28, 29, 30, 31, 32, 33, 34, 36, 37, 40, 41, 42, 43, 46, 47, 49, 50, 52, 55, 56, 57, 58, 59, 60, 61, 62, 63, 64, 66, 67, 69, 70, 71, 72, 73, 76, 77, 78, 79, 84, 89, 94, 99, 108, 116, 117, 123, 128, 133, 134, 135, 138, 139, 140, 142, 143, 144, 146, 148, 149, 150, 152, 153, 154, 156, 158, 159, 160, 161, 162, 163, 164, 165, 166, 168, 169, 170, 176, 177, 178, 179, 180, 185, 187, 189, 190, 191, 192, 195, 197, 198, 199, 200, 202, 204, 205, 206, 207, 208, 210, 211, 212, 213, 214, 216, 217, 218, 220, 221, 222, 223, 225, 226, 227, 228, 229, 230, 232, 233, 234, 235, 236, 238, 239, 240, 241, 242, 243, 244, 245, 246, 247, 248, 249, 250, 251, 254, 256, 257, 258, 259, 261, 262, 263, 265, 271, 272, 273, 275, 276, 277, 280], "summary": {"covered_lines": 160, "num_statements": 167, "percent_covered": 94.31279620853081, "percent_covered_display": "94", "missing_lines": 7, "excluded_lines": 25, "num_branches": 44, "num_partial_branches": 3, "covered_branches": 39, "missing_branches": 5}, "missing_lines": [141, 151, 171, 172, 173, 174, 255], "excluded_lines": [36, 37, 38, 39, 42, 43, 44, 45, 65, 66, 68, 69, 70, 71, 72, 73, 74, 75, 76, 193, 194, 209, 210, 280, 281], "executed_branches": [[134, 135], [134, 138], [138, 139], [138, 146], [148, 149], [148, 156], [158, 159], [158, 168], [159, 160], [159, 161], [168, 169], [168, 176], [169, 170], [177, 178], [177, 187], [178, 179], [178, 180], [190, -189], [190, 191], [198, 199], [198, 202], [227, 228], [227, 232], [229, 230], [234, 235], [234, 236], [242, 243], [242, 244], [244, 245], [244, 246], [246, 247], [246, 250], [254, 256], [262, 263], [262, 265], [271, 272], [271, 275], [276, -55], [276, 277]], "missing_branches": [[169, 171], [172, 173], [172, 174], [229, 232], [254, 255]], "functions": {"main": {"executed_lines": [56, 57, 58, 59, 60, 61, 62, 63, 64, 66, 67, 69, 70, 71, 72, 73, 76, 77, 78, 79, 84, 89, 94, 99, 108, 116, 117, 123, 128, 133, 134, 135, 138, 139, 140, 142, 143, 144, 146, 148, 149, 150, 152, 153, 154, 156, 158, 159, 160, 161, 162, 163, 164, 165, 166, 168, 169, 170, 176, 177, 178, 179, 180, 185, 187, 189, 197, 198, 199, 200, 202, 204, 205, 206, 207, 208, 210, 211, 212, 213, 214, 216, 217, 218, 220, 221, 222, 223, 225, 226, 227, 228, 229, 230, 232, 233, 234, 235, 236, 238, 239, 240, 241, 242, 243, 244, 245, 246, 247, 248, 249, 250, 251, 254, 256, 257, 258, 259, 261, 262, 263, 265, 271, 272, 273, 275, 276, 277], "summary": {"covered_lines": 120, "num_statements": 127, "percent_covered": 92.89940828402366, "percent_covered_display": "93", "missing_lines": 7, "excluded_lines": 13, "num_branches": 42, "num_partial_branches": 3, "covered_branches": 37, "missing_branches": 5}, "missing_lines": [141, 151, 171, 172, 173, 174, 255], "excluded_lines": [65, 66, 68, 69, 70, 71, 72, 73, 74, 75, 76, 209, 210], "executed_branches": [[134, 135], [134, 138], [138, 139], [138, 146], [148, 149], [148, 156], [158, 159], [158, 168], [159, 160], [159, 161], [168, 169], [168, 176], [169, 170], [177, 178], [177, 187], [178, 179], [178, 180], [198, 199], [198, 202], [227, 228], [227, 232], [229, 230], [234, 235], [234, 236], [242, 243], [242, 244], [244, 245], [244, 246], [246, 247], [246, 250], [254, 256], [262, 263], [262, 265], [271, 272], [271, 275], [276, -55], [276, 277]], "missing_branches": [[169, 171], [172, 173], [172, 174], [229, 232], [254, 255]]}, "main._run_reflection": {"executed_lines": [190, 191, 192, 195], "summary": {"covered_lines": 4, "num_statements": 4, "percent_covered": 100.0, "percent_covered_display": "100", "missing_lines": 0, "excluded_lines": 2, "num_branches": 2, "num_partial_branches": 0, "covered_branches": 2, "missing_branches": 0}, "missing_lines": [], "excluded_lines": [193, 194], "executed_branches": [[190, -189], [190, 191]], "missing_branches": []}, "": {"executed_lines": [2, 3, 5, 7, 8, 9, 10, 11, 12, 13, 14, 15, 17, 18, 20, 21, 22, 23, 24, 25, 26, 27, 28, 29, 30, 31, 32, 33, 34, 36, 37, 40, 41, 42, 43, 46, 47, 49, 50, 52, 55, 280], "summary": {"covered_lines": 36, "num_statements": 36, "percent_covered": 100.0, "percent_covered_display": "100", "missing_lines": 0, "excluded_lines": 10, "num_branches": 0, "num_partial_branches": 0, "covered_branches": 0, "missing_branches": 0}, "missing_lines": [], "excluded_lines": [36, 37, 38, 39, 42, 43, 44, 45, 280, 281], "executed_branches": [], "missing_branches": []}}, "classes": {"": {"executed_lines": [2, 3, 5, 7, 8, 9, 10, 11, 12, 13, 14, 15, 17, 18, 20, 21, 22, 23, 24, 25, 26, 27, 28, 29, 30, 31, 32, 33, 34, 36, 37, 40, 41, 42, 43, 46, 47, 49, 50, 52, 55, 56, 57, 58, 59, 60, 61, 62, 63, 64, 66, 67, 69, 70, 71, 72, 73, 76, 77, 78, 79, 84, 89, 94, 99, 108, 116, 117, 123, 128, 133, 134, 135, 138, 139, 140, 142, 143, 144, 146, 148, 149, 150, 152, 153, 154, 156, 158, 159, 160, 161, 162, 163, 164, 165, 166, 168, 169, 170, 176, 177, 178, 179, 180, 185, 187, 189, 190, 191, 192, 195, 197, 198, 199, 200, 202, 204, 205, 206, 207, 208, 210, 211, 212, 213, 214, 216, 217, 218, 220, 221, 222, 223, 225, 226, 227, 228, 229, 230, 232, 233, 234, 235, 236, 238, 239, 240, 241, 242, 243, 244, 245, 246, 247, 248, 249, 250, 251, 254, 256, 257, 258, 259, 261, 262, 263, 265, 271, 272, 273, 275, 276, 277, 280], "summary": {"covered_lines": 160, "num_statements": 167, "percent_covered": 94.31279620853081, "percent_covered_display": "94", "missing_lines": 7, "excluded_lines": 25, "num_branches": 44, "num_partial_branches": 3, "covered_branches": 39, "missing_branches": 5}, "missing_lines": [141, 151, 171, 172, 173, 174, 255], "excluded_lines": [36, 37, 38, 39, 42, 43, 44, 45, 65, 66, 68, 69, 70, 71, 72, 73, 74, 75, 76, 193, 194, 209, 210, 280, 281], "executed_branches": [[134, 135], [134, 138], [138, 139], [138, 146], [148, 149], [148, 156], [158, 159], [158, 168], [159, 160], [159, 161], [168, 169], [168, 176], [169, 170], [177, 178], [177, 187], [178, 179], [178, 180], [190, -189], [190, 191], [198, 199], [198, 202], [227, 228], [227, 232], [229, 230], [234, 235], [234, 236], [242, 243], [242, 244], [244, 245], [244, 246], [246, 247], [246, 250], [254, 256], [262, 263], [262, 265], [271, 272], [271, 275], [276, -55], [276, 277]], "missing_branches": [[169, 171], [172, 173], [172, 174], [229, 232], [254, 255]]}}}, "vector_memory.py": {"executed_lines": [1, 7, 9, 11, 12, 13, 14, 15, 16, 17, 18, 19, 20, 21, 23, 24, 25, 27, 28, 32, 33, 37, 38, 39, 40, 42, 43, 47, 48, 59, 60, 63, 64, 66, 67, 69, 70, 71, 72, 75, 76, 77, 79, 80, 81, 84, 85, 86, 87, 88, 89, 90, 91, 92, 93, 94, 95, 98, 116, 117, 118, 119, 120, 121, 122, 123, 124, 125, 128, 129, 130, 131, 132, 133, 134, 135, 136, 137, 138, 139, 140, 141, 144, 145, 146, 147, 153, 154, 155, 160, 163, 164, 165, 166, 167, 168, 173, 180, 181, 182, 183, 186, 189, 190, 191, 192, 193, 195, 196, 197, 198, 199, 200, 201, 204, 206, 209, 210, 211, 212, 213, 219, 222, 223, 225, 226, 227, 230, 233, 235, 237, 240, 241, 242, 243, 244, 245, 246, 247, 248, 249, 250, 251, 252, 257, 259, 260, 261, 262, 263, 264, 265, 266, 267, 268, 270, 273, 276, 278, 279, 280, 281, 282, 283, 284, 287, 288, 289, 290, 291, 295, 296, 301, 302, 305, 307, 308, 311, 312, 313, 314, 315, 316, 317, 318, 319, 320, 321, 324, 332, 333, 334, 336, 337, 338, 339, 340, 341, 342, 343, 353, 354, 355, 356, 357, 358, 359, 360, 361, 362, 363, 365, 366, 367, 368, 369, 370, 371, 373, 374, 375, 376, 377, 378, 381, 389, 392, 399, 400, 401, 402, 403, 404, 405, 408, 409, 410, 411, 412, 413, 414, 415, 416, 417, 420, 424, 425, 426, 427, 428, 429, 430, 431, 432, 433, 434, 435, 436, 437, 438, 439, 442, 443, 444, 445, 446, 447, 448, 449, 450, 453, 454, 455, 456, 459, 461, 464, 466, 467, 468, 469, 470, 471, 474, 477, 478, 479, 481, 482, 484, 485, 486, 487, 488, 493, 494, 495, 496, 501, 504, 505, 506, 507, 508, 509, 510, 511, 512, 513, 518, 520, 521, 522, 524, 525, 526, 527, 529, 532, 535, 536, 537, 538, 539, 540, 541, 543, 544, 545, 546, 547, 548, 549, 550, 551, 552, 553, 554, 557, 560, 563, 564, 565, 566, 572, 574, 575, 576, 577, 578, 579, 582, 585, 586, 587, 589, 590, 591, 593, 594, 595, 598, 599, 600, 601, 602, 603, 604, 605, 611, 612, 613, 614, 615, 616, 619, 626, 627, 628, 629, 630, 631, 633, 634, 636, 637, 638, 643, 644, 645, 646, 649, 652, 655, 656, 657, 659, 660, 661, 662, 663, 664, 665, 666, 667, 670], "summary": {"covered_lines": 378, "num_statements": 394, "percent_covered": 93.44569288389513, "percent_covered_display": "93", "missing_lines": 16, "excluded_lines": 64, "num_branches": 140, "num_partial_branches": 19, "covered_branches": 121, "missing_branches": 19}, "missing_lines": [236, 286, 297, 298, 347, 348, 407, 460, 515, 523, 528, 573, 588, 592, 596, 658], "excluded_lines": [27, 28, 29, 30, 32, 33, 34, 35, 37, 38, 39, 40, 42, 43, 44, 45, 47, 48, 49, 51, 52, 53, 55, 56, 156, 157, 169, 170, 206, 207, 226, 227, 228, 229, 253, 254, 271, 272, 299, 300, 314, 315, 412, 413, 414, 457, 458, 497, 498, 555, 556, 577, 578, 579, 606, 607, 608, 609, 610, 647, 648, 665, 666, 667], "executed_branches": [[116, 117], [116, 120], [120, 121], [120, 122], [122, 123], [122, 128], [123, 124], [123, 125], [128, 129], [128, 131], [134, 135], [134, 136], [136, 137], [136, 138], [138, -98], [138, 139], [181, 182], [181, 183], [189, 190], [189, 195], [210, 211], [210, 230], [212, 213], [212, 219], [222, 223], [222, 225], [235, 237], [243, 244], [243, 245], [245, 246], [245, 249], [246, 247], [246, 249], [247, 246], [247, 248], [249, -240], [249, 250], [260, 261], [260, 262], [267, 268], [267, 270], [283, 284], [296, 301], [307, -305], [307, 308], [317, 318], [317, 319], [319, 320], [319, 321], [341, 342], [353, 354], [353, 377], [354, 355], [354, 362], [356, 357], [356, 360], [357, 356], [357, 358], [360, 361], [360, 362], [362, 363], [362, 365], [368, 369], [368, 370], [370, 371], [370, 373], [404, 405], [410, 411], [410, 415], [426, 427], [426, 438], [427, 428], [427, 435], [429, 430], [429, 433], [430, 429], [430, 431], [433, 434], [433, 435], [445, 446], [445, 448], [446, 445], [446, 447], [448, 449], [454, -453], [454, 455], [459, 461], [466, 467], [466, 468], [478, 479], [478, 481], [506, 507], [506, 520], [507, 508], [510, 511], [511, 510], [511, 512], [520, 521], [522, 524], [527, 529], [540, 541], [540, 543], [552, 553], [552, 557], [564, 565], [564, 566], [572, 574], [587, 589], [591, 593], [594, 595], [594, 600], [595, 598], [612, 613], [612, 616], [614, 615], [629, 630], [629, 633], [644, 645], [657, 659], [661, 662], [661, 663]], "missing_branches": [[235, 236], [283, 286], [296, 297], [341, 347], [404, 407], [448, -442], [459, 460], [507, 518], [510, 515], [520, 525], [522, 523], [527, 528], [572, 573], [587, 588], [591, 592], [595, 596], [614, 612], [644, 649], [657, 658]], "functions": {"_default_embed": {"executed_lines": [60], "summary": {"covered_lines": 1, "num_statements": 1, "percent_covered": 100.0, "percent_covered_display": "100", "missing_lines": 0, "excluded_lines": 0, "num_branches": 0, "num_partial_branches": 0, "covered_branches": 0, "missing_branches": 0}, "missing_lines": [], "excluded_lines": [], "executed_branches": [], "missing_branches": []}, "configure": {"executed_lines": [116, 117, 118, 119, 120, 121, 122, 123, 124, 125, 128, 129, 130, 131, 132, 133, 134, 135, 136, 137, 138, 139, 140, 141], "summary": {"covered_lines": 24, "num_statements": 24, "percent_covered": 100.0, "percent_covered_display": "100", "missing_lines": 0, "excluded_lines": 0, "num_branches": 16, "num_partial_branches": 0, "covered_branches": 16, "missing_branches": 0}, "missing_lines": [], "excluded_lines": [], "executed_branches": [[116, 117], [116, 120], [120, 121], [120, 122], [122, 123], [122, 128], [123, 124], [123, 125], [128, 129], [128, 131], [134, 135], [134, 136], [136, 137], [136, 138], [138, -98], [138, 139]], "missing_branches": []}, "_log": {"executed_lines": [145, 146, 147, 153, 154, 155], "summary": {"covered_lines": 6, "num_statements": 6, "percent_covered": 100.0, "percent_covered_display": "100", "missing_lines": 0, "excluded_lines": 2, "num_branches": 0, "num_partial_branches": 0, "covered_branches": 0, "missing_branches": 0}, "missing_lines": [], "excluded_lines": [156, 157], "executed_branches": [], "missing_branches": []}, "_log_narrative": {"executed_lines": [163, 164, 165, 166, 167, 168], "summary": {"covered_lines": 6, "num_statements": 6, "percent_covered": 100.0, "percent_covered_display": "100", "missing_lines": 0, "excluded_lines": 2, "num_branches": 0, "num_partial_branches": 0, "covered_branches": 0, "missing_branches": 0}, "missing_lines": [], "excluded_lines": [169, 170], "executed_branches": [], "missing_branches": []}, "embed_text": {"executed_lines": [180, 181, 182, 183], "summary": {"covered_lines": 4, "num_statements": 4, "percent_covered": 100.0, "percent_covered_display": "100", "missing_lines": 0, "excluded_lines": 0, "num_branches": 2, "num_partial_branches": 0, "covered_branches": 2, "missing_branches": 0}, "missing_lines": [], "excluded_lines": [], "executed_branches": [[181, 182], [181, 183]], "missing_branches": []}, "cosine_similarity": {"executed_lines": [189, 190, 191, 192, 193, 195, 196, 197, 198, 199, 200, 201], "summary": {"covered_lines": 12, "num_statements": 12, "percent_covered": 100.0, "percent_covered_display": "100", "missing_lines": 0, "excluded_lines": 0, "num_branches": 2, "num_partial_branches": 0, "covered_branches": 2, "missing_branches": 0}, "missing_lines": [], "excluded_lines": [], "executed_branches": [[189, 190], [189, 195]], "missing_branches": []}, "_get_store": {"executed_lines": [206, 209, 210, 211, 212, 213, 219, 222, 223, 225, 226, 227, 230], "summary": {"covered_lines": 10, "num_statements": 10, "percent_covered": 100.0, "percent_covered_display": "100", "missing_lines": 0, "excluded_lines": 6, "num_branches": 6, "num_partial_branches": 0, "covered_branches": 6, "missing_branches": 0}, "missing_lines": [], "excluded_lines": [206, 207, 226, 227, 228, 229], "executed_branches": [[210, 211], [210, 230], [212, 213], [212, 219], [222, 223], [222, 225]], "missing_branches": []}, "_get_collection": {"executed_lines": [235, 237], "summary": {"covered_lines": 2, "num_statements": 3, "percent_covered": 60.0, "percent_covered_display": "60", "missing_lines": 1, "excluded_lines": 0, "num_branches": 2, "num_partial_branches": 1, "covered_branches": 1, "missing_branches": 1}, "missing_lines": [236], "excluded_lines": [], "executed_branches": [[235, 237]], "missing_branches": [[235, 236]]}, "_vacuum_files": {"executed_lines": [241, 242, 243, 244, 245, 246, 247, 248, 249, 250, 251, 252], "summary": {"covered_lines": 12, "num_statements": 12, "percent_covered": 100.0, "percent_covered_display": "100", "missing_lines": 0, "excluded_lines": 2, "num_branches": 10, "num_partial_branches": 0, "covered_branches": 10, "missing_branches": 0}, "missing_lines": [], "excluded_lines": [253, 254], "executed_branches": [[243, 244], [243, 245], [245, 246], [245, 249], [246, 247], [246, 249], [247, 246], [247, 248], [249, -240], [249, 250]], "missing_branches": []}, "_after_write": {"executed_lines": [259, 260, 261, 262, 263, 264, 265, 266, 267, 268, 270, 273], "summary": {"covered_lines": 12, "num_statements": 12, "percent_covered": 100.0, "percent_covered_display": "100", "missing_lines": 0, "excluded_lines": 2, "num_branches": 4, "num_partial_branches": 0, "covered_branches": 4, "missing_branches": 0}, "missing_lines": [], "excluded_lines": [271, 272], "executed_branches": [[260, 261], [260, 262], [267, 268], [267, 270]], "missing_branches": []}, "add_vector": {"executed_lines": [278, 279, 280, 281, 282, 283, 284, 287, 288, 289, 290, 291, 295, 296, 301, 302], "summary": {"covered_lines": 16, "num_statements": 19, "percent_covered": 78.26086956521739, "percent_covered_display": "78", "missing_lines": 3, "excluded_lines": 2, "num_branches": 4, "num_partial_branches": 2, "covered_branches": 2, "missing_branches": 2}, "missing_lines": [286, 297, 298], "excluded_lines": [299, 300], "executed_branches": [[283, 284], [296, 301]], "missing_branches": [[283, 286], [296, 297]]}, "add_vectors": {"executed_lines": [307, 308], "summary": {"covered_lines": 2, "num_statements": 2, "percent_covered": 100.0, "percent_covered_display": "100", "missing_lines": 0, "excluded_lines": 0, "num_branches": 2, "num_partial_branches": 0, "covered_branches": 2, "missing_branches": 0}, "missing_lines": [], "excluded_lines": [], "executed_branches": [[307, -305], [307, 308]], "missing_branches": []}, "_decay": {"executed_lines": [312, 313, 314, 315, 316, 317, 318, 319, 320, 321], "summary": {"covered_lines": 8, "num_statements": 8, "percent_covered": 100.0, "percent_covered_display": "100", "missing_lines": 0, "excluded_lines": 2, "num_branches": 4, "num_partial_branches": 0, "covered_branches": 4, "missing_branches": 0}, "missing_lines": [], "excluded_lines": [314, 315], "executed_branches": [[317, 318], [317, 319], [319, 320], [319, 321]], "missing_branches": []}, "search": {"executed_lines": [332, 333, 334, 336, 337, 338, 339, 340, 341, 342, 343, 353, 354, 355, 356, 357, 358, 359, 360, 361, 362, 363, 365, 366, 367, 368, 369, 370, 371, 373, 374, 375, 376, 377, 378], "summary": {"covered_lines": 35, "num_statements": 37, "percent_covered": 94.54545454545455, "percent_covered_display": "95", "missing_lines": 2, "excluded_lines": 0, "num_branches": 18, "num_partial_branches": 1, "covered_branches": 17, "missing_branches": 1}, "missing_lines": [347, 348], "excluded_lines": [], "executed_branches": [[341, 342], [353, 354], [353, 377], [354, 355], [354, 362], [356, 357], [356, 360], [357, 356], [357, 358], [360, 361], [360, 362], [362, 363], [362, 365], [368, 369], [368, 370], [370, 371], [370, 373]], "missing_branches": [[341, 347]]}, "search_batch": {"executed_lines": [389], "summary": {"covered_lines": 1, "num_statements": 1, "percent_covered": 100.0, "percent_covered_display": "100", "missing_lines": 0, "excluded_lines": 0, "num_branches": 0, "num_partial_branches": 0, "covered_branches": 0, "missing_branches": 0}, "missing_lines": [], "excluded_lines": [], "executed_branches": [], "missing_branches": []}, "rewrite_vector": {"executed_lines": [399, 400, 401, 402, 403, 404, 405, 408, 409, 410, 411, 412, 413, 414, 415, 416, 417], "summary": {"covered_lines": 14, "num_statements": 15, "percent_covered": 89.47368421052632, "percent_covered_display": "89", "missing_lines": 1, "excluded_lines": 3, "num_branches": 4, "num_partial_branches": 1, "covered_branches": 3, "missing_branches": 1}, "missing_lines": [407], "excluded_lines": [412, 413, 414], "executed_branches": [[404, 405], [410, 411], [410, 415]], "missing_branches": [[404, 407]]}, "query_vectors": {"executed_lines": [424, 425, 426, 427, 428, 429, 430, 431, 432, 433, 434, 435, 436, 437, 438, 439], "summary": {"covered_lines": 16, "num_statements": 16, "percent_covered": 100.0, "percent_covered_display": "100", "missing_lines": 0, "excluded_lines": 0, "num_branches": 10, "num_partial_branches": 0, "covered_branches": 10, "missing_branches": 0}, "missing_lines": [], "excluded_lines": [], "executed_branches": [[426, 427], [426, 438], [427, 428], [427, 435], [429, 430], [429, 433], [430, 429], [430, 431], [433, 434], [433, 435]], "missing_branches": []}, "_compact": {"executed_lines": [443, 444, 445, 446, 447, 448, 449, 450], "summary": {"covered_lines": 8, "num_statements": 8, "percent_covered": 92.85714285714286, "percent_covered_display": "93", "missing_lines": 0, "excluded_lines": 0, "num_branches": 6, "num_partial_branches": 1, "covered_branches": 5, "missing_branches": 1}, "missing_lines": [], "excluded_lines": [], "executed_branches": [[445, 446], [445, 448], [446, 445], [446, 447], [448, 449]], "missing_branches": [[448, -442]]}, "_compactor": {"executed_lines": [454, 455, 456, 459, 461], "summary": {"covered_lines": 5, "num_statements": 6, "percent_covered": 80.0, "percent_covered_display": "80", "missing_lines": 1, "excluded_lines": 2, "num_branches": 4, "num_partial_branches": 1, "covered_branches": 3, "missing_branches": 1}, "missing_lines": [460], "excluded_lines": [457, 458], "executed_branches": [[454, -453], [454, 455], [459, 461]], "missing_branches": [[459, 460]]}, "_start_compaction_thread": {"executed_lines": [466, 467, 468, 469, 470, 471], "summary": {"covered_lines": 6, "num_statements": 6, "percent_covered": 100.0, "percent_covered_display": "100", "missing_lines": 0, "excluded_lines": 0, "num_branches": 2, "num_partial_branches": 0, "covered_branches": 2, "missing_branches": 0}, "missing_lines": [], "excluded_lines": [], "executed_branches": [[466, 467], [466, 468]], "missing_branches": []}, "snapshot": {"executed_lines": [477, 478, 479, 481, 482, 484, 485, 486, 487, 488, 493, 494, 495, 496], "summary": {"covered_lines": 14, "num_statements": 14, "percent_covered": 100.0, "percent_covered_display": "100", "missing_lines": 0, "excluded_lines": 2, "num_branches": 2, "num_partial_branches": 0, "covered_branches": 2, "missing_branches": 0}, "missing_lines": [], "excluded_lines": [497, 498], "executed_branches": [[478, 479], [478, 481]], "missing_branches": []}, "restore": {"executed_lines": [504, 505, 506, 507, 508, 509, 510, 511, 512, 513, 518, 520, 521, 522, 524, 525, 526, 527, 529], "summary": {"covered_lines": 19, "num_statements": 22, "percent_covered": 77.77777777777777, "percent_covered_display": "78", "missing_lines": 3, "excluded_lines": 0, "num_branches": 14, "num_partial_branches": 5, "covered_branches": 9, "missing_branches": 5}, "missing_lines": [515, 523, 528], "excluded_lines": [], "executed_branches": [[506, 507], [506, 520], [507, 508], [510, 511], [511, 510], [511, 512], [520, 521], [522, 524], [527, 529]], "missing_branches": [[507, 518], [510, 515], [520, 525], [522, 523], [527, 528]]}, "persist_snapshot": {"executed_lines": [535, 536, 537, 538, 539, 540, 541, 543, 544, 545, 546, 547, 548, 549, 550, 551, 552, 553, 554, 557], "summary": {"covered_lines": 20, "num_statements": 20, "percent_covered": 100.0, "percent_covered_display": "100", "missing_lines": 0, "excluded_lines": 2, "num_branches": 4, "num_partial_branches": 0, "covered_branches": 4, "missing_branches": 0}, "missing_lines": [], "excluded_lines": [555, 556], "executed_branches": [[540, 541], [540, 543], [552, 553], [552, 557]], "missing_branches": []}, "restore_latest_snapshot": {"executed_lines": [563, 564, 565, 566, 572, 574, 575, 576, 577, 578, 579], "summary": {"covered_lines": 8, "num_statements": 9, "percent_covered": 84.61538461538461, "percent_covered_display": "85", "missing_lines": 1, "excluded_lines": 3, "num_branches": 4, "num_partial_branches": 1, "covered_branches": 3, "missing_branches": 1}, "missing_lines": [573], "excluded_lines": [577, 578, 579], "executed_branches": [[564, 565], [564, 566], [572, 574]], "missing_branches": [[572, 573]]}, "cluster_vectors": {"executed_lines": [585, 586, 587, 589, 590, 591, 593, 594, 595, 598, 599, 600, 601, 602, 603, 604, 605, 611, 612, 613, 614, 615, 616], "summary": {"covered_lines": 23, "num_statements": 26, "percent_covered": 81.57894736842105, "percent_covered_display": "82", "missing_lines": 3, "excluded_lines": 5, "num_branches": 12, "num_partial_branches": 4, "covered_branches": 8, "missing_branches": 4}, "missing_lines": [588, 592, 596], "excluded_lines": [606, 607, 608, 609, 610], "executed_branches": [[587, 589], [591, 593], [594, 595], [594, 600], [595, 598], [612, 613], [612, 616], [614, 615]], "missing_branches": [[587, 588], [591, 592], [595, 596], [614, 612]]}, "persist_clusters": {"executed_lines": [626, 627, 628, 629, 630, 631, 633, 634, 636, 637, 638, 643, 644, 645, 646, 649], "summary": {"covered_lines": 16, "num_statements": 16, "percent_covered": 95.0, "percent_covered_display": "95", "missing_lines": 0, "excluded_lines": 2, "num_branches": 4, "num_partial_branches": 1, "covered_branches": 3, "missing_branches": 1}, "missing_lines": [], "excluded_lines": [647, 648], "executed_branches": [[629, 630], [629, 633], [644, 645]], "missing_branches": [[644, 649]]}, "load_latest_clusters": {"executed_lines": [655, 656, 657, 659, 660, 661, 662, 663, 664, 665, 666, 667], "summary": {"covered_lines": 9, "num_statements": 10, "percent_covered": 85.71428571428571, "percent_covered_display": "86", "missing_lines": 1, "excluded_lines": 3, "num_branches": 4, "num_partial_branches": 1, "covered_branches": 3, "missing_branches": 1}, "missing_lines": [658], "excluded_lines": [665, 666, 667], "executed_branches": [[657, 659], [661, 662], [661, 663]], "missing_branches": [[657, 658]]}, "": {"executed_lines": [1, 7, 9, 11, 12, 13, 14, 15, 16, 17, 18, 19, 20, 21, 23, 24, 25, 27, 28, 32, 33, 37, 38, 39, 40, 42, 43, 47, 48, 59, 63, 64, 66, 67, 69, 70, 71, 72, 75, 76, 77, 79, 80, 81, 84, 85, 86, 87, 88, 89, 90, 91, 92, 93, 94, 95, 98, 144, 160, 173, 186, 204, 233, 240, 257, 276, 305, 311, 324, 381, 392, 420, 442, 453, 464, 474, 501, 532, 560, 582, 619, 652, 670], "summary": {"covered_lines": 69, "num_statements": 69, "percent_covered": 100.0, "percent_covered_display": "100", "missing_lines": 0, "excluded_lines": 24, "num_branches": 0, "num_partial_branches": 0, "covered_branches": 0, "missing_branches": 0}, "missing_lines": [], "excluded_lines": [27, 28, 29, 30, 32, 33, 34, 35, 37, 38, 39, 40, 42, 43, 44, 45, 47, 48, 49, 51, 52, 53, 55, 56], "executed_branches": [], "missing_branches": []}}, "classes": {"VersionInfo": {"executed_lines": [], "summary": {"covered_lines": 0, "num_statements": 0, "percent_covered": 100.0, "percent_covered_display": "100", "missing_lines": 0, "excluded_lines": 0, "num_branches": 0, "num_partial_branches": 0, "covered_branches": 0, "missing_branches": 0}, "missing_lines": [], "excluded_lines": [], "executed_branches": [], "missing_branches": []}, "": {"executed_lines": [1, 7, 9, 11, 12, 13, 14, 15, 16, 17, 18, 19, 20, 21, 23, 24, 25, 27, 28, 32, 33, 37, 38, 39, 40, 42, 43, 47, 48, 59, 60, 63, 64, 66, 67, 69, 70, 71, 72, 75, 76, 77, 79, 80, 81, 84, 85, 86, 87, 88, 89, 90, 91, 92, 93, 94, 95, 98, 116, 117, 118, 119, 120, 121, 122, 123, 124, 125, 128, 129, 130, 131, 132, 133, 134, 135, 136, 137, 138, 139, 140, 141, 144, 145, 146, 147, 153, 154, 155, 160, 163, 164, 165, 166, 167, 168, 173, 180, 181, 182, 183, 186, 189, 190, 191, 192, 193, 195, 196, 197, 198, 199, 200, 201, 204, 206, 209, 210, 211, 212, 213, 219, 222, 223, 225, 226, 227, 230, 233, 235, 237, 240, 241, 242, 243, 244, 245, 246, 247, 248, 249, 250, 251, 252, 257, 259, 260, 261, 262, 263, 264, 265, 266, 267, 268, 270, 273, 276, 278, 279, 280, 281, 282, 283, 284, 287, 288, 289, 290, 291, 295, 296, 301, 302, 305, 307, 308, 311, 312, 313, 314, 315, 316, 317, 318, 319, 320, 321, 324, 332, 333, 334, 336, 337, 338, 339, 340, 341, 342, 343, 353, 354, 355, 356, 357, 358, 359, 360, 361, 362, 363, 365, 366, 367, 368, 369, 370, 371, 373, 374, 375, 376, 377, 378, 381, 389, 392, 399, 400, 401, 402, 403, 404, 405, 408, 409, 410, 411, 412, 413, 414, 415, 416, 417, 420, 424, 425, 426, 427, 428, 429, 430, 431, 432, 433, 434, 435, 436, 437, 438, 439, 442, 443, 444, 445, 446, 447, 448, 449, 450, 453, 454, 455, 456, 459, 461, 464, 466, 467, 468, 469, 470, 471, 474, 477, 478, 479, 481, 482, 484, 485, 486, 487, 488, 493, 494, 495, 496, 501, 504, 505, 506, 507, 508, 509, 510, 511, 512, 513, 518, 520, 521, 522, 524, 525, 526, 527, 529, 532, 535, 536, 537, 538, 539, 540, 541, 543, 544, 545, 546, 547, 548, 549, 550, 551, 552, 553, 554, 557, 560, 563, 564, 565, 566, 572, 574, 575, 576, 577, 578, 579, 582, 585, 586, 587, 589, 590, 591, 593, 594, 595, 598, 599, 600, 601, 602, 603, 604, 605, 611, 612, 613, 614, 615, 616, 619, 626, 627, 628, 629, 630, 631, 633, 634, 636, 637, 638, 643, 644, 645, 646, 649, 652, 655, 656, 657, 659, 660, 661, 662, 663, 664, 665, 666, 667, 670], "summary": {"covered_lines": 378, "num_statements": 394, "percent_covered": 93.44569288389513, "percent_covered_display": "93", "missing_lines": 16, "excluded_lines": 64, "num_branches": 140, "num_partial_branches": 19, "covered_branches": 121, "missing_branches": 19}, "missing_lines": [236, 286, 297, 298, 347, 348, 407, 460, 515, 523, 528, 573, 588, 592, 596, 658], "excluded_lines": [27, 28, 29, 30, 32, 33, 34, 35, 37, 38, 39, 40, 42, 43, 44, 45, 47, 48, 49, 51, 52, 53, 55, 56, 156, 157, 169, 170, 206, 207, 226, 227, 228, 229, 253, 254, 271, 272, 299, 300, 314, 315, 412, 413, 414, 457, 458, 497, 498, 555, 556, 577, 578, 579, 606, 607, 608, 609, 610, 647, 648, 665, 666, 667], "executed_branches": [[116, 117], [116, 120], [120, 121], [120, 122], [122, 123], [122, 128], [123, 124], [123, 125], [128, 129], [128, 131], [134, 135], [134, 136], [136, 137], [136, 138], [138, -98], [138, 139], [181, 182], [181, 183], [189, 190], [189, 195], [210, 211], [210, 230], [212, 213], [212, 219], [222, 223], [222, 225], [235, 237], [243, 244], [243, 245], [245, 246], [245, 249], [246, 247], [246, 249], [247, 246], [247, 248], [249, -240], [249, 250], [260, 261], [260, 262], [267, 268], [267, 270], [283, 284], [296, 301], [307, -305], [307, 308], [317, 318], [317, 319], [319, 320], [319, 321], [341, 342], [353, 354], [353, 377], [354, 355], [354, 362], [356, 357], [356, 360], [357, 356], [357, 358], [360, 361], [360, 362], [362, 363], [362, 365], [368, 369], [368, 370], [370, 371], [370, 373], [404, 405], [410, 411], [410, 415], [426, 427], [426, 438], [427, 428], [427, 435], [429, 430], [429, 433], [430, 429], [430, 431], [433, 434], [433, 435], [445, 446], [445, 448], [446, 445], [446, 447], [448, 449], [454, -453], [454, 455], [459, 461], [466, 467], [466, 468], [478, 479], [478, 481], [506, 507], [506, 520], [507, 508], [510, 511], [511, 510], [511, 512], [520, 521], [522, 524], [527, 529], [540, 541], [540, 543], [552, 553], [552, 557], [564, 565], [564, 566], [572, 574], [587, 589], [591, 593], [594, 595], [594, 600], [595, 598], [612, 613], [612, 616], [614, 615], [629, 630], [629, 633], [644, 645], [657, 659], [661, 662], [661, 663]], "missing_branches": [[235, 236], [283, 286], [296, 297], [341, 347], [404, 407], [448, -442], [459, 460], [507, 518], [510, 515], [520, 525], [522, 523], [527, 528], [572, 573], [587, 588], [591, 592], [595, 596], [614, 612], [644, 649], [657, 658]]}}}}, "totals": {"covered_lines": 976, "num_statements": 1027, "percent_covered": 92.94823705926481, "percent_covered_display": "93", "missing_lines": 51, "excluded_lines": 155, "num_branches": 306, "num_partial_branches": 41, "covered_branches": 263, "missing_branches": 43}}